[2022-05-01 01:17:08,519] {taskinstance.py:1043} INFO - Dependencies all met for <TaskInstance: podsight_ETL.extract_podsight_data scheduled__2022-04-24T00:00:00+00:00 [queued]>
[2022-05-01 01:17:08,589] {taskinstance.py:1043} INFO - Dependencies all met for <TaskInstance: podsight_ETL.extract_podsight_data scheduled__2022-04-24T00:00:00+00:00 [queued]>
[2022-05-01 01:17:08,590] {taskinstance.py:1249} INFO - 
--------------------------------------------------------------------------------
[2022-05-01 01:17:08,597] {taskinstance.py:1250} INFO - Starting attempt 4 of 6
[2022-05-01 01:17:08,598] {taskinstance.py:1251} INFO - 
--------------------------------------------------------------------------------
[2022-05-01 01:17:08,640] {taskinstance.py:1270} INFO - Executing <Task(BashOperator): extract_podsight_data> on 2022-04-24 00:00:00+00:00
[2022-05-01 01:17:08,655] {standard_task_runner.py:52} INFO - Started process 290 to run task
[2022-05-01 01:17:08,686] {standard_task_runner.py:79} INFO - Running: ['***', 'tasks', 'run', 'podsight_ETL', 'extract_podsight_data', 'scheduled__2022-04-24T00:00:00+00:00', '--job-id', '24', '--raw', '--subdir', 'DAGS_FOLDER/podsight_ETL.py', '--cfg-path', '/tmp/tmp6g0sg8df', '--error-file', '/tmp/tmpg_9l4rtx']
[2022-05-01 01:17:08,688] {standard_task_runner.py:80} INFO - Job 24: Subtask extract_podsight_data
[2022-05-01 01:17:08,987] {logging_mixin.py:109} INFO - Running <TaskInstance: podsight_ETL.extract_podsight_data scheduled__2022-04-24T00:00:00+00:00 [running]> on host 4002ff4fcea6
[2022-05-01 01:17:09,251] {taskinstance.py:1448} INFO - Exporting the following env vars:
AIRFLOW_CTX_DAG_OWNER=***
AIRFLOW_CTX_DAG_ID=podsight_ETL
AIRFLOW_CTX_TASK_ID=extract_podsight_data
AIRFLOW_CTX_EXECUTION_DATE=2022-04-24T00:00:00+00:00
AIRFLOW_CTX_DAG_RUN_ID=scheduled__2022-04-24T00:00:00+00:00
[2022-05-01 01:17:09,254] {subprocess.py:62} INFO - Tmp dir root location: 
 /tmp
[2022-05-01 01:17:09,257] {subprocess.py:74} INFO - Running command: ['bash', '-c', 'python3 "/Users/hamza.ahmed/Coding Projects/Python_Apps/API Access/Podsights/podsight_API_JumpCloud.py"']
[2022-05-01 01:17:09,327] {subprocess.py:85} INFO - Output:
[2022-05-01 01:17:09,886] {subprocess.py:89} INFO - python3: can't open file '/Users/hamza.ahmed/Coding Projects/Python_Apps/API Access/Podsights/podsight_API_JumpCloud.py': [Errno 2] No such file or directory
[2022-05-01 01:17:09,900] {subprocess.py:93} INFO - Command exited with return code 2
[2022-05-01 01:17:09,940] {taskinstance.py:1774} ERROR - Task failed with exception
Traceback (most recent call last):
  File "/home/airflow/.local/lib/python3.7/site-packages/airflow/operators/bash.py", line 188, in execute
    f'Bash command failed. The command returned a non-zero exit code {result.exit_code}.'
airflow.exceptions.AirflowException: Bash command failed. The command returned a non-zero exit code 2.
[2022-05-01 01:17:09,974] {taskinstance.py:1288} INFO - Marking task as UP_FOR_RETRY. dag_id=podsight_ETL, task_id=extract_podsight_data, execution_date=20220424T000000, start_date=20220501T011708, end_date=20220501T011709
[2022-05-01 01:17:10,098] {standard_task_runner.py:98} ERROR - Failed to execute job 24 for task extract_podsight_data (Bash command failed. The command returned a non-zero exit code 2.; 290)
[2022-05-01 01:17:10,199] {local_task_job.py:154} INFO - Task exited with return code 1
[2022-05-01 01:17:10,298] {local_task_job.py:264} INFO - 0 downstream tasks scheduled from follow-on schedule check
