[2022-08-12 18:22:37,039] {processor.py:163} INFO - Started process (PID=40) to work on /opt/airflow/dags/ETL_script.py
[2022-08-12 18:22:37,042] {processor.py:642} INFO - Processing file /opt/airflow/dags/ETL_script.py for tasks to queue
[2022-08-12 18:22:37,047] {logging_mixin.py:109} INFO - [2022-08-12 18:22:37,046] {dagbag.py:500} INFO - Filling up the DagBag from /opt/airflow/dags/ETL_script.py
[2022-08-12 18:22:37,165] {processor.py:652} INFO - DAG(s) dict_keys(['ETL_script']) retrieved from /opt/airflow/dags/ETL_script.py
[2022-08-12 18:22:37,260] {logging_mixin.py:109} INFO - [2022-08-12 18:22:37,260] {dag.py:2398} INFO - Sync 1 DAGs
[2022-08-12 18:22:37,282] {logging_mixin.py:109} INFO - [2022-08-12 18:22:37,282] {dag.py:2937} INFO - Setting next_dagrun for ETL_script to 2022-07-31 00:00:00+00:00
[2022-08-12 18:22:37,295] {processor.py:171} INFO - Processing /opt/airflow/dags/ETL_script.py took 0.265 seconds
[2022-08-12 18:23:07,375] {processor.py:163} INFO - Started process (PID=62) to work on /opt/airflow/dags/ETL_script.py
[2022-08-12 18:23:07,377] {processor.py:642} INFO - Processing file /opt/airflow/dags/ETL_script.py for tasks to queue
[2022-08-12 18:23:07,378] {logging_mixin.py:109} INFO - [2022-08-12 18:23:07,378] {dagbag.py:500} INFO - Filling up the DagBag from /opt/airflow/dags/ETL_script.py
[2022-08-12 18:23:07,397] {processor.py:652} INFO - DAG(s) dict_keys(['ETL_script']) retrieved from /opt/airflow/dags/ETL_script.py
[2022-08-12 18:23:07,417] {logging_mixin.py:109} INFO - [2022-08-12 18:23:07,417] {dag.py:2398} INFO - Sync 1 DAGs
[2022-08-12 18:23:07,432] {logging_mixin.py:109} INFO - [2022-08-12 18:23:07,432] {dag.py:2937} INFO - Setting next_dagrun for ETL_script to 2022-07-31 00:00:00+00:00
[2022-08-12 18:23:07,440] {processor.py:171} INFO - Processing /opt/airflow/dags/ETL_script.py took 0.068 seconds
[2022-08-12 18:23:37,537] {processor.py:163} INFO - Started process (PID=94) to work on /opt/airflow/dags/ETL_script.py
[2022-08-12 18:23:37,538] {processor.py:642} INFO - Processing file /opt/airflow/dags/ETL_script.py for tasks to queue
[2022-08-12 18:23:37,539] {logging_mixin.py:109} INFO - [2022-08-12 18:23:37,539] {dagbag.py:500} INFO - Filling up the DagBag from /opt/airflow/dags/ETL_script.py
[2022-08-12 18:23:37,559] {processor.py:652} INFO - DAG(s) dict_keys(['ETL_script']) retrieved from /opt/airflow/dags/ETL_script.py
[2022-08-12 18:23:37,590] {logging_mixin.py:109} INFO - [2022-08-12 18:23:37,589] {dag.py:2398} INFO - Sync 1 DAGs
[2022-08-12 18:23:37,612] {logging_mixin.py:109} INFO - [2022-08-12 18:23:37,612] {dag.py:2937} INFO - Setting next_dagrun for ETL_script to 2022-07-31 00:00:00+00:00
[2022-08-12 18:23:37,635] {processor.py:171} INFO - Processing /opt/airflow/dags/ETL_script.py took 0.102 seconds
[2022-08-12 18:24:07,771] {processor.py:163} INFO - Started process (PID=117) to work on /opt/airflow/dags/ETL_script.py
[2022-08-12 18:24:07,774] {processor.py:642} INFO - Processing file /opt/airflow/dags/ETL_script.py for tasks to queue
[2022-08-12 18:24:07,775] {logging_mixin.py:109} INFO - [2022-08-12 18:24:07,775] {dagbag.py:500} INFO - Filling up the DagBag from /opt/airflow/dags/ETL_script.py
[2022-08-12 18:24:07,799] {processor.py:652} INFO - DAG(s) dict_keys(['ETL_script']) retrieved from /opt/airflow/dags/ETL_script.py
[2022-08-12 18:24:07,822] {logging_mixin.py:109} INFO - [2022-08-12 18:24:07,822] {dag.py:2398} INFO - Sync 1 DAGs
[2022-08-12 18:24:07,843] {logging_mixin.py:109} INFO - [2022-08-12 18:24:07,843] {dag.py:2937} INFO - Setting next_dagrun for ETL_script to 2022-07-31 00:00:00+00:00
[2022-08-12 18:24:07,855] {processor.py:171} INFO - Processing /opt/airflow/dags/ETL_script.py took 0.088 seconds
[2022-08-12 18:24:37,972] {processor.py:163} INFO - Started process (PID=151) to work on /opt/airflow/dags/ETL_script.py
[2022-08-12 18:24:37,974] {processor.py:642} INFO - Processing file /opt/airflow/dags/ETL_script.py for tasks to queue
[2022-08-12 18:24:37,975] {logging_mixin.py:109} INFO - [2022-08-12 18:24:37,975] {dagbag.py:500} INFO - Filling up the DagBag from /opt/airflow/dags/ETL_script.py
[2022-08-12 18:24:37,999] {processor.py:652} INFO - DAG(s) dict_keys(['ETL_script']) retrieved from /opt/airflow/dags/ETL_script.py
[2022-08-12 18:24:38,028] {logging_mixin.py:109} INFO - [2022-08-12 18:24:38,027] {dag.py:2398} INFO - Sync 1 DAGs
[2022-08-12 18:24:38,048] {logging_mixin.py:109} INFO - [2022-08-12 18:24:38,048] {dag.py:2937} INFO - Setting next_dagrun for ETL_script to 2022-07-31 00:00:00+00:00
[2022-08-12 18:24:38,080] {processor.py:171} INFO - Processing /opt/airflow/dags/ETL_script.py took 0.110 seconds
[2022-08-12 18:25:08,188] {processor.py:163} INFO - Started process (PID=184) to work on /opt/airflow/dags/ETL_script.py
[2022-08-12 18:25:08,190] {processor.py:642} INFO - Processing file /opt/airflow/dags/ETL_script.py for tasks to queue
[2022-08-12 18:25:08,191] {logging_mixin.py:109} INFO - [2022-08-12 18:25:08,191] {dagbag.py:500} INFO - Filling up the DagBag from /opt/airflow/dags/ETL_script.py
[2022-08-12 18:25:08,218] {processor.py:652} INFO - DAG(s) dict_keys(['ETL_script']) retrieved from /opt/airflow/dags/ETL_script.py
[2022-08-12 18:25:08,248] {logging_mixin.py:109} INFO - [2022-08-12 18:25:08,248] {dag.py:2398} INFO - Sync 1 DAGs
[2022-08-12 18:25:08,268] {logging_mixin.py:109} INFO - [2022-08-12 18:25:08,268] {dag.py:2937} INFO - Setting next_dagrun for ETL_script to 2022-07-31 00:00:00+00:00
[2022-08-12 18:25:08,278] {processor.py:171} INFO - Processing /opt/airflow/dags/ETL_script.py took 0.092 seconds
[2022-08-12 18:25:38,423] {processor.py:163} INFO - Started process (PID=208) to work on /opt/airflow/dags/ETL_script.py
[2022-08-12 18:25:38,425] {processor.py:642} INFO - Processing file /opt/airflow/dags/ETL_script.py for tasks to queue
[2022-08-12 18:25:38,426] {logging_mixin.py:109} INFO - [2022-08-12 18:25:38,426] {dagbag.py:500} INFO - Filling up the DagBag from /opt/airflow/dags/ETL_script.py
[2022-08-12 18:25:38,455] {processor.py:652} INFO - DAG(s) dict_keys(['ETL_script']) retrieved from /opt/airflow/dags/ETL_script.py
[2022-08-12 18:25:38,484] {logging_mixin.py:109} INFO - [2022-08-12 18:25:38,484] {dag.py:2398} INFO - Sync 1 DAGs
[2022-08-12 18:25:38,506] {logging_mixin.py:109} INFO - [2022-08-12 18:25:38,506] {dag.py:2937} INFO - Setting next_dagrun for ETL_script to 2022-07-31 00:00:00+00:00
[2022-08-12 18:25:38,516] {processor.py:171} INFO - Processing /opt/airflow/dags/ETL_script.py took 0.096 seconds
[2022-08-12 18:26:08,637] {processor.py:163} INFO - Started process (PID=239) to work on /opt/airflow/dags/ETL_script.py
[2022-08-12 18:26:08,640] {processor.py:642} INFO - Processing file /opt/airflow/dags/ETL_script.py for tasks to queue
[2022-08-12 18:26:08,641] {logging_mixin.py:109} INFO - [2022-08-12 18:26:08,641] {dagbag.py:500} INFO - Filling up the DagBag from /opt/airflow/dags/ETL_script.py
[2022-08-12 18:26:08,663] {processor.py:652} INFO - DAG(s) dict_keys(['ETL_script']) retrieved from /opt/airflow/dags/ETL_script.py
[2022-08-12 18:26:08,685] {logging_mixin.py:109} INFO - [2022-08-12 18:26:08,685] {dag.py:2398} INFO - Sync 1 DAGs
[2022-08-12 18:26:08,704] {logging_mixin.py:109} INFO - [2022-08-12 18:26:08,703] {dag.py:2937} INFO - Setting next_dagrun for ETL_script to 2022-07-31 00:00:00+00:00
[2022-08-12 18:26:08,717] {processor.py:171} INFO - Processing /opt/airflow/dags/ETL_script.py took 0.082 seconds
[2022-08-12 18:26:38,829] {processor.py:163} INFO - Started process (PID=259) to work on /opt/airflow/dags/ETL_script.py
[2022-08-12 18:26:38,831] {processor.py:642} INFO - Processing file /opt/airflow/dags/ETL_script.py for tasks to queue
[2022-08-12 18:26:38,832] {logging_mixin.py:109} INFO - [2022-08-12 18:26:38,832] {dagbag.py:500} INFO - Filling up the DagBag from /opt/airflow/dags/ETL_script.py
[2022-08-12 18:26:38,851] {processor.py:652} INFO - DAG(s) dict_keys(['ETL_script']) retrieved from /opt/airflow/dags/ETL_script.py
[2022-08-12 18:26:38,870] {logging_mixin.py:109} INFO - [2022-08-12 18:26:38,870] {dag.py:2398} INFO - Sync 1 DAGs
[2022-08-12 18:26:38,885] {logging_mixin.py:109} INFO - [2022-08-12 18:26:38,885] {dag.py:2937} INFO - Setting next_dagrun for ETL_script to 2022-07-31 00:00:00+00:00
[2022-08-12 18:26:38,893] {processor.py:171} INFO - Processing /opt/airflow/dags/ETL_script.py took 0.067 seconds
[2022-08-12 18:27:09,038] {processor.py:163} INFO - Started process (PID=290) to work on /opt/airflow/dags/ETL_script.py
[2022-08-12 18:27:09,041] {processor.py:642} INFO - Processing file /opt/airflow/dags/ETL_script.py for tasks to queue
[2022-08-12 18:27:09,043] {logging_mixin.py:109} INFO - [2022-08-12 18:27:09,043] {dagbag.py:500} INFO - Filling up the DagBag from /opt/airflow/dags/ETL_script.py
[2022-08-12 18:27:09,069] {processor.py:652} INFO - DAG(s) dict_keys(['ETL_script']) retrieved from /opt/airflow/dags/ETL_script.py
[2022-08-12 18:27:09,096] {logging_mixin.py:109} INFO - [2022-08-12 18:27:09,096] {dag.py:2398} INFO - Sync 1 DAGs
[2022-08-12 18:27:09,116] {logging_mixin.py:109} INFO - [2022-08-12 18:27:09,116] {dag.py:2937} INFO - Setting next_dagrun for ETL_script to 2022-07-31 00:00:00+00:00
[2022-08-12 18:27:09,126] {processor.py:171} INFO - Processing /opt/airflow/dags/ETL_script.py took 0.093 seconds
[2022-08-12 18:27:39,304] {processor.py:163} INFO - Started process (PID=312) to work on /opt/airflow/dags/ETL_script.py
[2022-08-12 18:27:39,307] {processor.py:642} INFO - Processing file /opt/airflow/dags/ETL_script.py for tasks to queue
[2022-08-12 18:27:39,309] {logging_mixin.py:109} INFO - [2022-08-12 18:27:39,309] {dagbag.py:500} INFO - Filling up the DagBag from /opt/airflow/dags/ETL_script.py
[2022-08-12 18:27:39,330] {processor.py:652} INFO - DAG(s) dict_keys(['ETL_script']) retrieved from /opt/airflow/dags/ETL_script.py
[2022-08-12 18:27:39,352] {logging_mixin.py:109} INFO - [2022-08-12 18:27:39,351] {dag.py:2398} INFO - Sync 1 DAGs
[2022-08-12 18:27:39,369] {logging_mixin.py:109} INFO - [2022-08-12 18:27:39,369] {dag.py:2937} INFO - Setting next_dagrun for ETL_script to 2022-07-31 00:00:00+00:00
[2022-08-12 18:27:39,378] {processor.py:171} INFO - Processing /opt/airflow/dags/ETL_script.py took 0.077 seconds
[2022-08-12 18:28:09,512] {processor.py:163} INFO - Started process (PID=346) to work on /opt/airflow/dags/ETL_script.py
[2022-08-12 18:28:09,515] {processor.py:642} INFO - Processing file /opt/airflow/dags/ETL_script.py for tasks to queue
[2022-08-12 18:28:09,516] {logging_mixin.py:109} INFO - [2022-08-12 18:28:09,516] {dagbag.py:500} INFO - Filling up the DagBag from /opt/airflow/dags/ETL_script.py
[2022-08-12 18:28:09,535] {processor.py:652} INFO - DAG(s) dict_keys(['ETL_script']) retrieved from /opt/airflow/dags/ETL_script.py
[2022-08-12 18:28:09,554] {logging_mixin.py:109} INFO - [2022-08-12 18:28:09,553] {dag.py:2398} INFO - Sync 1 DAGs
[2022-08-12 18:28:09,570] {logging_mixin.py:109} INFO - [2022-08-12 18:28:09,570] {dag.py:2937} INFO - Setting next_dagrun for ETL_script to 2022-07-31 00:00:00+00:00
[2022-08-12 18:28:09,579] {processor.py:171} INFO - Processing /opt/airflow/dags/ETL_script.py took 0.070 seconds
[2022-08-12 18:28:39,734] {processor.py:163} INFO - Started process (PID=368) to work on /opt/airflow/dags/ETL_script.py
[2022-08-12 18:28:39,737] {processor.py:642} INFO - Processing file /opt/airflow/dags/ETL_script.py for tasks to queue
[2022-08-12 18:28:39,739] {logging_mixin.py:109} INFO - [2022-08-12 18:28:39,739] {dagbag.py:500} INFO - Filling up the DagBag from /opt/airflow/dags/ETL_script.py
[2022-08-12 18:28:39,780] {processor.py:652} INFO - DAG(s) dict_keys(['ETL_script']) retrieved from /opt/airflow/dags/ETL_script.py
[2022-08-12 18:28:39,845] {logging_mixin.py:109} INFO - [2022-08-12 18:28:39,845] {dag.py:2398} INFO - Sync 1 DAGs
[2022-08-12 18:28:39,871] {logging_mixin.py:109} INFO - [2022-08-12 18:28:39,870] {dag.py:2937} INFO - Setting next_dagrun for ETL_script to 2022-07-31 00:00:00+00:00
[2022-08-12 18:28:39,887] {processor.py:171} INFO - Processing /opt/airflow/dags/ETL_script.py took 0.157 seconds
[2022-08-12 18:29:09,993] {processor.py:163} INFO - Started process (PID=403) to work on /opt/airflow/dags/ETL_script.py
[2022-08-12 18:29:09,995] {processor.py:642} INFO - Processing file /opt/airflow/dags/ETL_script.py for tasks to queue
[2022-08-12 18:29:09,997] {logging_mixin.py:109} INFO - [2022-08-12 18:29:09,997] {dagbag.py:500} INFO - Filling up the DagBag from /opt/airflow/dags/ETL_script.py
[2022-08-12 18:29:10,015] {processor.py:652} INFO - DAG(s) dict_keys(['ETL_script']) retrieved from /opt/airflow/dags/ETL_script.py
[2022-08-12 18:29:10,035] {logging_mixin.py:109} INFO - [2022-08-12 18:29:10,035] {dag.py:2398} INFO - Sync 1 DAGs
[2022-08-12 18:29:10,050] {logging_mixin.py:109} INFO - [2022-08-12 18:29:10,050] {dag.py:2937} INFO - Setting next_dagrun for ETL_script to 2022-07-31 00:00:00+00:00
[2022-08-12 18:29:10,059] {processor.py:171} INFO - Processing /opt/airflow/dags/ETL_script.py took 0.071 seconds
[2022-08-12 18:29:40,213] {processor.py:163} INFO - Started process (PID=426) to work on /opt/airflow/dags/ETL_script.py
[2022-08-12 18:29:40,217] {processor.py:642} INFO - Processing file /opt/airflow/dags/ETL_script.py for tasks to queue
[2022-08-12 18:29:40,219] {logging_mixin.py:109} INFO - [2022-08-12 18:29:40,219] {dagbag.py:500} INFO - Filling up the DagBag from /opt/airflow/dags/ETL_script.py
[2022-08-12 18:29:40,255] {processor.py:652} INFO - DAG(s) dict_keys(['ETL_script']) retrieved from /opt/airflow/dags/ETL_script.py
[2022-08-12 18:29:40,314] {logging_mixin.py:109} INFO - [2022-08-12 18:29:40,314] {dag.py:2398} INFO - Sync 1 DAGs
[2022-08-12 18:29:40,347] {logging_mixin.py:109} INFO - [2022-08-12 18:29:40,346] {dag.py:2937} INFO - Setting next_dagrun for ETL_script to 2022-07-31 00:00:00+00:00
[2022-08-12 18:29:40,359] {processor.py:171} INFO - Processing /opt/airflow/dags/ETL_script.py took 0.151 seconds
[2022-08-12 18:30:10,462] {processor.py:163} INFO - Started process (PID=458) to work on /opt/airflow/dags/ETL_script.py
[2022-08-12 18:30:10,463] {processor.py:642} INFO - Processing file /opt/airflow/dags/ETL_script.py for tasks to queue
[2022-08-12 18:30:10,464] {logging_mixin.py:109} INFO - [2022-08-12 18:30:10,464] {dagbag.py:500} INFO - Filling up the DagBag from /opt/airflow/dags/ETL_script.py
[2022-08-12 18:30:10,481] {processor.py:652} INFO - DAG(s) dict_keys(['ETL_script']) retrieved from /opt/airflow/dags/ETL_script.py
[2022-08-12 18:30:10,501] {logging_mixin.py:109} INFO - [2022-08-12 18:30:10,500] {dag.py:2398} INFO - Sync 1 DAGs
[2022-08-12 18:30:10,517] {logging_mixin.py:109} INFO - [2022-08-12 18:30:10,517] {dag.py:2937} INFO - Setting next_dagrun for ETL_script to 2022-07-31 00:00:00+00:00
[2022-08-12 18:30:10,525] {processor.py:171} INFO - Processing /opt/airflow/dags/ETL_script.py took 0.067 seconds
[2022-08-12 18:30:40,689] {processor.py:163} INFO - Started process (PID=480) to work on /opt/airflow/dags/ETL_script.py
[2022-08-12 18:30:40,690] {processor.py:642} INFO - Processing file /opt/airflow/dags/ETL_script.py for tasks to queue
[2022-08-12 18:30:40,691] {logging_mixin.py:109} INFO - [2022-08-12 18:30:40,691] {dagbag.py:500} INFO - Filling up the DagBag from /opt/airflow/dags/ETL_script.py
[2022-08-12 18:30:40,709] {processor.py:652} INFO - DAG(s) dict_keys(['ETL_script']) retrieved from /opt/airflow/dags/ETL_script.py
[2022-08-12 18:30:40,726] {logging_mixin.py:109} INFO - [2022-08-12 18:30:40,726] {dag.py:2398} INFO - Sync 1 DAGs
[2022-08-12 18:30:40,741] {logging_mixin.py:109} INFO - [2022-08-12 18:30:40,741] {dag.py:2937} INFO - Setting next_dagrun for ETL_script to 2022-07-31 00:00:00+00:00
[2022-08-12 18:30:40,751] {processor.py:171} INFO - Processing /opt/airflow/dags/ETL_script.py took 0.065 seconds
[2022-08-12 18:31:10,890] {processor.py:163} INFO - Started process (PID=510) to work on /opt/airflow/dags/ETL_script.py
[2022-08-12 18:31:10,892] {processor.py:642} INFO - Processing file /opt/airflow/dags/ETL_script.py for tasks to queue
[2022-08-12 18:31:10,893] {logging_mixin.py:109} INFO - [2022-08-12 18:31:10,893] {dagbag.py:500} INFO - Filling up the DagBag from /opt/airflow/dags/ETL_script.py
[2022-08-12 18:31:10,912] {processor.py:652} INFO - DAG(s) dict_keys(['ETL_script']) retrieved from /opt/airflow/dags/ETL_script.py
[2022-08-12 18:31:10,934] {logging_mixin.py:109} INFO - [2022-08-12 18:31:10,934] {dag.py:2398} INFO - Sync 1 DAGs
[2022-08-12 18:31:10,960] {logging_mixin.py:109} INFO - [2022-08-12 18:31:10,960] {dag.py:2937} INFO - Setting next_dagrun for ETL_script to 2022-07-31 00:00:00+00:00
[2022-08-12 18:31:10,973] {processor.py:171} INFO - Processing /opt/airflow/dags/ETL_script.py took 0.087 seconds
[2022-08-12 18:31:41,069] {processor.py:163} INFO - Started process (PID=542) to work on /opt/airflow/dags/ETL_script.py
[2022-08-12 18:31:41,072] {processor.py:642} INFO - Processing file /opt/airflow/dags/ETL_script.py for tasks to queue
[2022-08-12 18:31:41,074] {logging_mixin.py:109} INFO - [2022-08-12 18:31:41,074] {dagbag.py:500} INFO - Filling up the DagBag from /opt/airflow/dags/ETL_script.py
[2022-08-12 18:31:41,101] {processor.py:652} INFO - DAG(s) dict_keys(['ETL_script']) retrieved from /opt/airflow/dags/ETL_script.py
[2022-08-12 18:31:41,117] {logging_mixin.py:109} INFO - [2022-08-12 18:31:41,117] {dag.py:2398} INFO - Sync 1 DAGs
[2022-08-12 18:31:41,137] {logging_mixin.py:109} INFO - [2022-08-12 18:31:41,137] {dag.py:2937} INFO - Setting next_dagrun for ETL_script to 2022-07-31 00:00:00+00:00
[2022-08-12 18:31:41,148] {processor.py:171} INFO - Processing /opt/airflow/dags/ETL_script.py took 0.082 seconds
[2022-08-12 18:32:11,313] {processor.py:163} INFO - Started process (PID=565) to work on /opt/airflow/dags/ETL_script.py
[2022-08-12 18:32:11,314] {processor.py:642} INFO - Processing file /opt/airflow/dags/ETL_script.py for tasks to queue
[2022-08-12 18:32:11,315] {logging_mixin.py:109} INFO - [2022-08-12 18:32:11,315] {dagbag.py:500} INFO - Filling up the DagBag from /opt/airflow/dags/ETL_script.py
[2022-08-12 18:32:11,334] {processor.py:652} INFO - DAG(s) dict_keys(['ETL_script']) retrieved from /opt/airflow/dags/ETL_script.py
[2022-08-12 18:32:11,353] {logging_mixin.py:109} INFO - [2022-08-12 18:32:11,352] {dag.py:2398} INFO - Sync 1 DAGs
[2022-08-12 18:32:11,370] {logging_mixin.py:109} INFO - [2022-08-12 18:32:11,370] {dag.py:2937} INFO - Setting next_dagrun for ETL_script to 2022-07-31 00:00:00+00:00
[2022-08-12 18:32:11,381] {processor.py:171} INFO - Processing /opt/airflow/dags/ETL_script.py took 0.071 seconds
[2022-08-12 18:32:41,613] {processor.py:163} INFO - Started process (PID=599) to work on /opt/airflow/dags/ETL_script.py
[2022-08-12 18:32:41,615] {processor.py:642} INFO - Processing file /opt/airflow/dags/ETL_script.py for tasks to queue
[2022-08-12 18:32:41,616] {logging_mixin.py:109} INFO - [2022-08-12 18:32:41,616] {dagbag.py:500} INFO - Filling up the DagBag from /opt/airflow/dags/ETL_script.py
[2022-08-12 18:32:41,633] {processor.py:652} INFO - DAG(s) dict_keys(['ETL_script']) retrieved from /opt/airflow/dags/ETL_script.py
[2022-08-12 18:32:41,654] {logging_mixin.py:109} INFO - [2022-08-12 18:32:41,653] {dag.py:2398} INFO - Sync 1 DAGs
[2022-08-12 18:32:41,668] {logging_mixin.py:109} INFO - [2022-08-12 18:32:41,668] {dag.py:2937} INFO - Setting next_dagrun for ETL_script to 2022-07-31 00:00:00+00:00
[2022-08-12 18:32:41,676] {processor.py:171} INFO - Processing /opt/airflow/dags/ETL_script.py took 0.066 seconds
[2022-08-12 18:33:11,820] {processor.py:163} INFO - Started process (PID=620) to work on /opt/airflow/dags/ETL_script.py
[2022-08-12 18:33:11,822] {processor.py:642} INFO - Processing file /opt/airflow/dags/ETL_script.py for tasks to queue
[2022-08-12 18:33:11,823] {logging_mixin.py:109} INFO - [2022-08-12 18:33:11,823] {dagbag.py:500} INFO - Filling up the DagBag from /opt/airflow/dags/ETL_script.py
[2022-08-12 18:33:11,842] {processor.py:652} INFO - DAG(s) dict_keys(['ETL_script']) retrieved from /opt/airflow/dags/ETL_script.py
[2022-08-12 18:33:11,866] {logging_mixin.py:109} INFO - [2022-08-12 18:33:11,866] {dag.py:2398} INFO - Sync 1 DAGs
[2022-08-12 18:33:11,881] {logging_mixin.py:109} INFO - [2022-08-12 18:33:11,881] {dag.py:2937} INFO - Setting next_dagrun for ETL_script to 2022-07-31 00:00:00+00:00
[2022-08-12 18:33:11,888] {processor.py:171} INFO - Processing /opt/airflow/dags/ETL_script.py took 0.072 seconds
[2022-08-12 18:33:42,032] {processor.py:163} INFO - Started process (PID=652) to work on /opt/airflow/dags/ETL_script.py
[2022-08-12 18:33:42,034] {processor.py:642} INFO - Processing file /opt/airflow/dags/ETL_script.py for tasks to queue
[2022-08-12 18:33:42,035] {logging_mixin.py:109} INFO - [2022-08-12 18:33:42,035] {dagbag.py:500} INFO - Filling up the DagBag from /opt/airflow/dags/ETL_script.py
[2022-08-12 18:33:42,055] {processor.py:652} INFO - DAG(s) dict_keys(['ETL_script']) retrieved from /opt/airflow/dags/ETL_script.py
[2022-08-12 18:33:42,096] {logging_mixin.py:109} INFO - [2022-08-12 18:33:42,096] {dag.py:2398} INFO - Sync 1 DAGs
[2022-08-12 18:33:42,114] {logging_mixin.py:109} INFO - [2022-08-12 18:33:42,114] {dag.py:2937} INFO - Setting next_dagrun for ETL_script to 2022-07-31 00:00:00+00:00
[2022-08-12 18:33:42,125] {processor.py:171} INFO - Processing /opt/airflow/dags/ETL_script.py took 0.096 seconds
[2022-08-12 18:34:12,258] {processor.py:163} INFO - Started process (PID=675) to work on /opt/airflow/dags/ETL_script.py
[2022-08-12 18:34:12,260] {processor.py:642} INFO - Processing file /opt/airflow/dags/ETL_script.py for tasks to queue
[2022-08-12 18:34:12,261] {logging_mixin.py:109} INFO - [2022-08-12 18:34:12,261] {dagbag.py:500} INFO - Filling up the DagBag from /opt/airflow/dags/ETL_script.py
[2022-08-12 18:34:12,280] {processor.py:652} INFO - DAG(s) dict_keys(['ETL_script']) retrieved from /opt/airflow/dags/ETL_script.py
[2022-08-12 18:34:12,298] {logging_mixin.py:109} INFO - [2022-08-12 18:34:12,298] {dag.py:2398} INFO - Sync 1 DAGs
[2022-08-12 18:34:12,315] {logging_mixin.py:109} INFO - [2022-08-12 18:34:12,315] {dag.py:2937} INFO - Setting next_dagrun for ETL_script to 2022-07-31 00:00:00+00:00
[2022-08-12 18:34:12,322] {processor.py:171} INFO - Processing /opt/airflow/dags/ETL_script.py took 0.068 seconds
[2022-08-12 18:34:42,478] {processor.py:163} INFO - Started process (PID=707) to work on /opt/airflow/dags/ETL_script.py
[2022-08-12 18:34:42,480] {processor.py:642} INFO - Processing file /opt/airflow/dags/ETL_script.py for tasks to queue
[2022-08-12 18:34:42,481] {logging_mixin.py:109} INFO - [2022-08-12 18:34:42,481] {dagbag.py:500} INFO - Filling up the DagBag from /opt/airflow/dags/ETL_script.py
[2022-08-12 18:34:42,500] {processor.py:652} INFO - DAG(s) dict_keys(['ETL_script']) retrieved from /opt/airflow/dags/ETL_script.py
[2022-08-12 18:34:42,519] {logging_mixin.py:109} INFO - [2022-08-12 18:34:42,519] {dag.py:2398} INFO - Sync 1 DAGs
[2022-08-12 18:34:42,535] {logging_mixin.py:109} INFO - [2022-08-12 18:34:42,535] {dag.py:2937} INFO - Setting next_dagrun for ETL_script to 2022-07-31 00:00:00+00:00
[2022-08-12 18:34:42,543] {processor.py:171} INFO - Processing /opt/airflow/dags/ETL_script.py took 0.068 seconds
[2022-08-12 18:35:12,674] {processor.py:163} INFO - Started process (PID=738) to work on /opt/airflow/dags/ETL_script.py
[2022-08-12 18:35:12,677] {processor.py:642} INFO - Processing file /opt/airflow/dags/ETL_script.py for tasks to queue
[2022-08-12 18:35:12,678] {logging_mixin.py:109} INFO - [2022-08-12 18:35:12,678] {dagbag.py:500} INFO - Filling up the DagBag from /opt/airflow/dags/ETL_script.py
[2022-08-12 18:35:12,706] {processor.py:652} INFO - DAG(s) dict_keys(['ETL_script']) retrieved from /opt/airflow/dags/ETL_script.py
[2022-08-12 18:35:12,731] {logging_mixin.py:109} INFO - [2022-08-12 18:35:12,731] {dag.py:2398} INFO - Sync 1 DAGs
[2022-08-12 18:35:12,751] {logging_mixin.py:109} INFO - [2022-08-12 18:35:12,751] {dag.py:2937} INFO - Setting next_dagrun for ETL_script to 2022-07-31 00:00:00+00:00
[2022-08-12 18:35:12,763] {processor.py:171} INFO - Processing /opt/airflow/dags/ETL_script.py took 0.093 seconds
[2022-08-12 18:35:42,876] {processor.py:163} INFO - Started process (PID=759) to work on /opt/airflow/dags/ETL_script.py
[2022-08-12 18:35:42,878] {processor.py:642} INFO - Processing file /opt/airflow/dags/ETL_script.py for tasks to queue
[2022-08-12 18:35:42,879] {logging_mixin.py:109} INFO - [2022-08-12 18:35:42,879] {dagbag.py:500} INFO - Filling up the DagBag from /opt/airflow/dags/ETL_script.py
[2022-08-12 18:35:42,897] {processor.py:652} INFO - DAG(s) dict_keys(['ETL_script']) retrieved from /opt/airflow/dags/ETL_script.py
[2022-08-12 18:35:42,917] {logging_mixin.py:109} INFO - [2022-08-12 18:35:42,917] {dag.py:2398} INFO - Sync 1 DAGs
[2022-08-12 18:35:42,933] {logging_mixin.py:109} INFO - [2022-08-12 18:35:42,933] {dag.py:2937} INFO - Setting next_dagrun for ETL_script to 2022-07-31 00:00:00+00:00
[2022-08-12 18:35:42,941] {processor.py:171} INFO - Processing /opt/airflow/dags/ETL_script.py took 0.069 seconds
[2022-08-12 18:36:13,064] {processor.py:163} INFO - Started process (PID=790) to work on /opt/airflow/dags/ETL_script.py
[2022-08-12 18:36:13,066] {processor.py:642} INFO - Processing file /opt/airflow/dags/ETL_script.py for tasks to queue
[2022-08-12 18:36:13,068] {logging_mixin.py:109} INFO - [2022-08-12 18:36:13,068] {dagbag.py:500} INFO - Filling up the DagBag from /opt/airflow/dags/ETL_script.py
[2022-08-12 18:36:13,094] {processor.py:652} INFO - DAG(s) dict_keys(['ETL_script']) retrieved from /opt/airflow/dags/ETL_script.py
[2022-08-12 18:36:13,121] {logging_mixin.py:109} INFO - [2022-08-12 18:36:13,121] {dag.py:2398} INFO - Sync 1 DAGs
[2022-08-12 18:36:13,150] {logging_mixin.py:109} INFO - [2022-08-12 18:36:13,150] {dag.py:2937} INFO - Setting next_dagrun for ETL_script to 2022-07-31 00:00:00+00:00
[2022-08-12 18:36:13,163] {processor.py:171} INFO - Processing /opt/airflow/dags/ETL_script.py took 0.110 seconds
[2022-08-12 18:36:43,326] {processor.py:163} INFO - Started process (PID=813) to work on /opt/airflow/dags/ETL_script.py
[2022-08-12 18:36:43,329] {processor.py:642} INFO - Processing file /opt/airflow/dags/ETL_script.py for tasks to queue
[2022-08-12 18:36:43,331] {logging_mixin.py:109} INFO - [2022-08-12 18:36:43,331] {dagbag.py:500} INFO - Filling up the DagBag from /opt/airflow/dags/ETL_script.py
[2022-08-12 18:36:43,358] {processor.py:652} INFO - DAG(s) dict_keys(['ETL_script']) retrieved from /opt/airflow/dags/ETL_script.py
[2022-08-12 18:36:43,391] {logging_mixin.py:109} INFO - [2022-08-12 18:36:43,391] {dag.py:2398} INFO - Sync 1 DAGs
[2022-08-12 18:36:43,418] {logging_mixin.py:109} INFO - [2022-08-12 18:36:43,417] {dag.py:2937} INFO - Setting next_dagrun for ETL_script to 2022-07-31 00:00:00+00:00
[2022-08-12 18:36:43,431] {processor.py:171} INFO - Processing /opt/airflow/dags/ETL_script.py took 0.116 seconds
[2022-08-12 18:37:13,505] {processor.py:163} INFO - Started process (PID=845) to work on /opt/airflow/dags/ETL_script.py
[2022-08-12 18:37:13,507] {processor.py:642} INFO - Processing file /opt/airflow/dags/ETL_script.py for tasks to queue
[2022-08-12 18:37:13,508] {logging_mixin.py:109} INFO - [2022-08-12 18:37:13,508] {dagbag.py:500} INFO - Filling up the DagBag from /opt/airflow/dags/ETL_script.py
[2022-08-12 18:37:13,528] {processor.py:652} INFO - DAG(s) dict_keys(['ETL_script']) retrieved from /opt/airflow/dags/ETL_script.py
[2022-08-12 18:37:13,545] {logging_mixin.py:109} INFO - [2022-08-12 18:37:13,545] {dag.py:2398} INFO - Sync 1 DAGs
[2022-08-12 18:37:13,563] {logging_mixin.py:109} INFO - [2022-08-12 18:37:13,563] {dag.py:2937} INFO - Setting next_dagrun for ETL_script to 2022-07-31 00:00:00+00:00
[2022-08-12 18:37:13,576] {processor.py:171} INFO - Processing /opt/airflow/dags/ETL_script.py took 0.075 seconds
[2022-08-12 18:37:43,776] {processor.py:163} INFO - Started process (PID=866) to work on /opt/airflow/dags/ETL_script.py
[2022-08-12 18:37:43,778] {processor.py:642} INFO - Processing file /opt/airflow/dags/ETL_script.py for tasks to queue
[2022-08-12 18:37:43,780] {logging_mixin.py:109} INFO - [2022-08-12 18:37:43,779] {dagbag.py:500} INFO - Filling up the DagBag from /opt/airflow/dags/ETL_script.py
[2022-08-12 18:37:43,799] {processor.py:652} INFO - DAG(s) dict_keys(['ETL_script']) retrieved from /opt/airflow/dags/ETL_script.py
[2022-08-12 18:37:43,819] {logging_mixin.py:109} INFO - [2022-08-12 18:37:43,819] {dag.py:2398} INFO - Sync 1 DAGs
[2022-08-12 18:37:43,836] {logging_mixin.py:109} INFO - [2022-08-12 18:37:43,836] {dag.py:2937} INFO - Setting next_dagrun for ETL_script to 2022-07-31 00:00:00+00:00
[2022-08-12 18:37:43,845] {processor.py:171} INFO - Processing /opt/airflow/dags/ETL_script.py took 0.074 seconds
[2022-08-12 18:38:13,972] {processor.py:163} INFO - Started process (PID=897) to work on /opt/airflow/dags/ETL_script.py
[2022-08-12 18:38:13,980] {processor.py:642} INFO - Processing file /opt/airflow/dags/ETL_script.py for tasks to queue
[2022-08-12 18:38:13,984] {logging_mixin.py:109} INFO - [2022-08-12 18:38:13,984] {dagbag.py:500} INFO - Filling up the DagBag from /opt/airflow/dags/ETL_script.py
[2022-08-12 18:38:14,032] {processor.py:652} INFO - DAG(s) dict_keys(['ETL_script']) retrieved from /opt/airflow/dags/ETL_script.py
[2022-08-12 18:38:14,087] {logging_mixin.py:109} INFO - [2022-08-12 18:38:14,086] {dag.py:2398} INFO - Sync 1 DAGs
[2022-08-12 18:38:14,128] {logging_mixin.py:109} INFO - [2022-08-12 18:38:14,128] {dag.py:2937} INFO - Setting next_dagrun for ETL_script to 2022-07-31 00:00:00+00:00
[2022-08-12 18:38:14,151] {processor.py:171} INFO - Processing /opt/airflow/dags/ETL_script.py took 0.191 seconds
[2022-08-12 18:38:44,242] {processor.py:163} INFO - Started process (PID=917) to work on /opt/airflow/dags/ETL_script.py
[2022-08-12 18:38:44,244] {processor.py:642} INFO - Processing file /opt/airflow/dags/ETL_script.py for tasks to queue
[2022-08-12 18:38:44,246] {logging_mixin.py:109} INFO - [2022-08-12 18:38:44,246] {dagbag.py:500} INFO - Filling up the DagBag from /opt/airflow/dags/ETL_script.py
[2022-08-12 18:38:44,266] {processor.py:652} INFO - DAG(s) dict_keys(['ETL_script']) retrieved from /opt/airflow/dags/ETL_script.py
[2022-08-12 18:38:44,285] {logging_mixin.py:109} INFO - [2022-08-12 18:38:44,284] {dag.py:2398} INFO - Sync 1 DAGs
[2022-08-12 18:38:44,301] {logging_mixin.py:109} INFO - [2022-08-12 18:38:44,301] {dag.py:2937} INFO - Setting next_dagrun for ETL_script to 2022-07-31 00:00:00+00:00
[2022-08-12 18:38:44,309] {processor.py:171} INFO - Processing /opt/airflow/dags/ETL_script.py took 0.070 seconds
[2022-08-12 18:39:14,460] {processor.py:163} INFO - Started process (PID=949) to work on /opt/airflow/dags/ETL_script.py
[2022-08-12 18:39:14,461] {processor.py:642} INFO - Processing file /opt/airflow/dags/ETL_script.py for tasks to queue
[2022-08-12 18:39:14,462] {logging_mixin.py:109} INFO - [2022-08-12 18:39:14,462] {dagbag.py:500} INFO - Filling up the DagBag from /opt/airflow/dags/ETL_script.py
[2022-08-12 18:39:14,481] {processor.py:652} INFO - DAG(s) dict_keys(['ETL_script']) retrieved from /opt/airflow/dags/ETL_script.py
[2022-08-12 18:39:14,503] {logging_mixin.py:109} INFO - [2022-08-12 18:39:14,503] {dag.py:2398} INFO - Sync 1 DAGs
[2022-08-12 18:39:14,519] {logging_mixin.py:109} INFO - [2022-08-12 18:39:14,519] {dag.py:2937} INFO - Setting next_dagrun for ETL_script to 2022-07-31 00:00:00+00:00
[2022-08-12 18:39:14,527] {processor.py:171} INFO - Processing /opt/airflow/dags/ETL_script.py took 0.071 seconds
[2022-08-12 18:39:44,646] {processor.py:163} INFO - Started process (PID=971) to work on /opt/airflow/dags/ETL_script.py
[2022-08-12 18:39:44,648] {processor.py:642} INFO - Processing file /opt/airflow/dags/ETL_script.py for tasks to queue
[2022-08-12 18:39:44,651] {logging_mixin.py:109} INFO - [2022-08-12 18:39:44,650] {dagbag.py:500} INFO - Filling up the DagBag from /opt/airflow/dags/ETL_script.py
[2022-08-12 18:39:44,676] {processor.py:652} INFO - DAG(s) dict_keys(['ETL_script']) retrieved from /opt/airflow/dags/ETL_script.py
[2022-08-12 18:39:44,697] {logging_mixin.py:109} INFO - [2022-08-12 18:39:44,697] {dag.py:2398} INFO - Sync 1 DAGs
[2022-08-12 18:39:44,714] {logging_mixin.py:109} INFO - [2022-08-12 18:39:44,714] {dag.py:2937} INFO - Setting next_dagrun for ETL_script to 2022-07-31 00:00:00+00:00
[2022-08-12 18:39:44,724] {processor.py:171} INFO - Processing /opt/airflow/dags/ETL_script.py took 0.086 seconds
[2022-08-12 18:40:14,831] {processor.py:163} INFO - Started process (PID=1003) to work on /opt/airflow/dags/ETL_script.py
[2022-08-12 18:40:14,833] {processor.py:642} INFO - Processing file /opt/airflow/dags/ETL_script.py for tasks to queue
[2022-08-12 18:40:14,835] {logging_mixin.py:109} INFO - [2022-08-12 18:40:14,835] {dagbag.py:500} INFO - Filling up the DagBag from /opt/airflow/dags/ETL_script.py
[2022-08-12 18:40:14,854] {processor.py:652} INFO - DAG(s) dict_keys(['ETL_script']) retrieved from /opt/airflow/dags/ETL_script.py
[2022-08-12 18:40:14,875] {logging_mixin.py:109} INFO - [2022-08-12 18:40:14,874] {dag.py:2398} INFO - Sync 1 DAGs
[2022-08-12 18:40:14,890] {logging_mixin.py:109} INFO - [2022-08-12 18:40:14,889] {dag.py:2937} INFO - Setting next_dagrun for ETL_script to 2022-07-31 00:00:00+00:00
[2022-08-12 18:40:14,898] {processor.py:171} INFO - Processing /opt/airflow/dags/ETL_script.py took 0.071 seconds
[2022-08-12 18:40:45,015] {processor.py:163} INFO - Started process (PID=1024) to work on /opt/airflow/dags/ETL_script.py
[2022-08-12 18:40:45,017] {processor.py:642} INFO - Processing file /opt/airflow/dags/ETL_script.py for tasks to queue
[2022-08-12 18:40:45,019] {logging_mixin.py:109} INFO - [2022-08-12 18:40:45,018] {dagbag.py:500} INFO - Filling up the DagBag from /opt/airflow/dags/ETL_script.py
[2022-08-12 18:40:45,042] {processor.py:652} INFO - DAG(s) dict_keys(['ETL_script']) retrieved from /opt/airflow/dags/ETL_script.py
[2022-08-12 18:40:45,066] {logging_mixin.py:109} INFO - [2022-08-12 18:40:45,066] {dag.py:2398} INFO - Sync 1 DAGs
[2022-08-12 18:40:45,087] {logging_mixin.py:109} INFO - [2022-08-12 18:40:45,087] {dag.py:2937} INFO - Setting next_dagrun for ETL_script to 2022-07-31 00:00:00+00:00
[2022-08-12 18:40:45,098] {processor.py:171} INFO - Processing /opt/airflow/dags/ETL_script.py took 0.086 seconds
[2022-08-12 18:41:15,227] {processor.py:163} INFO - Started process (PID=1059) to work on /opt/airflow/dags/ETL_script.py
[2022-08-12 18:41:15,229] {processor.py:642} INFO - Processing file /opt/airflow/dags/ETL_script.py for tasks to queue
[2022-08-12 18:41:15,233] {logging_mixin.py:109} INFO - [2022-08-12 18:41:15,233] {dagbag.py:500} INFO - Filling up the DagBag from /opt/airflow/dags/ETL_script.py
[2022-08-12 18:41:15,264] {processor.py:652} INFO - DAG(s) dict_keys(['ETL_script']) retrieved from /opt/airflow/dags/ETL_script.py
[2022-08-12 18:41:15,295] {logging_mixin.py:109} INFO - [2022-08-12 18:41:15,295] {dag.py:2398} INFO - Sync 1 DAGs
[2022-08-12 18:41:15,311] {logging_mixin.py:109} INFO - [2022-08-12 18:41:15,311] {dag.py:2937} INFO - Setting next_dagrun for ETL_script to 2022-07-31 00:00:00+00:00
[2022-08-12 18:41:15,319] {processor.py:171} INFO - Processing /opt/airflow/dags/ETL_script.py took 0.096 seconds
[2022-08-12 18:41:45,489] {processor.py:163} INFO - Started process (PID=1081) to work on /opt/airflow/dags/ETL_script.py
[2022-08-12 18:41:45,491] {processor.py:642} INFO - Processing file /opt/airflow/dags/ETL_script.py for tasks to queue
[2022-08-12 18:41:45,493] {logging_mixin.py:109} INFO - [2022-08-12 18:41:45,493] {dagbag.py:500} INFO - Filling up the DagBag from /opt/airflow/dags/ETL_script.py
[2022-08-12 18:41:45,518] {processor.py:652} INFO - DAG(s) dict_keys(['ETL_script']) retrieved from /opt/airflow/dags/ETL_script.py
[2022-08-12 18:41:45,555] {logging_mixin.py:109} INFO - [2022-08-12 18:41:45,555] {dag.py:2398} INFO - Sync 1 DAGs
[2022-08-12 18:41:45,577] {logging_mixin.py:109} INFO - [2022-08-12 18:41:45,577] {dag.py:2937} INFO - Setting next_dagrun for ETL_script to 2022-07-31 00:00:00+00:00
[2022-08-12 18:41:45,591] {processor.py:171} INFO - Processing /opt/airflow/dags/ETL_script.py took 0.105 seconds
[2022-08-12 18:42:15,705] {processor.py:163} INFO - Started process (PID=1114) to work on /opt/airflow/dags/ETL_script.py
[2022-08-12 18:42:15,708] {processor.py:642} INFO - Processing file /opt/airflow/dags/ETL_script.py for tasks to queue
[2022-08-12 18:42:15,709] {logging_mixin.py:109} INFO - [2022-08-12 18:42:15,709] {dagbag.py:500} INFO - Filling up the DagBag from /opt/airflow/dags/ETL_script.py
[2022-08-12 18:42:15,733] {processor.py:652} INFO - DAG(s) dict_keys(['ETL_script']) retrieved from /opt/airflow/dags/ETL_script.py
[2022-08-12 18:42:15,759] {logging_mixin.py:109} INFO - [2022-08-12 18:42:15,758] {dag.py:2398} INFO - Sync 1 DAGs
[2022-08-12 18:42:15,780] {logging_mixin.py:109} INFO - [2022-08-12 18:42:15,780] {dag.py:2937} INFO - Setting next_dagrun for ETL_script to 2022-07-31 00:00:00+00:00
[2022-08-12 18:42:15,791] {processor.py:171} INFO - Processing /opt/airflow/dags/ETL_script.py took 0.094 seconds
[2022-08-12 18:42:46,572] {processor.py:163} INFO - Started process (PID=1146) to work on /opt/airflow/dags/ETL_script.py
[2022-08-12 18:42:46,576] {processor.py:642} INFO - Processing file /opt/airflow/dags/ETL_script.py for tasks to queue
[2022-08-12 18:42:46,577] {logging_mixin.py:109} INFO - [2022-08-12 18:42:46,577] {dagbag.py:500} INFO - Filling up the DagBag from /opt/airflow/dags/ETL_script.py
[2022-08-12 18:42:46,613] {processor.py:652} INFO - DAG(s) dict_keys(['ETL_script']) retrieved from /opt/airflow/dags/ETL_script.py
[2022-08-12 18:42:46,632] {logging_mixin.py:109} INFO - [2022-08-12 18:42:46,632] {dag.py:2398} INFO - Sync 1 DAGs
[2022-08-12 18:42:46,653] {logging_mixin.py:109} INFO - [2022-08-12 18:42:46,653] {dag.py:2937} INFO - Setting next_dagrun for ETL_script to 2022-07-31 00:00:00+00:00
[2022-08-12 18:42:46,665] {processor.py:171} INFO - Processing /opt/airflow/dags/ETL_script.py took 0.099 seconds
[2022-08-12 18:43:16,788] {processor.py:163} INFO - Started process (PID=1167) to work on /opt/airflow/dags/ETL_script.py
[2022-08-12 18:43:16,790] {processor.py:642} INFO - Processing file /opt/airflow/dags/ETL_script.py for tasks to queue
[2022-08-12 18:43:16,792] {logging_mixin.py:109} INFO - [2022-08-12 18:43:16,791] {dagbag.py:500} INFO - Filling up the DagBag from /opt/airflow/dags/ETL_script.py
[2022-08-12 18:43:16,812] {processor.py:652} INFO - DAG(s) dict_keys(['ETL_script']) retrieved from /opt/airflow/dags/ETL_script.py
[2022-08-12 18:43:16,842] {logging_mixin.py:109} INFO - [2022-08-12 18:43:16,842] {dag.py:2398} INFO - Sync 1 DAGs
[2022-08-12 18:43:16,861] {logging_mixin.py:109} INFO - [2022-08-12 18:43:16,860] {dag.py:2937} INFO - Setting next_dagrun for ETL_script to 2022-07-31 00:00:00+00:00
[2022-08-12 18:43:16,871] {processor.py:171} INFO - Processing /opt/airflow/dags/ETL_script.py took 0.092 seconds
[2022-08-12 18:43:47,022] {processor.py:163} INFO - Started process (PID=1201) to work on /opt/airflow/dags/ETL_script.py
[2022-08-12 18:43:47,024] {processor.py:642} INFO - Processing file /opt/airflow/dags/ETL_script.py for tasks to queue
[2022-08-12 18:43:47,026] {logging_mixin.py:109} INFO - [2022-08-12 18:43:47,026] {dagbag.py:500} INFO - Filling up the DagBag from /opt/airflow/dags/ETL_script.py
[2022-08-12 18:43:47,065] {processor.py:652} INFO - DAG(s) dict_keys(['ETL_script']) retrieved from /opt/airflow/dags/ETL_script.py
[2022-08-12 18:43:47,102] {logging_mixin.py:109} INFO - [2022-08-12 18:43:47,102] {dag.py:2398} INFO - Sync 1 DAGs
[2022-08-12 18:43:47,122] {logging_mixin.py:109} INFO - [2022-08-12 18:43:47,122] {dag.py:2937} INFO - Setting next_dagrun for ETL_script to 2022-07-31 00:00:00+00:00
[2022-08-12 18:43:47,132] {processor.py:171} INFO - Processing /opt/airflow/dags/ETL_script.py took 0.115 seconds
[2022-08-12 18:44:17,247] {processor.py:163} INFO - Started process (PID=1223) to work on /opt/airflow/dags/ETL_script.py
[2022-08-12 18:44:17,249] {processor.py:642} INFO - Processing file /opt/airflow/dags/ETL_script.py for tasks to queue
[2022-08-12 18:44:17,251] {logging_mixin.py:109} INFO - [2022-08-12 18:44:17,250] {dagbag.py:500} INFO - Filling up the DagBag from /opt/airflow/dags/ETL_script.py
[2022-08-12 18:44:17,275] {processor.py:652} INFO - DAG(s) dict_keys(['ETL_script']) retrieved from /opt/airflow/dags/ETL_script.py
[2022-08-12 18:44:17,288] {logging_mixin.py:109} INFO - [2022-08-12 18:44:17,288] {dag.py:2398} INFO - Sync 1 DAGs
[2022-08-12 18:44:17,305] {logging_mixin.py:109} INFO - [2022-08-12 18:44:17,305] {dag.py:2937} INFO - Setting next_dagrun for ETL_script to 2022-07-31 00:00:00+00:00
[2022-08-12 18:44:17,314] {processor.py:171} INFO - Processing /opt/airflow/dags/ETL_script.py took 0.095 seconds
[2022-08-12 18:44:47,431] {processor.py:163} INFO - Started process (PID=1255) to work on /opt/airflow/dags/ETL_script.py
[2022-08-12 18:44:47,434] {processor.py:642} INFO - Processing file /opt/airflow/dags/ETL_script.py for tasks to queue
[2022-08-12 18:44:47,435] {logging_mixin.py:109} INFO - [2022-08-12 18:44:47,435] {dagbag.py:500} INFO - Filling up the DagBag from /opt/airflow/dags/ETL_script.py
[2022-08-12 18:44:47,457] {processor.py:652} INFO - DAG(s) dict_keys(['ETL_script']) retrieved from /opt/airflow/dags/ETL_script.py
[2022-08-12 18:44:47,479] {logging_mixin.py:109} INFO - [2022-08-12 18:44:47,479] {dag.py:2398} INFO - Sync 1 DAGs
[2022-08-12 18:44:47,496] {logging_mixin.py:109} INFO - [2022-08-12 18:44:47,496] {dag.py:2937} INFO - Setting next_dagrun for ETL_script to 2022-07-31 00:00:00+00:00
[2022-08-12 18:44:47,505] {processor.py:171} INFO - Processing /opt/airflow/dags/ETL_script.py took 0.078 seconds
[2022-08-12 18:45:17,622] {processor.py:163} INFO - Started process (PID=1278) to work on /opt/airflow/dags/ETL_script.py
[2022-08-12 18:45:17,625] {processor.py:642} INFO - Processing file /opt/airflow/dags/ETL_script.py for tasks to queue
[2022-08-12 18:45:17,626] {logging_mixin.py:109} INFO - [2022-08-12 18:45:17,626] {dagbag.py:500} INFO - Filling up the DagBag from /opt/airflow/dags/ETL_script.py
[2022-08-12 18:45:17,646] {processor.py:652} INFO - DAG(s) dict_keys(['ETL_script']) retrieved from /opt/airflow/dags/ETL_script.py
[2022-08-12 18:45:17,666] {logging_mixin.py:109} INFO - [2022-08-12 18:45:17,666] {dag.py:2398} INFO - Sync 1 DAGs
[2022-08-12 18:45:17,682] {logging_mixin.py:109} INFO - [2022-08-12 18:45:17,682] {dag.py:2937} INFO - Setting next_dagrun for ETL_script to 2022-07-31 00:00:00+00:00
[2022-08-12 18:45:17,690] {processor.py:171} INFO - Processing /opt/airflow/dags/ETL_script.py took 0.072 seconds
[2022-08-12 18:45:47,811] {processor.py:163} INFO - Started process (PID=1309) to work on /opt/airflow/dags/ETL_script.py
[2022-08-12 18:45:47,812] {processor.py:642} INFO - Processing file /opt/airflow/dags/ETL_script.py for tasks to queue
[2022-08-12 18:45:47,813] {logging_mixin.py:109} INFO - [2022-08-12 18:45:47,813] {dagbag.py:500} INFO - Filling up the DagBag from /opt/airflow/dags/ETL_script.py
[2022-08-12 18:45:47,830] {processor.py:652} INFO - DAG(s) dict_keys(['ETL_script']) retrieved from /opt/airflow/dags/ETL_script.py
[2022-08-12 18:45:47,850] {logging_mixin.py:109} INFO - [2022-08-12 18:45:47,850] {dag.py:2398} INFO - Sync 1 DAGs
[2022-08-12 18:45:47,865] {logging_mixin.py:109} INFO - [2022-08-12 18:45:47,865] {dag.py:2937} INFO - Setting next_dagrun for ETL_script to 2022-07-31 00:00:00+00:00
[2022-08-12 18:45:47,875] {processor.py:171} INFO - Processing /opt/airflow/dags/ETL_script.py took 0.068 seconds
[2022-08-12 18:46:17,917] {processor.py:163} INFO - Started process (PID=1331) to work on /opt/airflow/dags/ETL_script.py
[2022-08-12 18:46:17,918] {processor.py:642} INFO - Processing file /opt/airflow/dags/ETL_script.py for tasks to queue
[2022-08-12 18:46:17,920] {logging_mixin.py:109} INFO - [2022-08-12 18:46:17,920] {dagbag.py:500} INFO - Filling up the DagBag from /opt/airflow/dags/ETL_script.py
[2022-08-12 18:46:17,941] {processor.py:652} INFO - DAG(s) dict_keys(['ETL_script']) retrieved from /opt/airflow/dags/ETL_script.py
[2022-08-12 18:46:17,963] {logging_mixin.py:109} INFO - [2022-08-12 18:46:17,963] {dag.py:2398} INFO - Sync 1 DAGs
[2022-08-12 18:46:17,979] {logging_mixin.py:109} INFO - [2022-08-12 18:46:17,979] {dag.py:2937} INFO - Setting next_dagrun for ETL_script to 2022-07-31 00:00:00+00:00
[2022-08-12 18:46:17,988] {processor.py:171} INFO - Processing /opt/airflow/dags/ETL_script.py took 0.074 seconds
[2022-08-12 18:46:48,135] {processor.py:163} INFO - Started process (PID=1363) to work on /opt/airflow/dags/ETL_script.py
[2022-08-12 18:46:48,137] {processor.py:642} INFO - Processing file /opt/airflow/dags/ETL_script.py for tasks to queue
[2022-08-12 18:46:48,139] {logging_mixin.py:109} INFO - [2022-08-12 18:46:48,139] {dagbag.py:500} INFO - Filling up the DagBag from /opt/airflow/dags/ETL_script.py
[2022-08-12 18:46:48,161] {processor.py:652} INFO - DAG(s) dict_keys(['ETL_script']) retrieved from /opt/airflow/dags/ETL_script.py
[2022-08-12 18:46:48,186] {logging_mixin.py:109} INFO - [2022-08-12 18:46:48,186] {dag.py:2398} INFO - Sync 1 DAGs
[2022-08-12 18:46:48,202] {logging_mixin.py:109} INFO - [2022-08-12 18:46:48,202] {dag.py:2937} INFO - Setting next_dagrun for ETL_script to 2022-07-31 00:00:00+00:00
[2022-08-12 18:46:48,210] {processor.py:171} INFO - Processing /opt/airflow/dags/ETL_script.py took 0.082 seconds
