[2022-04-30 21:08:17,973] {processor.py:163} INFO - Started process (PID=129) to work on /home/airflow/.local/lib/python3.7/site-packages/airflow/example_dags/example_xcom.py
[2022-04-30 21:08:17,975] {processor.py:642} INFO - Processing file /home/airflow/.local/lib/python3.7/site-packages/airflow/example_dags/example_xcom.py for tasks to queue
[2022-04-30 21:08:17,976] {logging_mixin.py:109} INFO - [2022-04-30 21:08:17,976] {dagbag.py:500} INFO - Filling up the DagBag from /home/airflow/.local/lib/python3.7/site-packages/airflow/example_dags/example_xcom.py
[2022-04-30 21:08:18,017] {processor.py:652} INFO - DAG(s) dict_keys(['example_xcom']) retrieved from /home/airflow/.local/lib/python3.7/site-packages/airflow/example_dags/example_xcom.py
[2022-04-30 21:08:20,716] {logging_mixin.py:109} INFO - [2022-04-30 21:08:20,716] {manager.py:496} INFO - Created Permission View: can edit on DAG:example_xcom
[2022-04-30 21:08:20,773] {logging_mixin.py:109} INFO - [2022-04-30 21:08:20,772] {manager.py:496} INFO - Created Permission View: can read on DAG:example_xcom
[2022-04-30 21:08:20,778] {logging_mixin.py:109} INFO - [2022-04-30 21:08:20,775] {dag.py:2398} INFO - Sync 1 DAGs
[2022-04-30 21:08:20,800] {logging_mixin.py:109} INFO - [2022-04-30 21:08:20,799] {dag.py:2417} INFO - Creating ORM DAG for example_xcom
[2022-04-30 21:08:20,813] {logging_mixin.py:109} INFO - [2022-04-30 21:08:20,812] {dag.py:2937} INFO - Setting next_dagrun for example_xcom to 2021-01-01T00:00:00+00:00
[2022-04-30 21:08:20,829] {processor.py:171} INFO - Processing /home/airflow/.local/lib/python3.7/site-packages/airflow/example_dags/example_xcom.py took 2.861 seconds
[2022-04-30 21:09:58,489] {processor.py:163} INFO - Started process (PID=53) to work on /home/airflow/.local/lib/python3.7/site-packages/airflow/example_dags/example_xcom.py
[2022-04-30 21:09:58,494] {processor.py:642} INFO - Processing file /home/airflow/.local/lib/python3.7/site-packages/airflow/example_dags/example_xcom.py for tasks to queue
[2022-04-30 21:09:58,498] {logging_mixin.py:109} INFO - [2022-04-30 21:09:58,498] {dagbag.py:500} INFO - Filling up the DagBag from /home/airflow/.local/lib/python3.7/site-packages/airflow/example_dags/example_xcom.py
[2022-04-30 21:09:58,580] {processor.py:652} INFO - DAG(s) dict_keys(['example_xcom']) retrieved from /home/airflow/.local/lib/python3.7/site-packages/airflow/example_dags/example_xcom.py
[2022-04-30 21:09:59,572] {logging_mixin.py:109} INFO - [2022-04-30 21:09:59,572] {dag.py:2398} INFO - Sync 1 DAGs
[2022-04-30 21:09:59,606] {logging_mixin.py:109} INFO - [2022-04-30 21:09:59,605] {dag.py:2937} INFO - Setting next_dagrun for example_xcom to 2021-01-01T00:00:00+00:00
[2022-04-30 21:09:59,617] {processor.py:171} INFO - Processing /home/airflow/.local/lib/python3.7/site-packages/airflow/example_dags/example_xcom.py took 1.141 seconds
[2022-04-30 21:10:30,336] {processor.py:163} INFO - Started process (PID=155) to work on /home/airflow/.local/lib/python3.7/site-packages/airflow/example_dags/example_xcom.py
[2022-04-30 21:10:30,339] {processor.py:642} INFO - Processing file /home/airflow/.local/lib/python3.7/site-packages/airflow/example_dags/example_xcom.py for tasks to queue
[2022-04-30 21:10:30,340] {logging_mixin.py:109} INFO - [2022-04-30 21:10:30,340] {dagbag.py:500} INFO - Filling up the DagBag from /home/airflow/.local/lib/python3.7/site-packages/airflow/example_dags/example_xcom.py
[2022-04-30 21:10:30,366] {processor.py:652} INFO - DAG(s) dict_keys(['example_xcom']) retrieved from /home/airflow/.local/lib/python3.7/site-packages/airflow/example_dags/example_xcom.py
[2022-04-30 21:10:30,632] {logging_mixin.py:109} INFO - [2022-04-30 21:10:30,632] {dag.py:2398} INFO - Sync 1 DAGs
[2022-04-30 21:10:30,646] {logging_mixin.py:109} INFO - [2022-04-30 21:10:30,645] {dag.py:2937} INFO - Setting next_dagrun for example_xcom to 2021-01-01T00:00:00+00:00
[2022-04-30 21:10:30,661] {processor.py:171} INFO - Processing /home/airflow/.local/lib/python3.7/site-packages/airflow/example_dags/example_xcom.py took 0.330 seconds
[2022-04-30 21:11:01,463] {processor.py:163} INFO - Started process (PID=206) to work on /home/airflow/.local/lib/python3.7/site-packages/airflow/example_dags/example_xcom.py
[2022-04-30 21:11:01,466] {processor.py:642} INFO - Processing file /home/airflow/.local/lib/python3.7/site-packages/airflow/example_dags/example_xcom.py for tasks to queue
[2022-04-30 21:11:01,468] {logging_mixin.py:109} INFO - [2022-04-30 21:11:01,467] {dagbag.py:500} INFO - Filling up the DagBag from /home/airflow/.local/lib/python3.7/site-packages/airflow/example_dags/example_xcom.py
[2022-04-30 21:11:01,493] {processor.py:652} INFO - DAG(s) dict_keys(['example_xcom']) retrieved from /home/airflow/.local/lib/python3.7/site-packages/airflow/example_dags/example_xcom.py
[2022-04-30 21:11:01,788] {logging_mixin.py:109} INFO - [2022-04-30 21:11:01,788] {dag.py:2398} INFO - Sync 1 DAGs
[2022-04-30 21:11:01,812] {logging_mixin.py:109} INFO - [2022-04-30 21:11:01,812] {dag.py:2937} INFO - Setting next_dagrun for example_xcom to 2021-01-01T00:00:00+00:00
[2022-04-30 21:11:01,827] {processor.py:171} INFO - Processing /home/airflow/.local/lib/python3.7/site-packages/airflow/example_dags/example_xcom.py took 0.370 seconds
[2022-04-30 21:11:32,716] {processor.py:163} INFO - Started process (PID=269) to work on /home/airflow/.local/lib/python3.7/site-packages/airflow/example_dags/example_xcom.py
[2022-04-30 21:11:32,719] {processor.py:642} INFO - Processing file /home/airflow/.local/lib/python3.7/site-packages/airflow/example_dags/example_xcom.py for tasks to queue
[2022-04-30 21:11:32,721] {logging_mixin.py:109} INFO - [2022-04-30 21:11:32,721] {dagbag.py:500} INFO - Filling up the DagBag from /home/airflow/.local/lib/python3.7/site-packages/airflow/example_dags/example_xcom.py
[2022-04-30 21:11:32,745] {processor.py:652} INFO - DAG(s) dict_keys(['example_xcom']) retrieved from /home/airflow/.local/lib/python3.7/site-packages/airflow/example_dags/example_xcom.py
[2022-04-30 21:11:33,017] {logging_mixin.py:109} INFO - [2022-04-30 21:11:33,017] {dag.py:2398} INFO - Sync 1 DAGs
[2022-04-30 21:11:33,029] {logging_mixin.py:109} INFO - [2022-04-30 21:11:33,029] {dag.py:2937} INFO - Setting next_dagrun for example_xcom to 2021-01-01T00:00:00+00:00
[2022-04-30 21:11:33,039] {processor.py:171} INFO - Processing /home/airflow/.local/lib/python3.7/site-packages/airflow/example_dags/example_xcom.py took 0.328 seconds
[2022-04-30 21:12:03,723] {processor.py:163} INFO - Started process (PID=331) to work on /home/airflow/.local/lib/python3.7/site-packages/airflow/example_dags/example_xcom.py
[2022-04-30 21:12:03,725] {processor.py:642} INFO - Processing file /home/airflow/.local/lib/python3.7/site-packages/airflow/example_dags/example_xcom.py for tasks to queue
[2022-04-30 21:12:03,727] {logging_mixin.py:109} INFO - [2022-04-30 21:12:03,727] {dagbag.py:500} INFO - Filling up the DagBag from /home/airflow/.local/lib/python3.7/site-packages/airflow/example_dags/example_xcom.py
[2022-04-30 21:12:03,749] {processor.py:652} INFO - DAG(s) dict_keys(['example_xcom']) retrieved from /home/airflow/.local/lib/python3.7/site-packages/airflow/example_dags/example_xcom.py
[2022-04-30 21:12:04,016] {logging_mixin.py:109} INFO - [2022-04-30 21:12:04,016] {dag.py:2398} INFO - Sync 1 DAGs
[2022-04-30 21:12:04,030] {logging_mixin.py:109} INFO - [2022-04-30 21:12:04,030] {dag.py:2937} INFO - Setting next_dagrun for example_xcom to 2021-01-01T00:00:00+00:00
[2022-04-30 21:12:04,040] {processor.py:171} INFO - Processing /home/airflow/.local/lib/python3.7/site-packages/airflow/example_dags/example_xcom.py took 0.322 seconds
[2022-04-30 21:13:57,107] {processor.py:163} INFO - Started process (PID=52) to work on /home/airflow/.local/lib/python3.7/site-packages/airflow/example_dags/example_xcom.py
[2022-04-30 21:13:57,111] {processor.py:642} INFO - Processing file /home/airflow/.local/lib/python3.7/site-packages/airflow/example_dags/example_xcom.py for tasks to queue
[2022-04-30 21:13:57,113] {logging_mixin.py:109} INFO - [2022-04-30 21:13:57,113] {dagbag.py:500} INFO - Filling up the DagBag from /home/airflow/.local/lib/python3.7/site-packages/airflow/example_dags/example_xcom.py
[2022-04-30 21:13:57,164] {processor.py:652} INFO - DAG(s) dict_keys(['example_xcom']) retrieved from /home/airflow/.local/lib/python3.7/site-packages/airflow/example_dags/example_xcom.py
[2022-04-30 21:13:58,314] {logging_mixin.py:109} INFO - [2022-04-30 21:13:58,313] {dag.py:2398} INFO - Sync 1 DAGs
[2022-04-30 21:13:58,338] {logging_mixin.py:109} INFO - [2022-04-30 21:13:58,338] {dag.py:2937} INFO - Setting next_dagrun for example_xcom to 2021-01-01T00:00:00+00:00
[2022-04-30 21:13:58,363] {processor.py:171} INFO - Processing /home/airflow/.local/lib/python3.7/site-packages/airflow/example_dags/example_xcom.py took 1.260 seconds
[2022-04-30 21:14:28,442] {processor.py:163} INFO - Started process (PID=106) to work on /home/airflow/.local/lib/python3.7/site-packages/airflow/example_dags/example_xcom.py
[2022-04-30 21:14:28,444] {processor.py:642} INFO - Processing file /home/airflow/.local/lib/python3.7/site-packages/airflow/example_dags/example_xcom.py for tasks to queue
[2022-04-30 21:14:28,447] {logging_mixin.py:109} INFO - [2022-04-30 21:14:28,446] {dagbag.py:500} INFO - Filling up the DagBag from /home/airflow/.local/lib/python3.7/site-packages/airflow/example_dags/example_xcom.py
[2022-04-30 21:14:28,477] {processor.py:652} INFO - DAG(s) dict_keys(['example_xcom']) retrieved from /home/airflow/.local/lib/python3.7/site-packages/airflow/example_dags/example_xcom.py
[2022-04-30 21:14:28,775] {logging_mixin.py:109} INFO - [2022-04-30 21:14:28,775] {dag.py:2398} INFO - Sync 1 DAGs
[2022-04-30 21:14:28,793] {logging_mixin.py:109} INFO - [2022-04-30 21:14:28,792] {dag.py:2937} INFO - Setting next_dagrun for example_xcom to 2021-01-01T00:00:00+00:00
[2022-04-30 21:14:28,810] {processor.py:171} INFO - Processing /home/airflow/.local/lib/python3.7/site-packages/airflow/example_dags/example_xcom.py took 0.372 seconds
