[2022-04-30 21:10:12,297] {processor.py:163} INFO - Started process (PID=107) to work on /home/airflow/.local/lib/python3.7/site-packages/airflow/example_dags/example_latest_only.py
[2022-04-30 21:10:12,299] {processor.py:642} INFO - Processing file /home/airflow/.local/lib/python3.7/site-packages/airflow/example_dags/example_latest_only.py for tasks to queue
[2022-04-30 21:10:12,301] {logging_mixin.py:109} INFO - [2022-04-30 21:10:12,301] {dagbag.py:500} INFO - Filling up the DagBag from /home/airflow/.local/lib/python3.7/site-packages/airflow/example_dags/example_latest_only.py
[2022-04-30 21:10:12,320] {processor.py:652} INFO - DAG(s) dict_keys(['latest_only']) retrieved from /home/airflow/.local/lib/python3.7/site-packages/airflow/example_dags/example_latest_only.py
[2022-04-30 21:10:14,999] {logging_mixin.py:109} INFO - [2022-04-30 21:10:14,999] {manager.py:496} INFO - Created Permission View: can edit on DAG:latest_only
[2022-04-30 21:10:15,028] {logging_mixin.py:109} INFO - [2022-04-30 21:10:15,028] {manager.py:496} INFO - Created Permission View: can read on DAG:latest_only
[2022-04-30 21:10:15,038] {logging_mixin.py:109} INFO - [2022-04-30 21:10:15,037] {dag.py:2398} INFO - Sync 1 DAGs
[2022-04-30 21:10:15,053] {logging_mixin.py:109} INFO - [2022-04-30 21:10:15,053] {dag.py:2417} INFO - Creating ORM DAG for latest_only
[2022-04-30 21:10:15,069] {logging_mixin.py:109} INFO - [2022-04-30 21:10:15,068] {dag.py:2937} INFO - Setting next_dagrun for latest_only to 2022-04-30T17:10:15.068625+00:00
[2022-04-30 21:10:15,093] {processor.py:171} INFO - Processing /home/airflow/.local/lib/python3.7/site-packages/airflow/example_dags/example_latest_only.py took 2.800 seconds
[2022-04-30 21:10:45,499] {processor.py:163} INFO - Started process (PID=175) to work on /home/airflow/.local/lib/python3.7/site-packages/airflow/example_dags/example_latest_only.py
[2022-04-30 21:10:45,502] {processor.py:642} INFO - Processing file /home/airflow/.local/lib/python3.7/site-packages/airflow/example_dags/example_latest_only.py for tasks to queue
[2022-04-30 21:10:45,504] {logging_mixin.py:109} INFO - [2022-04-30 21:10:45,504] {dagbag.py:500} INFO - Filling up the DagBag from /home/airflow/.local/lib/python3.7/site-packages/airflow/example_dags/example_latest_only.py
[2022-04-30 21:10:45,522] {processor.py:652} INFO - DAG(s) dict_keys(['latest_only']) retrieved from /home/airflow/.local/lib/python3.7/site-packages/airflow/example_dags/example_latest_only.py
[2022-04-30 21:10:45,549] {logging_mixin.py:109} INFO - [2022-04-30 21:10:45,549] {dag.py:2398} INFO - Sync 1 DAGs
[2022-04-30 21:10:45,568] {logging_mixin.py:109} INFO - [2022-04-30 21:10:45,567] {dag.py:2937} INFO - Setting next_dagrun for latest_only to 2022-04-30T17:10:45.567641+00:00
[2022-04-30 21:10:45,580] {processor.py:171} INFO - Processing /home/airflow/.local/lib/python3.7/site-packages/airflow/example_dags/example_latest_only.py took 0.090 seconds
[2022-04-30 21:11:15,676] {processor.py:163} INFO - Started process (PID=238) to work on /home/airflow/.local/lib/python3.7/site-packages/airflow/example_dags/example_latest_only.py
[2022-04-30 21:11:15,681] {processor.py:642} INFO - Processing file /home/airflow/.local/lib/python3.7/site-packages/airflow/example_dags/example_latest_only.py for tasks to queue
[2022-04-30 21:11:15,683] {logging_mixin.py:109} INFO - [2022-04-30 21:11:15,683] {dagbag.py:500} INFO - Filling up the DagBag from /home/airflow/.local/lib/python3.7/site-packages/airflow/example_dags/example_latest_only.py
[2022-04-30 21:11:15,701] {processor.py:652} INFO - DAG(s) dict_keys(['latest_only']) retrieved from /home/airflow/.local/lib/python3.7/site-packages/airflow/example_dags/example_latest_only.py
[2022-04-30 21:11:15,741] {logging_mixin.py:109} INFO - [2022-04-30 21:11:15,741] {dag.py:2398} INFO - Sync 1 DAGs
[2022-04-30 21:11:15,764] {logging_mixin.py:109} INFO - [2022-04-30 21:11:15,764] {dag.py:2937} INFO - Setting next_dagrun for latest_only to 2022-04-30T17:11:15.764228+00:00
[2022-04-30 21:11:15,789] {processor.py:171} INFO - Processing /home/airflow/.local/lib/python3.7/site-packages/airflow/example_dags/example_latest_only.py took 0.117 seconds
[2022-04-30 21:11:45,991] {processor.py:163} INFO - Started process (PID=290) to work on /home/airflow/.local/lib/python3.7/site-packages/airflow/example_dags/example_latest_only.py
[2022-04-30 21:11:45,994] {processor.py:642} INFO - Processing file /home/airflow/.local/lib/python3.7/site-packages/airflow/example_dags/example_latest_only.py for tasks to queue
[2022-04-30 21:11:45,997] {logging_mixin.py:109} INFO - [2022-04-30 21:11:45,996] {dagbag.py:500} INFO - Filling up the DagBag from /home/airflow/.local/lib/python3.7/site-packages/airflow/example_dags/example_latest_only.py
[2022-04-30 21:11:46,016] {processor.py:652} INFO - DAG(s) dict_keys(['latest_only']) retrieved from /home/airflow/.local/lib/python3.7/site-packages/airflow/example_dags/example_latest_only.py
[2022-04-30 21:11:46,039] {logging_mixin.py:109} INFO - [2022-04-30 21:11:46,039] {dag.py:2398} INFO - Sync 1 DAGs
[2022-04-30 21:11:46,057] {logging_mixin.py:109} INFO - [2022-04-30 21:11:46,056] {dag.py:2937} INFO - Setting next_dagrun for latest_only to 2022-04-30T17:11:46.056647+00:00
[2022-04-30 21:11:46,070] {processor.py:171} INFO - Processing /home/airflow/.local/lib/python3.7/site-packages/airflow/example_dags/example_latest_only.py took 0.084 seconds
[2022-04-30 21:12:16,264] {processor.py:163} INFO - Started process (PID=353) to work on /home/airflow/.local/lib/python3.7/site-packages/airflow/example_dags/example_latest_only.py
[2022-04-30 21:12:16,267] {processor.py:642} INFO - Processing file /home/airflow/.local/lib/python3.7/site-packages/airflow/example_dags/example_latest_only.py for tasks to queue
[2022-04-30 21:12:16,269] {logging_mixin.py:109} INFO - [2022-04-30 21:12:16,268] {dagbag.py:500} INFO - Filling up the DagBag from /home/airflow/.local/lib/python3.7/site-packages/airflow/example_dags/example_latest_only.py
[2022-04-30 21:12:16,287] {processor.py:652} INFO - DAG(s) dict_keys(['latest_only']) retrieved from /home/airflow/.local/lib/python3.7/site-packages/airflow/example_dags/example_latest_only.py
[2022-04-30 21:12:16,316] {logging_mixin.py:109} INFO - [2022-04-30 21:12:16,316] {dag.py:2398} INFO - Sync 1 DAGs
[2022-04-30 21:12:16,337] {logging_mixin.py:109} INFO - [2022-04-30 21:12:16,337] {dag.py:2937} INFO - Setting next_dagrun for latest_only to 2022-04-30T17:12:16.336994+00:00
[2022-04-30 21:12:16,352] {processor.py:171} INFO - Processing /home/airflow/.local/lib/python3.7/site-packages/airflow/example_dags/example_latest_only.py took 0.095 seconds
[2022-04-30 21:14:00,022] {processor.py:163} INFO - Started process (PID=66) to work on /home/airflow/.local/lib/python3.7/site-packages/airflow/example_dags/example_latest_only.py
[2022-04-30 21:14:00,026] {processor.py:642} INFO - Processing file /home/airflow/.local/lib/python3.7/site-packages/airflow/example_dags/example_latest_only.py for tasks to queue
[2022-04-30 21:14:00,027] {logging_mixin.py:109} INFO - [2022-04-30 21:14:00,027] {dagbag.py:500} INFO - Filling up the DagBag from /home/airflow/.local/lib/python3.7/site-packages/airflow/example_dags/example_latest_only.py
[2022-04-30 21:14:00,061] {processor.py:652} INFO - DAG(s) dict_keys(['latest_only']) retrieved from /home/airflow/.local/lib/python3.7/site-packages/airflow/example_dags/example_latest_only.py
[2022-04-30 21:14:00,109] {logging_mixin.py:109} INFO - [2022-04-30 21:14:00,108] {dag.py:2398} INFO - Sync 1 DAGs
[2022-04-30 21:14:00,146] {logging_mixin.py:109} INFO - [2022-04-30 21:14:00,146] {dag.py:2937} INFO - Setting next_dagrun for latest_only to 2022-04-30T17:14:00.145893+00:00
[2022-04-30 21:14:00,170] {processor.py:171} INFO - Processing /home/airflow/.local/lib/python3.7/site-packages/airflow/example_dags/example_latest_only.py took 0.151 seconds
[2022-04-30 21:14:30,752] {processor.py:163} INFO - Started process (PID=125) to work on /home/airflow/.local/lib/python3.7/site-packages/airflow/example_dags/example_latest_only.py
[2022-04-30 21:14:30,770] {processor.py:642} INFO - Processing file /home/airflow/.local/lib/python3.7/site-packages/airflow/example_dags/example_latest_only.py for tasks to queue
[2022-04-30 21:14:30,787] {logging_mixin.py:109} INFO - [2022-04-30 21:14:30,787] {dagbag.py:500} INFO - Filling up the DagBag from /home/airflow/.local/lib/python3.7/site-packages/airflow/example_dags/example_latest_only.py
[2022-04-30 21:14:30,928] {processor.py:652} INFO - DAG(s) dict_keys(['latest_only']) retrieved from /home/airflow/.local/lib/python3.7/site-packages/airflow/example_dags/example_latest_only.py
[2022-04-30 21:14:31,062] {logging_mixin.py:109} INFO - [2022-04-30 21:14:31,059] {dag.py:2398} INFO - Sync 1 DAGs
[2022-04-30 21:14:31,098] {logging_mixin.py:109} INFO - [2022-04-30 21:14:31,098] {dag.py:2937} INFO - Setting next_dagrun for latest_only to 2022-04-30T17:14:31.097747+00:00
[2022-04-30 21:14:31,157] {processor.py:171} INFO - Processing /home/airflow/.local/lib/python3.7/site-packages/airflow/example_dags/example_latest_only.py took 0.415 seconds
