[2022-04-30 21:10:05,836] {processor.py:163} INFO - Started process (PID=81) to work on /home/airflow/.local/lib/python3.7/site-packages/airflow/example_dags/example_short_circuit_operator.py
[2022-04-30 21:10:05,841] {processor.py:642} INFO - Processing file /home/airflow/.local/lib/python3.7/site-packages/airflow/example_dags/example_short_circuit_operator.py for tasks to queue
[2022-04-30 21:10:05,842] {logging_mixin.py:109} INFO - [2022-04-30 21:10:05,842] {dagbag.py:500} INFO - Filling up the DagBag from /home/airflow/.local/lib/python3.7/site-packages/airflow/example_dags/example_short_circuit_operator.py
[2022-04-30 21:10:05,876] {processor.py:652} INFO - DAG(s) dict_keys(['example_short_circuit_operator']) retrieved from /home/airflow/.local/lib/python3.7/site-packages/airflow/example_dags/example_short_circuit_operator.py
[2022-04-30 21:10:07,783] {logging_mixin.py:109} INFO - [2022-04-30 21:10:07,783] {manager.py:496} INFO - Created Permission View: can edit on DAG:example_short_circuit_operator
[2022-04-30 21:10:07,802] {logging_mixin.py:109} INFO - [2022-04-30 21:10:07,802] {manager.py:496} INFO - Created Permission View: can read on DAG:example_short_circuit_operator
[2022-04-30 21:10:07,804] {logging_mixin.py:109} INFO - [2022-04-30 21:10:07,804] {dag.py:2398} INFO - Sync 1 DAGs
[2022-04-30 21:10:07,813] {logging_mixin.py:109} INFO - [2022-04-30 21:10:07,812] {dag.py:2417} INFO - Creating ORM DAG for example_short_circuit_operator
[2022-04-30 21:10:07,832] {logging_mixin.py:109} INFO - [2022-04-30 21:10:07,832] {dag.py:2937} INFO - Setting next_dagrun for example_short_circuit_operator to 2022-04-29T21:10:07.831641+00:00
[2022-04-30 21:10:07,874] {processor.py:171} INFO - Processing /home/airflow/.local/lib/python3.7/site-packages/airflow/example_dags/example_short_circuit_operator.py took 2.042 seconds
[2022-04-30 21:10:38,282] {processor.py:163} INFO - Started process (PID=170) to work on /home/airflow/.local/lib/python3.7/site-packages/airflow/example_dags/example_short_circuit_operator.py
[2022-04-30 21:10:38,284] {processor.py:642} INFO - Processing file /home/airflow/.local/lib/python3.7/site-packages/airflow/example_dags/example_short_circuit_operator.py for tasks to queue
[2022-04-30 21:10:38,286] {logging_mixin.py:109} INFO - [2022-04-30 21:10:38,285] {dagbag.py:500} INFO - Filling up the DagBag from /home/airflow/.local/lib/python3.7/site-packages/airflow/example_dags/example_short_circuit_operator.py
[2022-04-30 21:10:38,309] {processor.py:652} INFO - DAG(s) dict_keys(['example_short_circuit_operator']) retrieved from /home/airflow/.local/lib/python3.7/site-packages/airflow/example_dags/example_short_circuit_operator.py
[2022-04-30 21:10:38,335] {logging_mixin.py:109} INFO - [2022-04-30 21:10:38,335] {dag.py:2398} INFO - Sync 1 DAGs
[2022-04-30 21:10:38,355] {logging_mixin.py:109} INFO - [2022-04-30 21:10:38,355] {dag.py:2937} INFO - Setting next_dagrun for example_short_circuit_operator to 2022-04-29T21:10:38.355226+00:00
[2022-04-30 21:10:38,368] {processor.py:171} INFO - Processing /home/airflow/.local/lib/python3.7/site-packages/airflow/example_dags/example_short_circuit_operator.py took 0.092 seconds
[2022-04-30 21:11:08,414] {processor.py:163} INFO - Started process (PID=223) to work on /home/airflow/.local/lib/python3.7/site-packages/airflow/example_dags/example_short_circuit_operator.py
[2022-04-30 21:11:08,421] {processor.py:642} INFO - Processing file /home/airflow/.local/lib/python3.7/site-packages/airflow/example_dags/example_short_circuit_operator.py for tasks to queue
[2022-04-30 21:11:08,423] {logging_mixin.py:109} INFO - [2022-04-30 21:11:08,423] {dagbag.py:500} INFO - Filling up the DagBag from /home/airflow/.local/lib/python3.7/site-packages/airflow/example_dags/example_short_circuit_operator.py
[2022-04-30 21:11:08,449] {processor.py:652} INFO - DAG(s) dict_keys(['example_short_circuit_operator']) retrieved from /home/airflow/.local/lib/python3.7/site-packages/airflow/example_dags/example_short_circuit_operator.py
[2022-04-30 21:11:08,486] {logging_mixin.py:109} INFO - [2022-04-30 21:11:08,486] {dag.py:2398} INFO - Sync 1 DAGs
[2022-04-30 21:11:08,511] {logging_mixin.py:109} INFO - [2022-04-30 21:11:08,511] {dag.py:2937} INFO - Setting next_dagrun for example_short_circuit_operator to 2022-04-29T21:11:08.510997+00:00
[2022-04-30 21:11:08,530] {processor.py:171} INFO - Processing /home/airflow/.local/lib/python3.7/site-packages/airflow/example_dags/example_short_circuit_operator.py took 0.119 seconds
[2022-04-30 21:11:38,637] {processor.py:163} INFO - Started process (PID=285) to work on /home/airflow/.local/lib/python3.7/site-packages/airflow/example_dags/example_short_circuit_operator.py
[2022-04-30 21:11:38,640] {processor.py:642} INFO - Processing file /home/airflow/.local/lib/python3.7/site-packages/airflow/example_dags/example_short_circuit_operator.py for tasks to queue
[2022-04-30 21:11:38,643] {logging_mixin.py:109} INFO - [2022-04-30 21:11:38,643] {dagbag.py:500} INFO - Filling up the DagBag from /home/airflow/.local/lib/python3.7/site-packages/airflow/example_dags/example_short_circuit_operator.py
[2022-04-30 21:11:38,664] {processor.py:652} INFO - DAG(s) dict_keys(['example_short_circuit_operator']) retrieved from /home/airflow/.local/lib/python3.7/site-packages/airflow/example_dags/example_short_circuit_operator.py
[2022-04-30 21:11:38,686] {logging_mixin.py:109} INFO - [2022-04-30 21:11:38,686] {dag.py:2398} INFO - Sync 1 DAGs
[2022-04-30 21:11:38,711] {logging_mixin.py:109} INFO - [2022-04-30 21:11:38,711] {dag.py:2937} INFO - Setting next_dagrun for example_short_circuit_operator to 2022-04-29T21:11:38.711484+00:00
[2022-04-30 21:11:38,732] {processor.py:171} INFO - Processing /home/airflow/.local/lib/python3.7/site-packages/airflow/example_dags/example_short_circuit_operator.py took 0.100 seconds
[2022-04-30 21:12:09,005] {processor.py:163} INFO - Started process (PID=337) to work on /home/airflow/.local/lib/python3.7/site-packages/airflow/example_dags/example_short_circuit_operator.py
[2022-04-30 21:12:09,008] {processor.py:642} INFO - Processing file /home/airflow/.local/lib/python3.7/site-packages/airflow/example_dags/example_short_circuit_operator.py for tasks to queue
[2022-04-30 21:12:09,013] {logging_mixin.py:109} INFO - [2022-04-30 21:12:09,012] {dagbag.py:500} INFO - Filling up the DagBag from /home/airflow/.local/lib/python3.7/site-packages/airflow/example_dags/example_short_circuit_operator.py
[2022-04-30 21:12:09,036] {processor.py:652} INFO - DAG(s) dict_keys(['example_short_circuit_operator']) retrieved from /home/airflow/.local/lib/python3.7/site-packages/airflow/example_dags/example_short_circuit_operator.py
[2022-04-30 21:12:09,073] {logging_mixin.py:109} INFO - [2022-04-30 21:12:09,073] {dag.py:2398} INFO - Sync 1 DAGs
[2022-04-30 21:12:09,092] {logging_mixin.py:109} INFO - [2022-04-30 21:12:09,091] {dag.py:2937} INFO - Setting next_dagrun for example_short_circuit_operator to 2022-04-29T21:12:09.091711+00:00
[2022-04-30 21:12:09,102] {processor.py:171} INFO - Processing /home/airflow/.local/lib/python3.7/site-packages/airflow/example_dags/example_short_circuit_operator.py took 0.100 seconds
[2022-04-30 21:13:59,017] {processor.py:163} INFO - Started process (PID=61) to work on /home/airflow/.local/lib/python3.7/site-packages/airflow/example_dags/example_short_circuit_operator.py
[2022-04-30 21:13:59,028] {processor.py:642} INFO - Processing file /home/airflow/.local/lib/python3.7/site-packages/airflow/example_dags/example_short_circuit_operator.py for tasks to queue
[2022-04-30 21:13:59,038] {logging_mixin.py:109} INFO - [2022-04-30 21:13:59,038] {dagbag.py:500} INFO - Filling up the DagBag from /home/airflow/.local/lib/python3.7/site-packages/airflow/example_dags/example_short_circuit_operator.py
[2022-04-30 21:13:59,097] {processor.py:652} INFO - DAG(s) dict_keys(['example_short_circuit_operator']) retrieved from /home/airflow/.local/lib/python3.7/site-packages/airflow/example_dags/example_short_circuit_operator.py
[2022-04-30 21:13:59,230] {logging_mixin.py:109} INFO - [2022-04-30 21:13:59,230] {dag.py:2398} INFO - Sync 1 DAGs
[2022-04-30 21:13:59,266] {logging_mixin.py:109} INFO - [2022-04-30 21:13:59,266] {dag.py:2937} INFO - Setting next_dagrun for example_short_circuit_operator to 2022-04-29T21:13:59.265707+00:00
[2022-04-30 21:13:59,291] {processor.py:171} INFO - Processing /home/airflow/.local/lib/python3.7/site-packages/airflow/example_dags/example_short_circuit_operator.py took 0.291 seconds
[2022-04-30 21:14:30,068] {processor.py:163} INFO - Started process (PID=111) to work on /home/airflow/.local/lib/python3.7/site-packages/airflow/example_dags/example_short_circuit_operator.py
[2022-04-30 21:14:30,070] {processor.py:642} INFO - Processing file /home/airflow/.local/lib/python3.7/site-packages/airflow/example_dags/example_short_circuit_operator.py for tasks to queue
[2022-04-30 21:14:30,071] {logging_mixin.py:109} INFO - [2022-04-30 21:14:30,071] {dagbag.py:500} INFO - Filling up the DagBag from /home/airflow/.local/lib/python3.7/site-packages/airflow/example_dags/example_short_circuit_operator.py
[2022-04-30 21:14:30,099] {processor.py:652} INFO - DAG(s) dict_keys(['example_short_circuit_operator']) retrieved from /home/airflow/.local/lib/python3.7/site-packages/airflow/example_dags/example_short_circuit_operator.py
[2022-04-30 21:14:30,126] {logging_mixin.py:109} INFO - [2022-04-30 21:14:30,126] {dag.py:2398} INFO - Sync 1 DAGs
[2022-04-30 21:14:30,157] {logging_mixin.py:109} INFO - [2022-04-30 21:14:30,157] {dag.py:2937} INFO - Setting next_dagrun for example_short_circuit_operator to 2022-04-29T21:14:30.157152+00:00
[2022-04-30 21:14:30,170] {processor.py:171} INFO - Processing /home/airflow/.local/lib/python3.7/site-packages/airflow/example_dags/example_short_circuit_operator.py took 0.107 seconds
