[2022-04-30 21:08:11,208] {processor.py:163} INFO - Started process (PID=89) to work on /home/airflow/.local/lib/python3.7/site-packages/airflow/example_dags/example_branch_operator.py
[2022-04-30 21:08:11,215] {processor.py:642} INFO - Processing file /home/airflow/.local/lib/python3.7/site-packages/airflow/example_dags/example_branch_operator.py for tasks to queue
[2022-04-30 21:08:11,219] {logging_mixin.py:109} INFO - [2022-04-30 21:08:11,219] {dagbag.py:500} INFO - Filling up the DagBag from /home/airflow/.local/lib/python3.7/site-packages/airflow/example_dags/example_branch_operator.py
[2022-04-30 21:08:11,299] {processor.py:652} INFO - DAG(s) dict_keys(['example_branch_operator']) retrieved from /home/airflow/.local/lib/python3.7/site-packages/airflow/example_dags/example_branch_operator.py
[2022-04-30 21:08:13,280] {logging_mixin.py:109} INFO - [2022-04-30 21:08:13,279] {manager.py:496} INFO - Created Permission View: can edit on DAG:example_branch_operator
[2022-04-30 21:08:13,298] {logging_mixin.py:109} INFO - [2022-04-30 21:08:13,297] {manager.py:496} INFO - Created Permission View: can read on DAG:example_branch_operator
[2022-04-30 21:08:13,300] {logging_mixin.py:109} INFO - [2022-04-30 21:08:13,299] {dag.py:2398} INFO - Sync 1 DAGs
[2022-04-30 21:08:13,311] {logging_mixin.py:109} INFO - [2022-04-30 21:08:13,310] {dag.py:2417} INFO - Creating ORM DAG for example_branch_operator
[2022-04-30 21:08:13,322] {logging_mixin.py:109} INFO - [2022-04-30 21:08:13,322] {dag.py:2937} INFO - Setting next_dagrun for example_branch_operator to 2022-04-29 00:00:00+00:00
[2022-04-30 21:08:13,344] {processor.py:171} INFO - Processing /home/airflow/.local/lib/python3.7/site-packages/airflow/example_dags/example_branch_operator.py took 2.140 seconds
[2022-04-30 21:09:57,105] {processor.py:163} INFO - Started process (PID=38) to work on /home/airflow/.local/lib/python3.7/site-packages/airflow/example_dags/example_branch_operator.py
[2022-04-30 21:09:57,112] {processor.py:642} INFO - Processing file /home/airflow/.local/lib/python3.7/site-packages/airflow/example_dags/example_branch_operator.py for tasks to queue
[2022-04-30 21:09:57,116] {logging_mixin.py:109} INFO - [2022-04-30 21:09:57,116] {dagbag.py:500} INFO - Filling up the DagBag from /home/airflow/.local/lib/python3.7/site-packages/airflow/example_dags/example_branch_operator.py
[2022-04-30 21:09:57,162] {processor.py:652} INFO - DAG(s) dict_keys(['example_branch_operator']) retrieved from /home/airflow/.local/lib/python3.7/site-packages/airflow/example_dags/example_branch_operator.py
[2022-04-30 21:09:57,209] {logging_mixin.py:109} INFO - [2022-04-30 21:09:57,209] {dag.py:2398} INFO - Sync 1 DAGs
[2022-04-30 21:09:57,234] {logging_mixin.py:109} INFO - [2022-04-30 21:09:57,234] {dag.py:2937} INFO - Setting next_dagrun for example_branch_operator to 2022-04-29 00:00:00+00:00
[2022-04-30 21:09:57,244] {processor.py:171} INFO - Processing /home/airflow/.local/lib/python3.7/site-packages/airflow/example_dags/example_branch_operator.py took 0.149 seconds
[2022-04-30 21:10:28,194] {processor.py:163} INFO - Started process (PID=146) to work on /home/airflow/.local/lib/python3.7/site-packages/airflow/example_dags/example_branch_operator.py
[2022-04-30 21:10:28,197] {processor.py:642} INFO - Processing file /home/airflow/.local/lib/python3.7/site-packages/airflow/example_dags/example_branch_operator.py for tasks to queue
[2022-04-30 21:10:28,199] {logging_mixin.py:109} INFO - [2022-04-30 21:10:28,198] {dagbag.py:500} INFO - Filling up the DagBag from /home/airflow/.local/lib/python3.7/site-packages/airflow/example_dags/example_branch_operator.py
[2022-04-30 21:10:28,222] {processor.py:652} INFO - DAG(s) dict_keys(['example_branch_operator']) retrieved from /home/airflow/.local/lib/python3.7/site-packages/airflow/example_dags/example_branch_operator.py
[2022-04-30 21:10:28,252] {logging_mixin.py:109} INFO - [2022-04-30 21:10:28,251] {dag.py:2398} INFO - Sync 1 DAGs
[2022-04-30 21:10:28,279] {logging_mixin.py:109} INFO - [2022-04-30 21:10:28,279] {dag.py:2937} INFO - Setting next_dagrun for example_branch_operator to 2022-04-29 00:00:00+00:00
[2022-04-30 21:10:28,296] {processor.py:171} INFO - Processing /home/airflow/.local/lib/python3.7/site-packages/airflow/example_dags/example_branch_operator.py took 0.108 seconds
[2022-04-30 21:10:59,365] {processor.py:163} INFO - Started process (PID=197) to work on /home/airflow/.local/lib/python3.7/site-packages/airflow/example_dags/example_branch_operator.py
[2022-04-30 21:10:59,368] {processor.py:642} INFO - Processing file /home/airflow/.local/lib/python3.7/site-packages/airflow/example_dags/example_branch_operator.py for tasks to queue
[2022-04-30 21:10:59,370] {logging_mixin.py:109} INFO - [2022-04-30 21:10:59,370] {dagbag.py:500} INFO - Filling up the DagBag from /home/airflow/.local/lib/python3.7/site-packages/airflow/example_dags/example_branch_operator.py
[2022-04-30 21:10:59,399] {processor.py:652} INFO - DAG(s) dict_keys(['example_branch_operator']) retrieved from /home/airflow/.local/lib/python3.7/site-packages/airflow/example_dags/example_branch_operator.py
[2022-04-30 21:10:59,435] {logging_mixin.py:109} INFO - [2022-04-30 21:10:59,435] {dag.py:2398} INFO - Sync 1 DAGs
[2022-04-30 21:10:59,477] {logging_mixin.py:109} INFO - [2022-04-30 21:10:59,477] {dag.py:2937} INFO - Setting next_dagrun for example_branch_operator to 2022-04-29 00:00:00+00:00
[2022-04-30 21:10:59,502] {processor.py:171} INFO - Processing /home/airflow/.local/lib/python3.7/site-packages/airflow/example_dags/example_branch_operator.py took 0.142 seconds
[2022-04-30 21:11:30,736] {processor.py:163} INFO - Started process (PID=260) to work on /home/airflow/.local/lib/python3.7/site-packages/airflow/example_dags/example_branch_operator.py
[2022-04-30 21:11:30,739] {processor.py:642} INFO - Processing file /home/airflow/.local/lib/python3.7/site-packages/airflow/example_dags/example_branch_operator.py for tasks to queue
[2022-04-30 21:11:30,741] {logging_mixin.py:109} INFO - [2022-04-30 21:11:30,741] {dagbag.py:500} INFO - Filling up the DagBag from /home/airflow/.local/lib/python3.7/site-packages/airflow/example_dags/example_branch_operator.py
[2022-04-30 21:11:30,769] {processor.py:652} INFO - DAG(s) dict_keys(['example_branch_operator']) retrieved from /home/airflow/.local/lib/python3.7/site-packages/airflow/example_dags/example_branch_operator.py
[2022-04-30 21:11:30,800] {logging_mixin.py:109} INFO - [2022-04-30 21:11:30,800] {dag.py:2398} INFO - Sync 1 DAGs
[2022-04-30 21:11:30,825] {logging_mixin.py:109} INFO - [2022-04-30 21:11:30,824] {dag.py:2937} INFO - Setting next_dagrun for example_branch_operator to 2022-04-29 00:00:00+00:00
[2022-04-30 21:11:30,838] {processor.py:171} INFO - Processing /home/airflow/.local/lib/python3.7/site-packages/airflow/example_dags/example_branch_operator.py took 0.108 seconds
[2022-04-30 21:12:01,868] {processor.py:163} INFO - Started process (PID=322) to work on /home/airflow/.local/lib/python3.7/site-packages/airflow/example_dags/example_branch_operator.py
[2022-04-30 21:12:01,871] {processor.py:642} INFO - Processing file /home/airflow/.local/lib/python3.7/site-packages/airflow/example_dags/example_branch_operator.py for tasks to queue
[2022-04-30 21:12:01,872] {logging_mixin.py:109} INFO - [2022-04-30 21:12:01,872] {dagbag.py:500} INFO - Filling up the DagBag from /home/airflow/.local/lib/python3.7/site-packages/airflow/example_dags/example_branch_operator.py
[2022-04-30 21:12:01,897] {processor.py:652} INFO - DAG(s) dict_keys(['example_branch_operator']) retrieved from /home/airflow/.local/lib/python3.7/site-packages/airflow/example_dags/example_branch_operator.py
[2022-04-30 21:12:01,936] {logging_mixin.py:109} INFO - [2022-04-30 21:12:01,936] {dag.py:2398} INFO - Sync 1 DAGs
[2022-04-30 21:12:01,959] {logging_mixin.py:109} INFO - [2022-04-30 21:12:01,959] {dag.py:2937} INFO - Setting next_dagrun for example_branch_operator to 2022-04-29 00:00:00+00:00
[2022-04-30 21:12:01,974] {processor.py:171} INFO - Processing /home/airflow/.local/lib/python3.7/site-packages/airflow/example_dags/example_branch_operator.py took 0.111 seconds
[2022-04-30 21:13:56,003] {processor.py:163} INFO - Started process (PID=46) to work on /home/airflow/.local/lib/python3.7/site-packages/airflow/example_dags/example_branch_operator.py
[2022-04-30 21:13:56,010] {processor.py:642} INFO - Processing file /home/airflow/.local/lib/python3.7/site-packages/airflow/example_dags/example_branch_operator.py for tasks to queue
[2022-04-30 21:13:56,013] {logging_mixin.py:109} INFO - [2022-04-30 21:13:56,012] {dagbag.py:500} INFO - Filling up the DagBag from /home/airflow/.local/lib/python3.7/site-packages/airflow/example_dags/example_branch_operator.py
[2022-04-30 21:13:56,073] {processor.py:652} INFO - DAG(s) dict_keys(['example_branch_operator']) retrieved from /home/airflow/.local/lib/python3.7/site-packages/airflow/example_dags/example_branch_operator.py
[2022-04-30 21:13:56,110] {logging_mixin.py:109} INFO - [2022-04-30 21:13:56,110] {dag.py:2398} INFO - Sync 1 DAGs
[2022-04-30 21:13:56,170] {logging_mixin.py:109} INFO - [2022-04-30 21:13:56,170] {dag.py:2937} INFO - Setting next_dagrun for example_branch_operator to 2022-04-29 00:00:00+00:00
[2022-04-30 21:13:56,186] {processor.py:171} INFO - Processing /home/airflow/.local/lib/python3.7/site-packages/airflow/example_dags/example_branch_operator.py took 0.189 seconds
[2022-04-30 21:14:26,287] {processor.py:163} INFO - Started process (PID=96) to work on /home/airflow/.local/lib/python3.7/site-packages/airflow/example_dags/example_branch_operator.py
[2022-04-30 21:14:26,290] {processor.py:642} INFO - Processing file /home/airflow/.local/lib/python3.7/site-packages/airflow/example_dags/example_branch_operator.py for tasks to queue
[2022-04-30 21:14:26,292] {logging_mixin.py:109} INFO - [2022-04-30 21:14:26,291] {dagbag.py:500} INFO - Filling up the DagBag from /home/airflow/.local/lib/python3.7/site-packages/airflow/example_dags/example_branch_operator.py
[2022-04-30 21:14:26,317] {processor.py:652} INFO - DAG(s) dict_keys(['example_branch_operator']) retrieved from /home/airflow/.local/lib/python3.7/site-packages/airflow/example_dags/example_branch_operator.py
[2022-04-30 21:14:26,344] {logging_mixin.py:109} INFO - [2022-04-30 21:14:26,343] {dag.py:2398} INFO - Sync 1 DAGs
[2022-04-30 21:14:26,366] {logging_mixin.py:109} INFO - [2022-04-30 21:14:26,366] {dag.py:2937} INFO - Setting next_dagrun for example_branch_operator to 2022-04-29 00:00:00+00:00
[2022-04-30 21:14:26,379] {processor.py:171} INFO - Processing /home/airflow/.local/lib/python3.7/site-packages/airflow/example_dags/example_branch_operator.py took 0.095 seconds
