[2022-04-30 21:08:18,462] {processor.py:163} INFO - Started process (PID=130) to work on /home/airflow/.local/lib/python3.7/site-packages/airflow/example_dags/example_branch_day_of_week_operator.py
[2022-04-30 21:08:18,466] {processor.py:642} INFO - Processing file /home/airflow/.local/lib/python3.7/site-packages/airflow/example_dags/example_branch_day_of_week_operator.py for tasks to queue
[2022-04-30 21:08:18,468] {logging_mixin.py:109} INFO - [2022-04-30 21:08:18,467] {dagbag.py:500} INFO - Filling up the DagBag from /home/airflow/.local/lib/python3.7/site-packages/airflow/example_dags/example_branch_day_of_week_operator.py
[2022-04-30 21:08:18,500] {processor.py:652} INFO - DAG(s) dict_keys(['example_weekday_branch_operator']) retrieved from /home/airflow/.local/lib/python3.7/site-packages/airflow/example_dags/example_branch_day_of_week_operator.py
[2022-04-30 21:08:21,246] {logging_mixin.py:109} INFO - [2022-04-30 21:08:21,246] {manager.py:496} INFO - Created Permission View: can edit on DAG:example_weekday_branch_operator
[2022-04-30 21:08:21,267] {logging_mixin.py:109} INFO - [2022-04-30 21:08:21,267] {manager.py:496} INFO - Created Permission View: can read on DAG:example_weekday_branch_operator
[2022-04-30 21:08:21,272] {logging_mixin.py:109} INFO - [2022-04-30 21:08:21,271] {dag.py:2398} INFO - Sync 1 DAGs
[2022-04-30 21:08:21,292] {logging_mixin.py:109} INFO - [2022-04-30 21:08:21,291] {dag.py:2417} INFO - Creating ORM DAG for example_weekday_branch_operator
[2022-04-30 21:08:21,323] {logging_mixin.py:109} INFO - [2022-04-30 21:08:21,323] {dag.py:2937} INFO - Setting next_dagrun for example_weekday_branch_operator to 2022-04-29 00:00:00+00:00
[2022-04-30 21:08:21,345] {processor.py:171} INFO - Processing /home/airflow/.local/lib/python3.7/site-packages/airflow/example_dags/example_branch_day_of_week_operator.py took 2.893 seconds
[2022-04-30 21:09:58,645] {processor.py:163} INFO - Started process (PID=54) to work on /home/airflow/.local/lib/python3.7/site-packages/airflow/example_dags/example_branch_day_of_week_operator.py
[2022-04-30 21:09:58,649] {processor.py:642} INFO - Processing file /home/airflow/.local/lib/python3.7/site-packages/airflow/example_dags/example_branch_day_of_week_operator.py for tasks to queue
[2022-04-30 21:09:58,653] {logging_mixin.py:109} INFO - [2022-04-30 21:09:58,652] {dagbag.py:500} INFO - Filling up the DagBag from /home/airflow/.local/lib/python3.7/site-packages/airflow/example_dags/example_branch_day_of_week_operator.py
[2022-04-30 21:09:58,678] {processor.py:652} INFO - DAG(s) dict_keys(['example_weekday_branch_operator']) retrieved from /home/airflow/.local/lib/python3.7/site-packages/airflow/example_dags/example_branch_day_of_week_operator.py
[2022-04-30 21:09:58,759] {logging_mixin.py:109} INFO - [2022-04-30 21:09:58,759] {dag.py:2398} INFO - Sync 1 DAGs
[2022-04-30 21:09:58,800] {logging_mixin.py:109} INFO - [2022-04-30 21:09:58,800] {dag.py:2937} INFO - Setting next_dagrun for example_weekday_branch_operator to 2022-04-29 00:00:00+00:00
[2022-04-30 21:09:58,847] {processor.py:171} INFO - Processing /home/airflow/.local/lib/python3.7/site-packages/airflow/example_dags/example_branch_day_of_week_operator.py took 0.210 seconds
[2022-04-30 21:10:28,958] {processor.py:163} INFO - Started process (PID=152) to work on /home/airflow/.local/lib/python3.7/site-packages/airflow/example_dags/example_branch_day_of_week_operator.py
[2022-04-30 21:10:28,960] {processor.py:642} INFO - Processing file /home/airflow/.local/lib/python3.7/site-packages/airflow/example_dags/example_branch_day_of_week_operator.py for tasks to queue
[2022-04-30 21:10:28,961] {logging_mixin.py:109} INFO - [2022-04-30 21:10:28,961] {dagbag.py:500} INFO - Filling up the DagBag from /home/airflow/.local/lib/python3.7/site-packages/airflow/example_dags/example_branch_day_of_week_operator.py
[2022-04-30 21:10:28,976] {processor.py:652} INFO - DAG(s) dict_keys(['example_weekday_branch_operator']) retrieved from /home/airflow/.local/lib/python3.7/site-packages/airflow/example_dags/example_branch_day_of_week_operator.py
[2022-04-30 21:10:28,997] {logging_mixin.py:109} INFO - [2022-04-30 21:10:28,997] {dag.py:2398} INFO - Sync 1 DAGs
[2022-04-30 21:10:29,015] {logging_mixin.py:109} INFO - [2022-04-30 21:10:29,015] {dag.py:2937} INFO - Setting next_dagrun for example_weekday_branch_operator to 2022-04-29 00:00:00+00:00
[2022-04-30 21:10:29,026] {processor.py:171} INFO - Processing /home/airflow/.local/lib/python3.7/site-packages/airflow/example_dags/example_branch_day_of_week_operator.py took 0.071 seconds
[2022-04-30 21:11:00,174] {processor.py:163} INFO - Started process (PID=203) to work on /home/airflow/.local/lib/python3.7/site-packages/airflow/example_dags/example_branch_day_of_week_operator.py
[2022-04-30 21:11:00,176] {processor.py:642} INFO - Processing file /home/airflow/.local/lib/python3.7/site-packages/airflow/example_dags/example_branch_day_of_week_operator.py for tasks to queue
[2022-04-30 21:11:00,177] {logging_mixin.py:109} INFO - [2022-04-30 21:11:00,177] {dagbag.py:500} INFO - Filling up the DagBag from /home/airflow/.local/lib/python3.7/site-packages/airflow/example_dags/example_branch_day_of_week_operator.py
[2022-04-30 21:11:00,196] {processor.py:652} INFO - DAG(s) dict_keys(['example_weekday_branch_operator']) retrieved from /home/airflow/.local/lib/python3.7/site-packages/airflow/example_dags/example_branch_day_of_week_operator.py
[2022-04-30 21:11:00,220] {logging_mixin.py:109} INFO - [2022-04-30 21:11:00,220] {dag.py:2398} INFO - Sync 1 DAGs
[2022-04-30 21:11:00,240] {logging_mixin.py:109} INFO - [2022-04-30 21:11:00,240] {dag.py:2937} INFO - Setting next_dagrun for example_weekday_branch_operator to 2022-04-29 00:00:00+00:00
[2022-04-30 21:11:00,252] {processor.py:171} INFO - Processing /home/airflow/.local/lib/python3.7/site-packages/airflow/example_dags/example_branch_day_of_week_operator.py took 0.081 seconds
[2022-04-30 21:11:31,534] {processor.py:163} INFO - Started process (PID=266) to work on /home/airflow/.local/lib/python3.7/site-packages/airflow/example_dags/example_branch_day_of_week_operator.py
[2022-04-30 21:11:31,537] {processor.py:642} INFO - Processing file /home/airflow/.local/lib/python3.7/site-packages/airflow/example_dags/example_branch_day_of_week_operator.py for tasks to queue
[2022-04-30 21:11:31,538] {logging_mixin.py:109} INFO - [2022-04-30 21:11:31,538] {dagbag.py:500} INFO - Filling up the DagBag from /home/airflow/.local/lib/python3.7/site-packages/airflow/example_dags/example_branch_day_of_week_operator.py
[2022-04-30 21:11:31,556] {processor.py:652} INFO - DAG(s) dict_keys(['example_weekday_branch_operator']) retrieved from /home/airflow/.local/lib/python3.7/site-packages/airflow/example_dags/example_branch_day_of_week_operator.py
[2022-04-30 21:11:31,579] {logging_mixin.py:109} INFO - [2022-04-30 21:11:31,578] {dag.py:2398} INFO - Sync 1 DAGs
[2022-04-30 21:11:31,599] {logging_mixin.py:109} INFO - [2022-04-30 21:11:31,598] {dag.py:2937} INFO - Setting next_dagrun for example_weekday_branch_operator to 2022-04-29 00:00:00+00:00
[2022-04-30 21:11:31,608] {processor.py:171} INFO - Processing /home/airflow/.local/lib/python3.7/site-packages/airflow/example_dags/example_branch_day_of_week_operator.py took 0.077 seconds
[2022-04-30 21:12:02,512] {processor.py:163} INFO - Started process (PID=328) to work on /home/airflow/.local/lib/python3.7/site-packages/airflow/example_dags/example_branch_day_of_week_operator.py
[2022-04-30 21:12:02,514] {processor.py:642} INFO - Processing file /home/airflow/.local/lib/python3.7/site-packages/airflow/example_dags/example_branch_day_of_week_operator.py for tasks to queue
[2022-04-30 21:12:02,515] {logging_mixin.py:109} INFO - [2022-04-30 21:12:02,515] {dagbag.py:500} INFO - Filling up the DagBag from /home/airflow/.local/lib/python3.7/site-packages/airflow/example_dags/example_branch_day_of_week_operator.py
[2022-04-30 21:12:02,538] {processor.py:652} INFO - DAG(s) dict_keys(['example_weekday_branch_operator']) retrieved from /home/airflow/.local/lib/python3.7/site-packages/airflow/example_dags/example_branch_day_of_week_operator.py
[2022-04-30 21:12:02,559] {logging_mixin.py:109} INFO - [2022-04-30 21:12:02,559] {dag.py:2398} INFO - Sync 1 DAGs
[2022-04-30 21:12:02,579] {logging_mixin.py:109} INFO - [2022-04-30 21:12:02,579] {dag.py:2937} INFO - Setting next_dagrun for example_weekday_branch_operator to 2022-04-29 00:00:00+00:00
[2022-04-30 21:12:02,591] {processor.py:171} INFO - Processing /home/airflow/.local/lib/python3.7/site-packages/airflow/example_dags/example_branch_day_of_week_operator.py took 0.082 seconds
[2022-04-30 21:13:57,142] {processor.py:163} INFO - Started process (PID=53) to work on /home/airflow/.local/lib/python3.7/site-packages/airflow/example_dags/example_branch_day_of_week_operator.py
[2022-04-30 21:13:57,145] {processor.py:642} INFO - Processing file /home/airflow/.local/lib/python3.7/site-packages/airflow/example_dags/example_branch_day_of_week_operator.py for tasks to queue
[2022-04-30 21:13:57,147] {logging_mixin.py:109} INFO - [2022-04-30 21:13:57,147] {dagbag.py:500} INFO - Filling up the DagBag from /home/airflow/.local/lib/python3.7/site-packages/airflow/example_dags/example_branch_day_of_week_operator.py
[2022-04-30 21:13:57,182] {processor.py:652} INFO - DAG(s) dict_keys(['example_weekday_branch_operator']) retrieved from /home/airflow/.local/lib/python3.7/site-packages/airflow/example_dags/example_branch_day_of_week_operator.py
[2022-04-30 21:13:57,220] {logging_mixin.py:109} INFO - [2022-04-30 21:13:57,220] {dag.py:2398} INFO - Sync 1 DAGs
[2022-04-30 21:13:57,275] {logging_mixin.py:109} INFO - [2022-04-30 21:13:57,274] {dag.py:2937} INFO - Setting next_dagrun for example_weekday_branch_operator to 2022-04-29 00:00:00+00:00
[2022-04-30 21:13:57,388] {processor.py:171} INFO - Processing /home/airflow/.local/lib/python3.7/site-packages/airflow/example_dags/example_branch_day_of_week_operator.py took 0.254 seconds
[2022-04-30 21:14:28,021] {processor.py:163} INFO - Started process (PID=102) to work on /home/airflow/.local/lib/python3.7/site-packages/airflow/example_dags/example_branch_day_of_week_operator.py
[2022-04-30 21:14:28,022] {processor.py:642} INFO - Processing file /home/airflow/.local/lib/python3.7/site-packages/airflow/example_dags/example_branch_day_of_week_operator.py for tasks to queue
[2022-04-30 21:14:28,024] {logging_mixin.py:109} INFO - [2022-04-30 21:14:28,023] {dagbag.py:500} INFO - Filling up the DagBag from /home/airflow/.local/lib/python3.7/site-packages/airflow/example_dags/example_branch_day_of_week_operator.py
[2022-04-30 21:14:28,039] {processor.py:652} INFO - DAG(s) dict_keys(['example_weekday_branch_operator']) retrieved from /home/airflow/.local/lib/python3.7/site-packages/airflow/example_dags/example_branch_day_of_week_operator.py
[2022-04-30 21:14:28,058] {logging_mixin.py:109} INFO - [2022-04-30 21:14:28,058] {dag.py:2398} INFO - Sync 1 DAGs
[2022-04-30 21:14:28,074] {logging_mixin.py:109} INFO - [2022-04-30 21:14:28,074] {dag.py:2937} INFO - Setting next_dagrun for example_weekday_branch_operator to 2022-04-29 00:00:00+00:00
[2022-04-30 21:14:28,084] {processor.py:171} INFO - Processing /home/airflow/.local/lib/python3.7/site-packages/airflow/example_dags/example_branch_day_of_week_operator.py took 0.067 seconds
