[2022-04-30 21:08:23,918] {processor.py:163} INFO - Started process (PID=149) to work on /home/airflow/.local/lib/python3.7/site-packages/airflow/example_dags/example_bash_operator.py
[2022-04-30 21:08:23,920] {processor.py:642} INFO - Processing file /home/airflow/.local/lib/python3.7/site-packages/airflow/example_dags/example_bash_operator.py for tasks to queue
[2022-04-30 21:08:23,922] {logging_mixin.py:109} INFO - [2022-04-30 21:08:23,921] {dagbag.py:500} INFO - Filling up the DagBag from /home/airflow/.local/lib/python3.7/site-packages/airflow/example_dags/example_bash_operator.py
[2022-04-30 21:08:23,949] {processor.py:652} INFO - DAG(s) dict_keys(['example_bash_operator']) retrieved from /home/airflow/.local/lib/python3.7/site-packages/airflow/example_dags/example_bash_operator.py
[2022-04-30 21:08:27,210] {logging_mixin.py:109} INFO - [2022-04-30 21:08:27,210] {process_utils.py:237} INFO - Waiting up to 5 seconds for processes to exit...
[2022-04-30 21:09:59,297] {processor.py:163} INFO - Started process (PID=57) to work on /home/airflow/.local/lib/python3.7/site-packages/airflow/example_dags/example_bash_operator.py
[2022-04-30 21:09:59,303] {processor.py:642} INFO - Processing file /home/airflow/.local/lib/python3.7/site-packages/airflow/example_dags/example_bash_operator.py for tasks to queue
[2022-04-30 21:09:59,307] {logging_mixin.py:109} INFO - [2022-04-30 21:09:59,307] {dagbag.py:500} INFO - Filling up the DagBag from /home/airflow/.local/lib/python3.7/site-packages/airflow/example_dags/example_bash_operator.py
[2022-04-30 21:09:59,370] {processor.py:652} INFO - DAG(s) dict_keys(['example_bash_operator']) retrieved from /home/airflow/.local/lib/python3.7/site-packages/airflow/example_dags/example_bash_operator.py
[2022-04-30 21:10:02,712] {logging_mixin.py:109} INFO - [2022-04-30 21:10:02,712] {manager.py:496} INFO - Created Permission View: can edit on DAG:example_bash_operator
[2022-04-30 21:10:02,739] {logging_mixin.py:109} INFO - [2022-04-30 21:10:02,739] {manager.py:496} INFO - Created Permission View: can read on DAG:example_bash_operator
[2022-04-30 21:10:02,741] {logging_mixin.py:109} INFO - [2022-04-30 21:10:02,741] {dag.py:2398} INFO - Sync 1 DAGs
[2022-04-30 21:10:02,772] {logging_mixin.py:109} INFO - [2022-04-30 21:10:02,772] {dag.py:2417} INFO - Creating ORM DAG for example_bash_operator
[2022-04-30 21:10:02,788] {logging_mixin.py:109} INFO - [2022-04-30 21:10:02,788] {dag.py:2937} INFO - Setting next_dagrun for example_bash_operator to 2022-04-29 00:00:00+00:00
[2022-04-30 21:10:02,808] {processor.py:171} INFO - Processing /home/airflow/.local/lib/python3.7/site-packages/airflow/example_dags/example_bash_operator.py took 3.514 seconds
[2022-04-30 21:10:33,524] {processor.py:163} INFO - Started process (PID=156) to work on /home/airflow/.local/lib/python3.7/site-packages/airflow/example_dags/example_bash_operator.py
[2022-04-30 21:10:33,528] {processor.py:642} INFO - Processing file /home/airflow/.local/lib/python3.7/site-packages/airflow/example_dags/example_bash_operator.py for tasks to queue
[2022-04-30 21:10:33,530] {logging_mixin.py:109} INFO - [2022-04-30 21:10:33,530] {dagbag.py:500} INFO - Filling up the DagBag from /home/airflow/.local/lib/python3.7/site-packages/airflow/example_dags/example_bash_operator.py
[2022-04-30 21:10:33,576] {processor.py:652} INFO - DAG(s) dict_keys(['example_bash_operator']) retrieved from /home/airflow/.local/lib/python3.7/site-packages/airflow/example_dags/example_bash_operator.py
[2022-04-30 21:10:33,616] {logging_mixin.py:109} INFO - [2022-04-30 21:10:33,616] {dag.py:2398} INFO - Sync 1 DAGs
[2022-04-30 21:10:33,647] {logging_mixin.py:109} INFO - [2022-04-30 21:10:33,647] {dag.py:2937} INFO - Setting next_dagrun for example_bash_operator to 2022-04-29 00:00:00+00:00
[2022-04-30 21:10:33,667] {processor.py:171} INFO - Processing /home/airflow/.local/lib/python3.7/site-packages/airflow/example_dags/example_bash_operator.py took 0.149 seconds
[2022-04-30 21:11:03,870] {processor.py:163} INFO - Started process (PID=218) to work on /home/airflow/.local/lib/python3.7/site-packages/airflow/example_dags/example_bash_operator.py
[2022-04-30 21:11:03,872] {processor.py:642} INFO - Processing file /home/airflow/.local/lib/python3.7/site-packages/airflow/example_dags/example_bash_operator.py for tasks to queue
[2022-04-30 21:11:03,874] {logging_mixin.py:109} INFO - [2022-04-30 21:11:03,873] {dagbag.py:500} INFO - Filling up the DagBag from /home/airflow/.local/lib/python3.7/site-packages/airflow/example_dags/example_bash_operator.py
[2022-04-30 21:11:03,903] {processor.py:652} INFO - DAG(s) dict_keys(['example_bash_operator']) retrieved from /home/airflow/.local/lib/python3.7/site-packages/airflow/example_dags/example_bash_operator.py
[2022-04-30 21:11:03,944] {logging_mixin.py:109} INFO - [2022-04-30 21:11:03,944] {dag.py:2398} INFO - Sync 1 DAGs
[2022-04-30 21:11:03,988] {logging_mixin.py:109} INFO - [2022-04-30 21:11:03,987] {dag.py:2937} INFO - Setting next_dagrun for example_bash_operator to 2022-04-29 00:00:00+00:00
[2022-04-30 21:11:04,006] {processor.py:171} INFO - Processing /home/airflow/.local/lib/python3.7/site-packages/airflow/example_dags/example_bash_operator.py took 0.139 seconds
[2022-04-30 21:11:34,077] {processor.py:163} INFO - Started process (PID=270) to work on /home/airflow/.local/lib/python3.7/site-packages/airflow/example_dags/example_bash_operator.py
[2022-04-30 21:11:34,081] {processor.py:642} INFO - Processing file /home/airflow/.local/lib/python3.7/site-packages/airflow/example_dags/example_bash_operator.py for tasks to queue
[2022-04-30 21:11:34,083] {logging_mixin.py:109} INFO - [2022-04-30 21:11:34,083] {dagbag.py:500} INFO - Filling up the DagBag from /home/airflow/.local/lib/python3.7/site-packages/airflow/example_dags/example_bash_operator.py
[2022-04-30 21:11:34,117] {processor.py:652} INFO - DAG(s) dict_keys(['example_bash_operator']) retrieved from /home/airflow/.local/lib/python3.7/site-packages/airflow/example_dags/example_bash_operator.py
[2022-04-30 21:11:34,150] {logging_mixin.py:109} INFO - [2022-04-30 21:11:34,149] {dag.py:2398} INFO - Sync 1 DAGs
[2022-04-30 21:11:34,185] {logging_mixin.py:109} INFO - [2022-04-30 21:11:34,184] {dag.py:2937} INFO - Setting next_dagrun for example_bash_operator to 2022-04-29 00:00:00+00:00
[2022-04-30 21:11:34,217] {processor.py:171} INFO - Processing /home/airflow/.local/lib/python3.7/site-packages/airflow/example_dags/example_bash_operator.py took 0.144 seconds
[2022-04-30 21:12:04,741] {processor.py:163} INFO - Started process (PID=332) to work on /home/airflow/.local/lib/python3.7/site-packages/airflow/example_dags/example_bash_operator.py
[2022-04-30 21:12:04,743] {processor.py:642} INFO - Processing file /home/airflow/.local/lib/python3.7/site-packages/airflow/example_dags/example_bash_operator.py for tasks to queue
[2022-04-30 21:12:04,744] {logging_mixin.py:109} INFO - [2022-04-30 21:12:04,744] {dagbag.py:500} INFO - Filling up the DagBag from /home/airflow/.local/lib/python3.7/site-packages/airflow/example_dags/example_bash_operator.py
[2022-04-30 21:12:04,766] {processor.py:652} INFO - DAG(s) dict_keys(['example_bash_operator']) retrieved from /home/airflow/.local/lib/python3.7/site-packages/airflow/example_dags/example_bash_operator.py
[2022-04-30 21:12:04,786] {logging_mixin.py:109} INFO - [2022-04-30 21:12:04,786] {dag.py:2398} INFO - Sync 1 DAGs
[2022-04-30 21:12:04,800] {logging_mixin.py:109} INFO - [2022-04-30 21:12:04,800] {dag.py:2937} INFO - Setting next_dagrun for example_bash_operator to 2022-04-29 00:00:00+00:00
[2022-04-30 21:12:04,810] {processor.py:171} INFO - Processing /home/airflow/.local/lib/python3.7/site-packages/airflow/example_dags/example_bash_operator.py took 0.074 seconds
[2022-04-30 21:13:58,062] {processor.py:163} INFO - Started process (PID=56) to work on /home/airflow/.local/lib/python3.7/site-packages/airflow/example_dags/example_bash_operator.py
[2022-04-30 21:13:58,069] {processor.py:642} INFO - Processing file /home/airflow/.local/lib/python3.7/site-packages/airflow/example_dags/example_bash_operator.py for tasks to queue
[2022-04-30 21:13:58,072] {logging_mixin.py:109} INFO - [2022-04-30 21:13:58,072] {dagbag.py:500} INFO - Filling up the DagBag from /home/airflow/.local/lib/python3.7/site-packages/airflow/example_dags/example_bash_operator.py
[2022-04-30 21:13:58,169] {processor.py:652} INFO - DAG(s) dict_keys(['example_bash_operator']) retrieved from /home/airflow/.local/lib/python3.7/site-packages/airflow/example_dags/example_bash_operator.py
[2022-04-30 21:13:58,220] {logging_mixin.py:109} INFO - [2022-04-30 21:13:58,220] {dag.py:2398} INFO - Sync 1 DAGs
[2022-04-30 21:13:58,261] {logging_mixin.py:109} INFO - [2022-04-30 21:13:58,261] {dag.py:2937} INFO - Setting next_dagrun for example_bash_operator to 2022-04-29 00:00:00+00:00
[2022-04-30 21:13:58,278] {processor.py:171} INFO - Processing /home/airflow/.local/lib/python3.7/site-packages/airflow/example_dags/example_bash_operator.py took 0.233 seconds
[2022-04-30 21:14:28,337] {processor.py:163} INFO - Started process (PID=105) to work on /home/airflow/.local/lib/python3.7/site-packages/airflow/example_dags/example_bash_operator.py
[2022-04-30 21:14:28,339] {processor.py:642} INFO - Processing file /home/airflow/.local/lib/python3.7/site-packages/airflow/example_dags/example_bash_operator.py for tasks to queue
[2022-04-30 21:14:28,340] {logging_mixin.py:109} INFO - [2022-04-30 21:14:28,340] {dagbag.py:500} INFO - Filling up the DagBag from /home/airflow/.local/lib/python3.7/site-packages/airflow/example_dags/example_bash_operator.py
[2022-04-30 21:14:28,361] {processor.py:652} INFO - DAG(s) dict_keys(['example_bash_operator']) retrieved from /home/airflow/.local/lib/python3.7/site-packages/airflow/example_dags/example_bash_operator.py
[2022-04-30 21:14:28,382] {logging_mixin.py:109} INFO - [2022-04-30 21:14:28,382] {dag.py:2398} INFO - Sync 1 DAGs
[2022-04-30 21:14:28,400] {logging_mixin.py:109} INFO - [2022-04-30 21:14:28,400] {dag.py:2937} INFO - Setting next_dagrun for example_bash_operator to 2022-04-29 00:00:00+00:00
[2022-04-30 21:14:28,414] {processor.py:171} INFO - Processing /home/airflow/.local/lib/python3.7/site-packages/airflow/example_dags/example_bash_operator.py took 0.080 seconds
