[2022-04-30 21:10:10,698] {processor.py:163} INFO - Started process (PID=101) to work on /home/airflow/.local/lib/python3.7/site-packages/airflow/example_dags/example_subdag_operator.py
[2022-04-30 21:10:10,701] {processor.py:642} INFO - Processing file /home/airflow/.local/lib/python3.7/site-packages/airflow/example_dags/example_subdag_operator.py for tasks to queue
[2022-04-30 21:10:10,702] {logging_mixin.py:109} INFO - [2022-04-30 21:10:10,702] {dagbag.py:500} INFO - Filling up the DagBag from /home/airflow/.local/lib/python3.7/site-packages/airflow/example_dags/example_subdag_operator.py
[2022-04-30 21:10:10,743] {processor.py:652} INFO - DAG(s) dict_keys(['example_subdag_operator.section-1', 'example_subdag_operator.section-2', 'example_subdag_operator']) retrieved from /home/airflow/.local/lib/python3.7/site-packages/airflow/example_dags/example_subdag_operator.py
[2022-04-30 21:10:12,719] {logging_mixin.py:109} INFO - [2022-04-30 21:10:12,719] {manager.py:496} INFO - Created Permission View: can edit on DAG:example_subdag_operator
[2022-04-30 21:10:12,733] {logging_mixin.py:109} INFO - [2022-04-30 21:10:12,732] {manager.py:496} INFO - Created Permission View: can read on DAG:example_subdag_operator
[2022-04-30 21:10:12,738] {logging_mixin.py:109} INFO - [2022-04-30 21:10:12,737] {dag.py:2398} INFO - Sync 3 DAGs
[2022-04-30 21:10:12,746] {logging_mixin.py:109} INFO - [2022-04-30 21:10:12,746] {dag.py:2417} INFO - Creating ORM DAG for example_subdag_operator
[2022-04-30 21:10:12,749] {logging_mixin.py:109} INFO - [2022-04-30 21:10:12,749] {dag.py:2417} INFO - Creating ORM DAG for example_subdag_operator.section-2
[2022-04-30 21:10:12,754] {logging_mixin.py:109} INFO - [2022-04-30 21:10:12,754] {dag.py:2417} INFO - Creating ORM DAG for example_subdag_operator.section-1
[2022-04-30 21:10:12,763] {logging_mixin.py:109} INFO - [2022-04-30 21:10:12,763] {dag.py:2937} INFO - Setting next_dagrun for example_subdag_operator to 2022-04-28T00:00:00+00:00
[2022-04-30 21:10:12,765] {logging_mixin.py:109} INFO - [2022-04-30 21:10:12,765] {dag.py:2937} INFO - Setting next_dagrun for example_subdag_operator.section-1 to None
[2022-04-30 21:10:12,766] {logging_mixin.py:109} INFO - [2022-04-30 21:10:12,766] {dag.py:2937} INFO - Setting next_dagrun for example_subdag_operator.section-2 to None
[2022-04-30 21:10:12,783] {logging_mixin.py:109} INFO - [2022-04-30 21:10:12,783] {dag.py:2398} INFO - Sync 2 DAGs
[2022-04-30 21:10:12,799] {logging_mixin.py:109} INFO - [2022-04-30 21:10:12,799] {dag.py:2937} INFO - Setting next_dagrun for example_subdag_operator.section-1 to None
[2022-04-30 21:10:12,801] {logging_mixin.py:109} INFO - [2022-04-30 21:10:12,800] {dag.py:2937} INFO - Setting next_dagrun for example_subdag_operator.section-2 to None
[2022-04-30 21:10:12,813] {processor.py:171} INFO - Processing /home/airflow/.local/lib/python3.7/site-packages/airflow/example_dags/example_subdag_operator.py took 2.140 seconds
[2022-04-30 21:10:43,392] {processor.py:163} INFO - Started process (PID=174) to work on /home/airflow/.local/lib/python3.7/site-packages/airflow/example_dags/example_subdag_operator.py
[2022-04-30 21:10:43,405] {processor.py:642} INFO - Processing file /home/airflow/.local/lib/python3.7/site-packages/airflow/example_dags/example_subdag_operator.py for tasks to queue
[2022-04-30 21:10:43,407] {logging_mixin.py:109} INFO - [2022-04-30 21:10:43,406] {dagbag.py:500} INFO - Filling up the DagBag from /home/airflow/.local/lib/python3.7/site-packages/airflow/example_dags/example_subdag_operator.py
[2022-04-30 21:10:43,443] {processor.py:652} INFO - DAG(s) dict_keys(['example_subdag_operator.section-1', 'example_subdag_operator.section-2', 'example_subdag_operator']) retrieved from /home/airflow/.local/lib/python3.7/site-packages/airflow/example_dags/example_subdag_operator.py
[2022-04-30 21:10:43,454] {logging_mixin.py:109} INFO - [2022-04-30 21:10:43,454] {dag.py:2398} INFO - Sync 3 DAGs
[2022-04-30 21:10:43,470] {logging_mixin.py:109} INFO - [2022-04-30 21:10:43,470] {dag.py:2937} INFO - Setting next_dagrun for example_subdag_operator to 2022-04-28T00:00:00+00:00
[2022-04-30 21:10:43,471] {logging_mixin.py:109} INFO - [2022-04-30 21:10:43,471] {dag.py:2937} INFO - Setting next_dagrun for example_subdag_operator.section-1 to None
[2022-04-30 21:10:43,472] {logging_mixin.py:109} INFO - [2022-04-30 21:10:43,472] {dag.py:2937} INFO - Setting next_dagrun for example_subdag_operator.section-2 to None
[2022-04-30 21:10:43,479] {logging_mixin.py:109} INFO - [2022-04-30 21:10:43,478] {dag.py:2398} INFO - Sync 2 DAGs
[2022-04-30 21:10:43,489] {logging_mixin.py:109} INFO - [2022-04-30 21:10:43,488] {dag.py:2937} INFO - Setting next_dagrun for example_subdag_operator.section-1 to None
[2022-04-30 21:10:43,490] {logging_mixin.py:109} INFO - [2022-04-30 21:10:43,490] {dag.py:2937} INFO - Setting next_dagrun for example_subdag_operator.section-2 to None
[2022-04-30 21:10:43,499] {processor.py:171} INFO - Processing /home/airflow/.local/lib/python3.7/site-packages/airflow/example_dags/example_subdag_operator.py took 0.112 seconds
[2022-04-30 21:11:13,582] {processor.py:163} INFO - Started process (PID=227) to work on /home/airflow/.local/lib/python3.7/site-packages/airflow/example_dags/example_subdag_operator.py
[2022-04-30 21:11:13,584] {processor.py:642} INFO - Processing file /home/airflow/.local/lib/python3.7/site-packages/airflow/example_dags/example_subdag_operator.py for tasks to queue
[2022-04-30 21:11:13,585] {logging_mixin.py:109} INFO - [2022-04-30 21:11:13,585] {dagbag.py:500} INFO - Filling up the DagBag from /home/airflow/.local/lib/python3.7/site-packages/airflow/example_dags/example_subdag_operator.py
[2022-04-30 21:11:13,621] {processor.py:652} INFO - DAG(s) dict_keys(['example_subdag_operator.section-1', 'example_subdag_operator.section-2', 'example_subdag_operator']) retrieved from /home/airflow/.local/lib/python3.7/site-packages/airflow/example_dags/example_subdag_operator.py
[2022-04-30 21:11:13,633] {logging_mixin.py:109} INFO - [2022-04-30 21:11:13,633] {dag.py:2398} INFO - Sync 3 DAGs
[2022-04-30 21:11:13,651] {logging_mixin.py:109} INFO - [2022-04-30 21:11:13,651] {dag.py:2937} INFO - Setting next_dagrun for example_subdag_operator to 2022-04-28T00:00:00+00:00
[2022-04-30 21:11:13,652] {logging_mixin.py:109} INFO - [2022-04-30 21:11:13,652] {dag.py:2937} INFO - Setting next_dagrun for example_subdag_operator.section-1 to None
[2022-04-30 21:11:13,653] {logging_mixin.py:109} INFO - [2022-04-30 21:11:13,653] {dag.py:2937} INFO - Setting next_dagrun for example_subdag_operator.section-2 to None
[2022-04-30 21:11:13,660] {logging_mixin.py:109} INFO - [2022-04-30 21:11:13,660] {dag.py:2398} INFO - Sync 2 DAGs
[2022-04-30 21:11:13,668] {logging_mixin.py:109} INFO - [2022-04-30 21:11:13,668] {dag.py:2937} INFO - Setting next_dagrun for example_subdag_operator.section-1 to None
[2022-04-30 21:11:13,669] {logging_mixin.py:109} INFO - [2022-04-30 21:11:13,669] {dag.py:2937} INFO - Setting next_dagrun for example_subdag_operator.section-2 to None
[2022-04-30 21:11:13,678] {processor.py:171} INFO - Processing /home/airflow/.local/lib/python3.7/site-packages/airflow/example_dags/example_subdag_operator.py took 0.100 seconds
[2022-04-30 21:11:43,871] {processor.py:163} INFO - Started process (PID=289) to work on /home/airflow/.local/lib/python3.7/site-packages/airflow/example_dags/example_subdag_operator.py
[2022-04-30 21:11:43,873] {processor.py:642} INFO - Processing file /home/airflow/.local/lib/python3.7/site-packages/airflow/example_dags/example_subdag_operator.py for tasks to queue
[2022-04-30 21:11:43,875] {logging_mixin.py:109} INFO - [2022-04-30 21:11:43,875] {dagbag.py:500} INFO - Filling up the DagBag from /home/airflow/.local/lib/python3.7/site-packages/airflow/example_dags/example_subdag_operator.py
[2022-04-30 21:11:43,909] {processor.py:652} INFO - DAG(s) dict_keys(['example_subdag_operator.section-1', 'example_subdag_operator.section-2', 'example_subdag_operator']) retrieved from /home/airflow/.local/lib/python3.7/site-packages/airflow/example_dags/example_subdag_operator.py
[2022-04-30 21:11:43,921] {logging_mixin.py:109} INFO - [2022-04-30 21:11:43,920] {dag.py:2398} INFO - Sync 3 DAGs
[2022-04-30 21:11:43,937] {logging_mixin.py:109} INFO - [2022-04-30 21:11:43,937] {dag.py:2937} INFO - Setting next_dagrun for example_subdag_operator to 2022-04-28T00:00:00+00:00
[2022-04-30 21:11:43,938] {logging_mixin.py:109} INFO - [2022-04-30 21:11:43,938] {dag.py:2937} INFO - Setting next_dagrun for example_subdag_operator.section-1 to None
[2022-04-30 21:11:43,939] {logging_mixin.py:109} INFO - [2022-04-30 21:11:43,939] {dag.py:2937} INFO - Setting next_dagrun for example_subdag_operator.section-2 to None
[2022-04-30 21:11:43,946] {logging_mixin.py:109} INFO - [2022-04-30 21:11:43,945] {dag.py:2398} INFO - Sync 2 DAGs
[2022-04-30 21:11:43,953] {logging_mixin.py:109} INFO - [2022-04-30 21:11:43,952] {dag.py:2937} INFO - Setting next_dagrun for example_subdag_operator.section-1 to None
[2022-04-30 21:11:43,954] {logging_mixin.py:109} INFO - [2022-04-30 21:11:43,953] {dag.py:2937} INFO - Setting next_dagrun for example_subdag_operator.section-2 to None
[2022-04-30 21:11:43,962] {processor.py:171} INFO - Processing /home/airflow/.local/lib/python3.7/site-packages/airflow/example_dags/example_subdag_operator.py took 0.096 seconds
[2022-04-30 21:12:14,227] {processor.py:163} INFO - Started process (PID=352) to work on /home/airflow/.local/lib/python3.7/site-packages/airflow/example_dags/example_subdag_operator.py
[2022-04-30 21:12:14,230] {processor.py:642} INFO - Processing file /home/airflow/.local/lib/python3.7/site-packages/airflow/example_dags/example_subdag_operator.py for tasks to queue
[2022-04-30 21:12:14,231] {logging_mixin.py:109} INFO - [2022-04-30 21:12:14,231] {dagbag.py:500} INFO - Filling up the DagBag from /home/airflow/.local/lib/python3.7/site-packages/airflow/example_dags/example_subdag_operator.py
[2022-04-30 21:12:14,270] {processor.py:652} INFO - DAG(s) dict_keys(['example_subdag_operator.section-1', 'example_subdag_operator.section-2', 'example_subdag_operator']) retrieved from /home/airflow/.local/lib/python3.7/site-packages/airflow/example_dags/example_subdag_operator.py
[2022-04-30 21:12:14,281] {logging_mixin.py:109} INFO - [2022-04-30 21:12:14,281] {dag.py:2398} INFO - Sync 3 DAGs
[2022-04-30 21:12:14,298] {logging_mixin.py:109} INFO - [2022-04-30 21:12:14,298] {dag.py:2937} INFO - Setting next_dagrun for example_subdag_operator to 2022-04-28T00:00:00+00:00
[2022-04-30 21:12:14,299] {logging_mixin.py:109} INFO - [2022-04-30 21:12:14,299] {dag.py:2937} INFO - Setting next_dagrun for example_subdag_operator.section-1 to None
[2022-04-30 21:12:14,300] {logging_mixin.py:109} INFO - [2022-04-30 21:12:14,300] {dag.py:2937} INFO - Setting next_dagrun for example_subdag_operator.section-2 to None
[2022-04-30 21:12:14,307] {logging_mixin.py:109} INFO - [2022-04-30 21:12:14,307] {dag.py:2398} INFO - Sync 2 DAGs
[2022-04-30 21:12:14,315] {logging_mixin.py:109} INFO - [2022-04-30 21:12:14,315] {dag.py:2937} INFO - Setting next_dagrun for example_subdag_operator.section-1 to None
[2022-04-30 21:12:14,316] {logging_mixin.py:109} INFO - [2022-04-30 21:12:14,316] {dag.py:2937} INFO - Setting next_dagrun for example_subdag_operator.section-2 to None
[2022-04-30 21:12:14,325] {processor.py:171} INFO - Processing /home/airflow/.local/lib/python3.7/site-packages/airflow/example_dags/example_subdag_operator.py took 0.101 seconds
[2022-04-30 21:13:59,894] {processor.py:163} INFO - Started process (PID=65) to work on /home/airflow/.local/lib/python3.7/site-packages/airflow/example_dags/example_subdag_operator.py
[2022-04-30 21:13:59,901] {processor.py:642} INFO - Processing file /home/airflow/.local/lib/python3.7/site-packages/airflow/example_dags/example_subdag_operator.py for tasks to queue
[2022-04-30 21:13:59,911] {logging_mixin.py:109} INFO - [2022-04-30 21:13:59,910] {dagbag.py:500} INFO - Filling up the DagBag from /home/airflow/.local/lib/python3.7/site-packages/airflow/example_dags/example_subdag_operator.py
[2022-04-30 21:13:59,963] {processor.py:652} INFO - DAG(s) dict_keys(['example_subdag_operator.section-1', 'example_subdag_operator.section-2', 'example_subdag_operator']) retrieved from /home/airflow/.local/lib/python3.7/site-packages/airflow/example_dags/example_subdag_operator.py
[2022-04-30 21:13:59,992] {logging_mixin.py:109} INFO - [2022-04-30 21:13:59,992] {dag.py:2398} INFO - Sync 3 DAGs
[2022-04-30 21:14:00,023] {logging_mixin.py:109} INFO - [2022-04-30 21:14:00,023] {dag.py:2937} INFO - Setting next_dagrun for example_subdag_operator to 2022-04-28T00:00:00+00:00
[2022-04-30 21:14:00,024] {logging_mixin.py:109} INFO - [2022-04-30 21:14:00,024] {dag.py:2937} INFO - Setting next_dagrun for example_subdag_operator.section-1 to None
[2022-04-30 21:14:00,025] {logging_mixin.py:109} INFO - [2022-04-30 21:14:00,025] {dag.py:2937} INFO - Setting next_dagrun for example_subdag_operator.section-2 to None
[2022-04-30 21:14:00,033] {logging_mixin.py:109} INFO - [2022-04-30 21:14:00,033] {dag.py:2398} INFO - Sync 2 DAGs
[2022-04-30 21:14:00,044] {logging_mixin.py:109} INFO - [2022-04-30 21:14:00,043] {dag.py:2937} INFO - Setting next_dagrun for example_subdag_operator.section-1 to None
[2022-04-30 21:14:00,045] {logging_mixin.py:109} INFO - [2022-04-30 21:14:00,045] {dag.py:2937} INFO - Setting next_dagrun for example_subdag_operator.section-2 to None
[2022-04-30 21:14:00,055] {processor.py:171} INFO - Processing /home/airflow/.local/lib/python3.7/site-packages/airflow/example_dags/example_subdag_operator.py took 0.166 seconds
[2022-04-30 21:14:30,719] {processor.py:163} INFO - Started process (PID=124) to work on /home/airflow/.local/lib/python3.7/site-packages/airflow/example_dags/example_subdag_operator.py
[2022-04-30 21:14:30,722] {processor.py:642} INFO - Processing file /home/airflow/.local/lib/python3.7/site-packages/airflow/example_dags/example_subdag_operator.py for tasks to queue
[2022-04-30 21:14:30,725] {logging_mixin.py:109} INFO - [2022-04-30 21:14:30,725] {dagbag.py:500} INFO - Filling up the DagBag from /home/airflow/.local/lib/python3.7/site-packages/airflow/example_dags/example_subdag_operator.py
[2022-04-30 21:14:30,900] {processor.py:652} INFO - DAG(s) dict_keys(['example_subdag_operator.section-1', 'example_subdag_operator.section-2', 'example_subdag_operator']) retrieved from /home/airflow/.local/lib/python3.7/site-packages/airflow/example_dags/example_subdag_operator.py
[2022-04-30 21:14:30,987] {logging_mixin.py:109} INFO - [2022-04-30 21:14:30,986] {dag.py:2398} INFO - Sync 3 DAGs
[2022-04-30 21:14:31,057] {logging_mixin.py:109} INFO - [2022-04-30 21:14:31,056] {dag.py:2937} INFO - Setting next_dagrun for example_subdag_operator to 2022-04-28T00:00:00+00:00
[2022-04-30 21:14:31,061] {logging_mixin.py:109} INFO - [2022-04-30 21:14:31,060] {dag.py:2937} INFO - Setting next_dagrun for example_subdag_operator.section-1 to None
[2022-04-30 21:14:31,063] {logging_mixin.py:109} INFO - [2022-04-30 21:14:31,063] {dag.py:2937} INFO - Setting next_dagrun for example_subdag_operator.section-2 to None
[2022-04-30 21:14:31,077] {logging_mixin.py:109} INFO - [2022-04-30 21:14:31,077] {dag.py:2398} INFO - Sync 2 DAGs
[2022-04-30 21:14:31,092] {logging_mixin.py:109} INFO - [2022-04-30 21:14:31,092] {dag.py:2937} INFO - Setting next_dagrun for example_subdag_operator.section-1 to None
[2022-04-30 21:14:31,094] {logging_mixin.py:109} INFO - [2022-04-30 21:14:31,093] {dag.py:2937} INFO - Setting next_dagrun for example_subdag_operator.section-2 to None
[2022-04-30 21:14:31,106] {processor.py:171} INFO - Processing /home/airflow/.local/lib/python3.7/site-packages/airflow/example_dags/example_subdag_operator.py took 0.397 seconds
