[2022-04-30 21:10:05,170] {processor.py:163} INFO - Started process (PID=77) to work on /home/airflow/.local/lib/python3.7/site-packages/airflow/example_dags/example_sla_dag.py
[2022-04-30 21:10:05,172] {processor.py:642} INFO - Processing file /home/airflow/.local/lib/python3.7/site-packages/airflow/example_dags/example_sla_dag.py for tasks to queue
[2022-04-30 21:10:05,173] {logging_mixin.py:109} INFO - [2022-04-30 21:10:05,173] {dagbag.py:500} INFO - Filling up the DagBag from /home/airflow/.local/lib/python3.7/site-packages/airflow/example_dags/example_sla_dag.py
[2022-04-30 21:10:05,199] {processor.py:652} INFO - DAG(s) dict_keys(['example_sla_dag']) retrieved from /home/airflow/.local/lib/python3.7/site-packages/airflow/example_dags/example_sla_dag.py
[2022-04-30 21:10:07,138] {logging_mixin.py:109} INFO - [2022-04-30 21:10:07,138] {manager.py:496} INFO - Created Permission View: can edit on DAG:example_sla_dag
[2022-04-30 21:10:07,154] {logging_mixin.py:109} INFO - [2022-04-30 21:10:07,154] {manager.py:496} INFO - Created Permission View: can read on DAG:example_sla_dag
[2022-04-30 21:10:07,156] {logging_mixin.py:109} INFO - [2022-04-30 21:10:07,155] {dag.py:2398} INFO - Sync 1 DAGs
[2022-04-30 21:10:07,164] {logging_mixin.py:109} INFO - [2022-04-30 21:10:07,164] {dag.py:2417} INFO - Creating ORM DAG for example_sla_dag
[2022-04-30 21:10:07,176] {logging_mixin.py:109} INFO - [2022-04-30 21:10:07,176] {dag.py:2937} INFO - Setting next_dagrun for example_sla_dag to 2022-04-30T21:08:00+00:00
[2022-04-30 21:10:07,191] {processor.py:171} INFO - Processing /home/airflow/.local/lib/python3.7/site-packages/airflow/example_dags/example_sla_dag.py took 2.025 seconds
[2022-04-30 21:10:37,280] {processor.py:163} INFO - Started process (PID=160) to work on /home/airflow/.local/lib/python3.7/site-packages/airflow/example_dags/example_sla_dag.py
[2022-04-30 21:10:37,283] {processor.py:642} INFO - Processing file /home/airflow/.local/lib/python3.7/site-packages/airflow/example_dags/example_sla_dag.py for tasks to queue
[2022-04-30 21:10:37,284] {logging_mixin.py:109} INFO - [2022-04-30 21:10:37,284] {dagbag.py:500} INFO - Filling up the DagBag from /home/airflow/.local/lib/python3.7/site-packages/airflow/example_dags/example_sla_dag.py
[2022-04-30 21:10:37,311] {processor.py:652} INFO - DAG(s) dict_keys(['example_sla_dag']) retrieved from /home/airflow/.local/lib/python3.7/site-packages/airflow/example_dags/example_sla_dag.py
[2022-04-30 21:10:37,336] {logging_mixin.py:109} INFO - [2022-04-30 21:10:37,336] {dag.py:2398} INFO - Sync 1 DAGs
[2022-04-30 21:10:37,360] {logging_mixin.py:109} INFO - [2022-04-30 21:10:37,360] {dag.py:2937} INFO - Setting next_dagrun for example_sla_dag to 2022-04-30T21:08:00+00:00
[2022-04-30 21:10:37,370] {processor.py:171} INFO - Processing /home/airflow/.local/lib/python3.7/site-packages/airflow/example_dags/example_sla_dag.py took 0.094 seconds
[2022-04-30 21:11:07,406] {processor.py:163} INFO - Started process (PID=222) to work on /home/airflow/.local/lib/python3.7/site-packages/airflow/example_dags/example_sla_dag.py
[2022-04-30 21:11:07,407] {processor.py:642} INFO - Processing file /home/airflow/.local/lib/python3.7/site-packages/airflow/example_dags/example_sla_dag.py for tasks to queue
[2022-04-30 21:11:07,408] {logging_mixin.py:109} INFO - [2022-04-30 21:11:07,408] {dagbag.py:500} INFO - Filling up the DagBag from /home/airflow/.local/lib/python3.7/site-packages/airflow/example_dags/example_sla_dag.py
[2022-04-30 21:11:07,428] {processor.py:652} INFO - DAG(s) dict_keys(['example_sla_dag']) retrieved from /home/airflow/.local/lib/python3.7/site-packages/airflow/example_dags/example_sla_dag.py
[2022-04-30 21:11:07,447] {logging_mixin.py:109} INFO - [2022-04-30 21:11:07,447] {dag.py:2398} INFO - Sync 1 DAGs
[2022-04-30 21:11:07,464] {logging_mixin.py:109} INFO - [2022-04-30 21:11:07,464] {dag.py:2937} INFO - Setting next_dagrun for example_sla_dag to 2022-04-30T21:08:00+00:00
[2022-04-30 21:11:07,474] {processor.py:171} INFO - Processing /home/airflow/.local/lib/python3.7/site-packages/airflow/example_dags/example_sla_dag.py took 0.071 seconds
[2022-04-30 21:11:38,273] {processor.py:163} INFO - Started process (PID=284) to work on /home/airflow/.local/lib/python3.7/site-packages/airflow/example_dags/example_sla_dag.py
[2022-04-30 21:11:38,275] {processor.py:642} INFO - Processing file /home/airflow/.local/lib/python3.7/site-packages/airflow/example_dags/example_sla_dag.py for tasks to queue
[2022-04-30 21:11:38,276] {logging_mixin.py:109} INFO - [2022-04-30 21:11:38,276] {dagbag.py:500} INFO - Filling up the DagBag from /home/airflow/.local/lib/python3.7/site-packages/airflow/example_dags/example_sla_dag.py
[2022-04-30 21:11:38,297] {processor.py:652} INFO - DAG(s) dict_keys(['example_sla_dag']) retrieved from /home/airflow/.local/lib/python3.7/site-packages/airflow/example_dags/example_sla_dag.py
[2022-04-30 21:11:38,323] {logging_mixin.py:109} INFO - [2022-04-30 21:11:38,323] {dag.py:2398} INFO - Sync 1 DAGs
[2022-04-30 21:11:38,341] {logging_mixin.py:109} INFO - [2022-04-30 21:11:38,341] {dag.py:2937} INFO - Setting next_dagrun for example_sla_dag to 2022-04-30T21:08:00+00:00
[2022-04-30 21:11:38,351] {processor.py:171} INFO - Processing /home/airflow/.local/lib/python3.7/site-packages/airflow/example_dags/example_sla_dag.py took 0.082 seconds
[2022-04-30 21:12:08,858] {processor.py:163} INFO - Started process (PID=336) to work on /home/airflow/.local/lib/python3.7/site-packages/airflow/example_dags/example_sla_dag.py
[2022-04-30 21:12:08,860] {processor.py:642} INFO - Processing file /home/airflow/.local/lib/python3.7/site-packages/airflow/example_dags/example_sla_dag.py for tasks to queue
[2022-04-30 21:12:08,862] {logging_mixin.py:109} INFO - [2022-04-30 21:12:08,861] {dagbag.py:500} INFO - Filling up the DagBag from /home/airflow/.local/lib/python3.7/site-packages/airflow/example_dags/example_sla_dag.py
[2022-04-30 21:12:08,892] {processor.py:652} INFO - DAG(s) dict_keys(['example_sla_dag']) retrieved from /home/airflow/.local/lib/python3.7/site-packages/airflow/example_dags/example_sla_dag.py
[2022-04-30 21:12:08,922] {logging_mixin.py:109} INFO - [2022-04-30 21:12:08,922] {dag.py:2398} INFO - Sync 1 DAGs
[2022-04-30 21:12:08,953] {logging_mixin.py:109} INFO - [2022-04-30 21:12:08,952] {dag.py:2937} INFO - Setting next_dagrun for example_sla_dag to 2022-04-30T21:10:00+00:00
[2022-04-30 21:12:08,977] {processor.py:171} INFO - Processing /home/airflow/.local/lib/python3.7/site-packages/airflow/example_dags/example_sla_dag.py took 0.123 seconds
[2022-04-30 21:13:58,764] {processor.py:163} INFO - Started process (PID=60) to work on /home/airflow/.local/lib/python3.7/site-packages/airflow/example_dags/example_sla_dag.py
[2022-04-30 21:13:58,766] {processor.py:642} INFO - Processing file /home/airflow/.local/lib/python3.7/site-packages/airflow/example_dags/example_sla_dag.py for tasks to queue
[2022-04-30 21:13:58,769] {logging_mixin.py:109} INFO - [2022-04-30 21:13:58,769] {dagbag.py:500} INFO - Filling up the DagBag from /home/airflow/.local/lib/python3.7/site-packages/airflow/example_dags/example_sla_dag.py
[2022-04-30 21:13:58,804] {processor.py:652} INFO - DAG(s) dict_keys(['example_sla_dag']) retrieved from /home/airflow/.local/lib/python3.7/site-packages/airflow/example_dags/example_sla_dag.py
[2022-04-30 21:13:58,883] {logging_mixin.py:109} INFO - [2022-04-30 21:13:58,882] {dag.py:2398} INFO - Sync 1 DAGs
[2022-04-30 21:13:58,921] {logging_mixin.py:109} INFO - [2022-04-30 21:13:58,921] {dag.py:2937} INFO - Setting next_dagrun for example_sla_dag to 2022-04-30T21:10:00+00:00
[2022-04-30 21:13:58,955] {processor.py:171} INFO - Processing /home/airflow/.local/lib/python3.7/site-packages/airflow/example_dags/example_sla_dag.py took 0.195 seconds
[2022-04-30 21:14:29,055] {processor.py:163} INFO - Started process (PID=109) to work on /home/airflow/.local/lib/python3.7/site-packages/airflow/example_dags/example_sla_dag.py
[2022-04-30 21:14:29,059] {processor.py:642} INFO - Processing file /home/airflow/.local/lib/python3.7/site-packages/airflow/example_dags/example_sla_dag.py for tasks to queue
[2022-04-30 21:14:29,066] {logging_mixin.py:109} INFO - [2022-04-30 21:14:29,066] {dagbag.py:500} INFO - Filling up the DagBag from /home/airflow/.local/lib/python3.7/site-packages/airflow/example_dags/example_sla_dag.py
[2022-04-30 21:14:29,139] {processor.py:652} INFO - DAG(s) dict_keys(['example_sla_dag']) retrieved from /home/airflow/.local/lib/python3.7/site-packages/airflow/example_dags/example_sla_dag.py
[2022-04-30 21:14:29,202] {logging_mixin.py:109} INFO - [2022-04-30 21:14:29,202] {dag.py:2398} INFO - Sync 1 DAGs
[2022-04-30 21:14:29,235] {logging_mixin.py:109} INFO - [2022-04-30 21:14:29,235] {dag.py:2937} INFO - Setting next_dagrun for example_sla_dag to 2022-04-30T21:12:00+00:00
[2022-04-30 21:14:29,252] {processor.py:171} INFO - Processing /home/airflow/.local/lib/python3.7/site-packages/airflow/example_dags/example_sla_dag.py took 0.209 seconds
