[2022-04-30 21:08:13,402] {processor.py:163} INFO - Started process (PID=109) to work on /home/airflow/.local/lib/python3.7/site-packages/airflow/example_dags/example_latest_only_with_trigger.py
[2022-04-30 21:08:13,403] {processor.py:642} INFO - Processing file /home/airflow/.local/lib/python3.7/site-packages/airflow/example_dags/example_latest_only_with_trigger.py for tasks to queue
[2022-04-30 21:08:13,405] {logging_mixin.py:109} INFO - [2022-04-30 21:08:13,404] {dagbag.py:500} INFO - Filling up the DagBag from /home/airflow/.local/lib/python3.7/site-packages/airflow/example_dags/example_latest_only_with_trigger.py
[2022-04-30 21:08:13,424] {processor.py:652} INFO - DAG(s) dict_keys(['latest_only_with_trigger']) retrieved from /home/airflow/.local/lib/python3.7/site-packages/airflow/example_dags/example_latest_only_with_trigger.py
[2022-04-30 21:08:15,513] {logging_mixin.py:109} INFO - [2022-04-30 21:08:15,513] {manager.py:496} INFO - Created Permission View: can edit on DAG:latest_only_with_trigger
[2022-04-30 21:08:15,524] {logging_mixin.py:109} INFO - [2022-04-30 21:08:15,523] {manager.py:496} INFO - Created Permission View: can read on DAG:latest_only_with_trigger
[2022-04-30 21:08:15,525] {logging_mixin.py:109} INFO - [2022-04-30 21:08:15,524] {dag.py:2398} INFO - Sync 1 DAGs
[2022-04-30 21:08:15,536] {logging_mixin.py:109} INFO - [2022-04-30 21:08:15,536] {dag.py:2417} INFO - Creating ORM DAG for latest_only_with_trigger
[2022-04-30 21:08:15,548] {logging_mixin.py:109} INFO - [2022-04-30 21:08:15,548] {dag.py:2937} INFO - Setting next_dagrun for latest_only_with_trigger to 2022-04-30T17:08:15.548656+00:00
[2022-04-30 21:08:15,564] {processor.py:171} INFO - Processing /home/airflow/.local/lib/python3.7/site-packages/airflow/example_dags/example_latest_only_with_trigger.py took 2.166 seconds
[2022-04-30 21:09:57,268] {processor.py:163} INFO - Started process (PID=40) to work on /home/airflow/.local/lib/python3.7/site-packages/airflow/example_dags/example_latest_only_with_trigger.py
[2022-04-30 21:09:57,273] {processor.py:642} INFO - Processing file /home/airflow/.local/lib/python3.7/site-packages/airflow/example_dags/example_latest_only_with_trigger.py for tasks to queue
[2022-04-30 21:09:57,275] {logging_mixin.py:109} INFO - [2022-04-30 21:09:57,275] {dagbag.py:500} INFO - Filling up the DagBag from /home/airflow/.local/lib/python3.7/site-packages/airflow/example_dags/example_latest_only_with_trigger.py
[2022-04-30 21:09:57,299] {processor.py:652} INFO - DAG(s) dict_keys(['latest_only_with_trigger']) retrieved from /home/airflow/.local/lib/python3.7/site-packages/airflow/example_dags/example_latest_only_with_trigger.py
[2022-04-30 21:09:57,336] {logging_mixin.py:109} INFO - [2022-04-30 21:09:57,336] {dag.py:2398} INFO - Sync 1 DAGs
[2022-04-30 21:09:57,367] {logging_mixin.py:109} INFO - [2022-04-30 21:09:57,367] {dag.py:2937} INFO - Setting next_dagrun for latest_only_with_trigger to 2022-04-30T17:09:57.367098+00:00
[2022-04-30 21:09:57,387] {processor.py:171} INFO - Processing /home/airflow/.local/lib/python3.7/site-packages/airflow/example_dags/example_latest_only_with_trigger.py took 0.122 seconds
[2022-04-30 21:10:28,322] {processor.py:163} INFO - Started process (PID=148) to work on /home/airflow/.local/lib/python3.7/site-packages/airflow/example_dags/example_latest_only_with_trigger.py
[2022-04-30 21:10:28,324] {processor.py:642} INFO - Processing file /home/airflow/.local/lib/python3.7/site-packages/airflow/example_dags/example_latest_only_with_trigger.py for tasks to queue
[2022-04-30 21:10:28,326] {logging_mixin.py:109} INFO - [2022-04-30 21:10:28,326] {dagbag.py:500} INFO - Filling up the DagBag from /home/airflow/.local/lib/python3.7/site-packages/airflow/example_dags/example_latest_only_with_trigger.py
[2022-04-30 21:10:28,343] {processor.py:652} INFO - DAG(s) dict_keys(['latest_only_with_trigger']) retrieved from /home/airflow/.local/lib/python3.7/site-packages/airflow/example_dags/example_latest_only_with_trigger.py
[2022-04-30 21:10:28,393] {logging_mixin.py:109} INFO - [2022-04-30 21:10:28,393] {dag.py:2398} INFO - Sync 1 DAGs
[2022-04-30 21:10:28,419] {logging_mixin.py:109} INFO - [2022-04-30 21:10:28,419] {dag.py:2937} INFO - Setting next_dagrun for latest_only_with_trigger to 2022-04-30T17:10:28.419383+00:00
[2022-04-30 21:10:28,434] {processor.py:171} INFO - Processing /home/airflow/.local/lib/python3.7/site-packages/airflow/example_dags/example_latest_only_with_trigger.py took 0.116 seconds
[2022-04-30 21:10:59,541] {processor.py:163} INFO - Started process (PID=199) to work on /home/airflow/.local/lib/python3.7/site-packages/airflow/example_dags/example_latest_only_with_trigger.py
[2022-04-30 21:10:59,543] {processor.py:642} INFO - Processing file /home/airflow/.local/lib/python3.7/site-packages/airflow/example_dags/example_latest_only_with_trigger.py for tasks to queue
[2022-04-30 21:10:59,544] {logging_mixin.py:109} INFO - [2022-04-30 21:10:59,544] {dagbag.py:500} INFO - Filling up the DagBag from /home/airflow/.local/lib/python3.7/site-packages/airflow/example_dags/example_latest_only_with_trigger.py
[2022-04-30 21:10:59,569] {processor.py:652} INFO - DAG(s) dict_keys(['latest_only_with_trigger']) retrieved from /home/airflow/.local/lib/python3.7/site-packages/airflow/example_dags/example_latest_only_with_trigger.py
[2022-04-30 21:10:59,609] {logging_mixin.py:109} INFO - [2022-04-30 21:10:59,608] {dag.py:2398} INFO - Sync 1 DAGs
[2022-04-30 21:10:59,627] {logging_mixin.py:109} INFO - [2022-04-30 21:10:59,626] {dag.py:2937} INFO - Setting next_dagrun for latest_only_with_trigger to 2022-04-30T17:10:59.626531+00:00
[2022-04-30 21:10:59,642] {processor.py:171} INFO - Processing /home/airflow/.local/lib/python3.7/site-packages/airflow/example_dags/example_latest_only_with_trigger.py took 0.105 seconds
[2022-04-30 21:11:30,988] {processor.py:163} INFO - Started process (PID=262) to work on /home/airflow/.local/lib/python3.7/site-packages/airflow/example_dags/example_latest_only_with_trigger.py
[2022-04-30 21:11:30,992] {processor.py:642} INFO - Processing file /home/airflow/.local/lib/python3.7/site-packages/airflow/example_dags/example_latest_only_with_trigger.py for tasks to queue
[2022-04-30 21:11:30,995] {logging_mixin.py:109} INFO - [2022-04-30 21:11:30,994] {dagbag.py:500} INFO - Filling up the DagBag from /home/airflow/.local/lib/python3.7/site-packages/airflow/example_dags/example_latest_only_with_trigger.py
[2022-04-30 21:11:31,029] {processor.py:652} INFO - DAG(s) dict_keys(['latest_only_with_trigger']) retrieved from /home/airflow/.local/lib/python3.7/site-packages/airflow/example_dags/example_latest_only_with_trigger.py
[2022-04-30 21:11:31,074] {logging_mixin.py:109} INFO - [2022-04-30 21:11:31,074] {dag.py:2398} INFO - Sync 1 DAGs
[2022-04-30 21:11:31,103] {logging_mixin.py:109} INFO - [2022-04-30 21:11:31,103] {dag.py:2937} INFO - Setting next_dagrun for latest_only_with_trigger to 2022-04-30T17:11:31.102656+00:00
[2022-04-30 21:11:31,116] {processor.py:171} INFO - Processing /home/airflow/.local/lib/python3.7/site-packages/airflow/example_dags/example_latest_only_with_trigger.py took 0.132 seconds
[2022-04-30 21:12:02,002] {processor.py:163} INFO - Started process (PID=324) to work on /home/airflow/.local/lib/python3.7/site-packages/airflow/example_dags/example_latest_only_with_trigger.py
[2022-04-30 21:12:02,005] {processor.py:642} INFO - Processing file /home/airflow/.local/lib/python3.7/site-packages/airflow/example_dags/example_latest_only_with_trigger.py for tasks to queue
[2022-04-30 21:12:02,006] {logging_mixin.py:109} INFO - [2022-04-30 21:12:02,006] {dagbag.py:500} INFO - Filling up the DagBag from /home/airflow/.local/lib/python3.7/site-packages/airflow/example_dags/example_latest_only_with_trigger.py
[2022-04-30 21:12:02,040] {processor.py:652} INFO - DAG(s) dict_keys(['latest_only_with_trigger']) retrieved from /home/airflow/.local/lib/python3.7/site-packages/airflow/example_dags/example_latest_only_with_trigger.py
[2022-04-30 21:12:02,065] {logging_mixin.py:109} INFO - [2022-04-30 21:12:02,065] {dag.py:2398} INFO - Sync 1 DAGs
[2022-04-30 21:12:02,085] {logging_mixin.py:109} INFO - [2022-04-30 21:12:02,085] {dag.py:2937} INFO - Setting next_dagrun for latest_only_with_trigger to 2022-04-30T17:12:02.084774+00:00
[2022-04-30 21:12:02,097] {processor.py:171} INFO - Processing /home/airflow/.local/lib/python3.7/site-packages/airflow/example_dags/example_latest_only_with_trigger.py took 0.098 seconds
[2022-04-30 21:13:56,230] {processor.py:163} INFO - Started process (PID=48) to work on /home/airflow/.local/lib/python3.7/site-packages/airflow/example_dags/example_latest_only_with_trigger.py
[2022-04-30 21:13:56,235] {processor.py:642} INFO - Processing file /home/airflow/.local/lib/python3.7/site-packages/airflow/example_dags/example_latest_only_with_trigger.py for tasks to queue
[2022-04-30 21:13:56,238] {logging_mixin.py:109} INFO - [2022-04-30 21:13:56,237] {dagbag.py:500} INFO - Filling up the DagBag from /home/airflow/.local/lib/python3.7/site-packages/airflow/example_dags/example_latest_only_with_trigger.py
[2022-04-30 21:13:56,287] {processor.py:652} INFO - DAG(s) dict_keys(['latest_only_with_trigger']) retrieved from /home/airflow/.local/lib/python3.7/site-packages/airflow/example_dags/example_latest_only_with_trigger.py
[2022-04-30 21:13:56,333] {logging_mixin.py:109} INFO - [2022-04-30 21:13:56,333] {dag.py:2398} INFO - Sync 1 DAGs
[2022-04-30 21:13:56,371] {logging_mixin.py:109} INFO - [2022-04-30 21:13:56,371] {dag.py:2937} INFO - Setting next_dagrun for latest_only_with_trigger to 2022-04-30T17:13:56.370716+00:00
[2022-04-30 21:13:56,394] {processor.py:171} INFO - Processing /home/airflow/.local/lib/python3.7/site-packages/airflow/example_dags/example_latest_only_with_trigger.py took 0.175 seconds
[2022-04-30 21:14:26,454] {processor.py:163} INFO - Started process (PID=98) to work on /home/airflow/.local/lib/python3.7/site-packages/airflow/example_dags/example_latest_only_with_trigger.py
[2022-04-30 21:14:26,456] {processor.py:642} INFO - Processing file /home/airflow/.local/lib/python3.7/site-packages/airflow/example_dags/example_latest_only_with_trigger.py for tasks to queue
[2022-04-30 21:14:26,457] {logging_mixin.py:109} INFO - [2022-04-30 21:14:26,457] {dagbag.py:500} INFO - Filling up the DagBag from /home/airflow/.local/lib/python3.7/site-packages/airflow/example_dags/example_latest_only_with_trigger.py
[2022-04-30 21:14:26,473] {processor.py:652} INFO - DAG(s) dict_keys(['latest_only_with_trigger']) retrieved from /home/airflow/.local/lib/python3.7/site-packages/airflow/example_dags/example_latest_only_with_trigger.py
[2022-04-30 21:14:26,495] {logging_mixin.py:109} INFO - [2022-04-30 21:14:26,495] {dag.py:2398} INFO - Sync 1 DAGs
[2022-04-30 21:14:26,510] {logging_mixin.py:109} INFO - [2022-04-30 21:14:26,510] {dag.py:2937} INFO - Setting next_dagrun for latest_only_with_trigger to 2022-04-30T17:14:26.510442+00:00
[2022-04-30 21:14:26,522] {processor.py:171} INFO - Processing /home/airflow/.local/lib/python3.7/site-packages/airflow/example_dags/example_latest_only_with_trigger.py took 0.071 seconds
