[2022-04-30 21:08:15,639] {processor.py:163} INFO - Started process (PID=119) to work on /home/airflow/.local/lib/python3.7/site-packages/airflow/example_dags/example_dag_decorator.py
[2022-04-30 21:08:15,644] {processor.py:642} INFO - Processing file /home/airflow/.local/lib/python3.7/site-packages/airflow/example_dags/example_dag_decorator.py for tasks to queue
[2022-04-30 21:08:15,647] {logging_mixin.py:109} INFO - [2022-04-30 21:08:15,647] {dagbag.py:500} INFO - Filling up the DagBag from /home/airflow/.local/lib/python3.7/site-packages/airflow/example_dags/example_dag_decorator.py
[2022-04-30 21:08:15,695] {processor.py:652} INFO - DAG(s) dict_keys(['example_dag_decorator']) retrieved from /home/airflow/.local/lib/python3.7/site-packages/airflow/example_dags/example_dag_decorator.py
[2022-04-30 21:08:17,803] {logging_mixin.py:109} INFO - [2022-04-30 21:08:17,803] {manager.py:496} INFO - Created Permission View: can edit on DAG:example_dag_decorator
[2022-04-30 21:08:17,826] {logging_mixin.py:109} INFO - [2022-04-30 21:08:17,825] {manager.py:496} INFO - Created Permission View: can read on DAG:example_dag_decorator
[2022-04-30 21:08:17,828] {logging_mixin.py:109} INFO - [2022-04-30 21:08:17,827] {dag.py:2398} INFO - Sync 1 DAGs
[2022-04-30 21:08:17,854] {logging_mixin.py:109} INFO - [2022-04-30 21:08:17,853] {dag.py:2417} INFO - Creating ORM DAG for example_dag_decorator
[2022-04-30 21:08:17,870] {logging_mixin.py:109} INFO - [2022-04-30 21:08:17,870] {dag.py:2937} INFO - Setting next_dagrun for example_dag_decorator to None
[2022-04-30 21:08:17,895] {processor.py:171} INFO - Processing /home/airflow/.local/lib/python3.7/site-packages/airflow/example_dags/example_dag_decorator.py took 2.261 seconds
[2022-04-30 21:09:57,441] {processor.py:163} INFO - Started process (PID=42) to work on /home/airflow/.local/lib/python3.7/site-packages/airflow/example_dags/example_dag_decorator.py
[2022-04-30 21:09:57,446] {processor.py:642} INFO - Processing file /home/airflow/.local/lib/python3.7/site-packages/airflow/example_dags/example_dag_decorator.py for tasks to queue
[2022-04-30 21:09:57,448] {logging_mixin.py:109} INFO - [2022-04-30 21:09:57,447] {dagbag.py:500} INFO - Filling up the DagBag from /home/airflow/.local/lib/python3.7/site-packages/airflow/example_dags/example_dag_decorator.py
[2022-04-30 21:09:57,625] {processor.py:652} INFO - DAG(s) dict_keys(['example_dag_decorator']) retrieved from /home/airflow/.local/lib/python3.7/site-packages/airflow/example_dags/example_dag_decorator.py
[2022-04-30 21:09:58,349] {logging_mixin.py:109} INFO - [2022-04-30 21:09:58,349] {dag.py:2398} INFO - Sync 1 DAGs
[2022-04-30 21:09:58,378] {logging_mixin.py:109} INFO - [2022-04-30 21:09:58,378] {dag.py:2937} INFO - Setting next_dagrun for example_dag_decorator to None
[2022-04-30 21:09:58,426] {processor.py:171} INFO - Processing /home/airflow/.local/lib/python3.7/site-packages/airflow/example_dags/example_dag_decorator.py took 0.989 seconds
[2022-04-30 21:10:28,853] {processor.py:163} INFO - Started process (PID=150) to work on /home/airflow/.local/lib/python3.7/site-packages/airflow/example_dags/example_dag_decorator.py
[2022-04-30 21:10:28,855] {processor.py:642} INFO - Processing file /home/airflow/.local/lib/python3.7/site-packages/airflow/example_dags/example_dag_decorator.py for tasks to queue
[2022-04-30 21:10:28,856] {logging_mixin.py:109} INFO - [2022-04-30 21:10:28,856] {dagbag.py:500} INFO - Filling up the DagBag from /home/airflow/.local/lib/python3.7/site-packages/airflow/example_dags/example_dag_decorator.py
[2022-04-30 21:10:28,881] {processor.py:652} INFO - DAG(s) dict_keys(['example_dag_decorator']) retrieved from /home/airflow/.local/lib/python3.7/site-packages/airflow/example_dags/example_dag_decorator.py
[2022-04-30 21:10:29,137] {logging_mixin.py:109} INFO - [2022-04-30 21:10:29,137] {dag.py:2398} INFO - Sync 1 DAGs
[2022-04-30 21:10:29,153] {logging_mixin.py:109} INFO - [2022-04-30 21:10:29,153] {dag.py:2937} INFO - Setting next_dagrun for example_dag_decorator to None
[2022-04-30 21:10:29,167] {processor.py:171} INFO - Processing /home/airflow/.local/lib/python3.7/site-packages/airflow/example_dags/example_dag_decorator.py took 0.317 seconds
[2022-04-30 21:11:00,037] {processor.py:163} INFO - Started process (PID=201) to work on /home/airflow/.local/lib/python3.7/site-packages/airflow/example_dags/example_dag_decorator.py
[2022-04-30 21:11:00,040] {processor.py:642} INFO - Processing file /home/airflow/.local/lib/python3.7/site-packages/airflow/example_dags/example_dag_decorator.py for tasks to queue
[2022-04-30 21:11:00,041] {logging_mixin.py:109} INFO - [2022-04-30 21:11:00,041] {dagbag.py:500} INFO - Filling up the DagBag from /home/airflow/.local/lib/python3.7/site-packages/airflow/example_dags/example_dag_decorator.py
[2022-04-30 21:11:00,073] {processor.py:652} INFO - DAG(s) dict_keys(['example_dag_decorator']) retrieved from /home/airflow/.local/lib/python3.7/site-packages/airflow/example_dags/example_dag_decorator.py
[2022-04-30 21:11:00,371] {logging_mixin.py:109} INFO - [2022-04-30 21:11:00,371] {dag.py:2398} INFO - Sync 1 DAGs
[2022-04-30 21:11:00,388] {logging_mixin.py:109} INFO - [2022-04-30 21:11:00,388] {dag.py:2937} INFO - Setting next_dagrun for example_dag_decorator to None
[2022-04-30 21:11:00,400] {processor.py:171} INFO - Processing /home/airflow/.local/lib/python3.7/site-packages/airflow/example_dags/example_dag_decorator.py took 0.367 seconds
[2022-04-30 21:11:31,153] {processor.py:163} INFO - Started process (PID=264) to work on /home/airflow/.local/lib/python3.7/site-packages/airflow/example_dags/example_dag_decorator.py
[2022-04-30 21:11:31,156] {processor.py:642} INFO - Processing file /home/airflow/.local/lib/python3.7/site-packages/airflow/example_dags/example_dag_decorator.py for tasks to queue
[2022-04-30 21:11:31,158] {logging_mixin.py:109} INFO - [2022-04-30 21:11:31,157] {dagbag.py:500} INFO - Filling up the DagBag from /home/airflow/.local/lib/python3.7/site-packages/airflow/example_dags/example_dag_decorator.py
[2022-04-30 21:11:31,191] {processor.py:652} INFO - DAG(s) dict_keys(['example_dag_decorator']) retrieved from /home/airflow/.local/lib/python3.7/site-packages/airflow/example_dags/example_dag_decorator.py
[2022-04-30 21:11:31,475] {logging_mixin.py:109} INFO - [2022-04-30 21:11:31,474] {dag.py:2398} INFO - Sync 1 DAGs
[2022-04-30 21:11:31,491] {logging_mixin.py:109} INFO - [2022-04-30 21:11:31,491] {dag.py:2937} INFO - Setting next_dagrun for example_dag_decorator to None
[2022-04-30 21:11:31,505] {processor.py:171} INFO - Processing /home/airflow/.local/lib/python3.7/site-packages/airflow/example_dags/example_dag_decorator.py took 0.356 seconds
[2022-04-30 21:12:02,125] {processor.py:163} INFO - Started process (PID=326) to work on /home/airflow/.local/lib/python3.7/site-packages/airflow/example_dags/example_dag_decorator.py
[2022-04-30 21:12:02,127] {processor.py:642} INFO - Processing file /home/airflow/.local/lib/python3.7/site-packages/airflow/example_dags/example_dag_decorator.py for tasks to queue
[2022-04-30 21:12:02,129] {logging_mixin.py:109} INFO - [2022-04-30 21:12:02,129] {dagbag.py:500} INFO - Filling up the DagBag from /home/airflow/.local/lib/python3.7/site-packages/airflow/example_dags/example_dag_decorator.py
[2022-04-30 21:12:02,155] {processor.py:652} INFO - DAG(s) dict_keys(['example_dag_decorator']) retrieved from /home/airflow/.local/lib/python3.7/site-packages/airflow/example_dags/example_dag_decorator.py
[2022-04-30 21:12:02,452] {logging_mixin.py:109} INFO - [2022-04-30 21:12:02,451] {dag.py:2398} INFO - Sync 1 DAGs
[2022-04-30 21:12:02,468] {logging_mixin.py:109} INFO - [2022-04-30 21:12:02,468] {dag.py:2937} INFO - Setting next_dagrun for example_dag_decorator to None
[2022-04-30 21:12:02,486] {processor.py:171} INFO - Processing /home/airflow/.local/lib/python3.7/site-packages/airflow/example_dags/example_dag_decorator.py took 0.366 seconds
[2022-04-30 21:13:56,472] {processor.py:163} INFO - Started process (PID=50) to work on /home/airflow/.local/lib/python3.7/site-packages/airflow/example_dags/example_dag_decorator.py
[2022-04-30 21:13:56,479] {processor.py:642} INFO - Processing file /home/airflow/.local/lib/python3.7/site-packages/airflow/example_dags/example_dag_decorator.py for tasks to queue
[2022-04-30 21:13:56,482] {logging_mixin.py:109} INFO - [2022-04-30 21:13:56,482] {dagbag.py:500} INFO - Filling up the DagBag from /home/airflow/.local/lib/python3.7/site-packages/airflow/example_dags/example_dag_decorator.py
[2022-04-30 21:13:56,539] {processor.py:652} INFO - DAG(s) dict_keys(['example_dag_decorator']) retrieved from /home/airflow/.local/lib/python3.7/site-packages/airflow/example_dags/example_dag_decorator.py
[2022-04-30 21:13:57,030] {logging_mixin.py:109} INFO - [2022-04-30 21:13:57,029] {dag.py:2398} INFO - Sync 1 DAGs
[2022-04-30 21:13:57,052] {logging_mixin.py:109} INFO - [2022-04-30 21:13:57,051] {dag.py:2937} INFO - Setting next_dagrun for example_dag_decorator to None
[2022-04-30 21:13:57,067] {processor.py:171} INFO - Processing /home/airflow/.local/lib/python3.7/site-packages/airflow/example_dags/example_dag_decorator.py took 0.599 seconds
[2022-04-30 21:14:27,498] {processor.py:163} INFO - Started process (PID=100) to work on /home/airflow/.local/lib/python3.7/site-packages/airflow/example_dags/example_dag_decorator.py
[2022-04-30 21:14:27,503] {processor.py:642} INFO - Processing file /home/airflow/.local/lib/python3.7/site-packages/airflow/example_dags/example_dag_decorator.py for tasks to queue
[2022-04-30 21:14:27,506] {logging_mixin.py:109} INFO - [2022-04-30 21:14:27,506] {dagbag.py:500} INFO - Filling up the DagBag from /home/airflow/.local/lib/python3.7/site-packages/airflow/example_dags/example_dag_decorator.py
[2022-04-30 21:14:27,558] {processor.py:652} INFO - DAG(s) dict_keys(['example_dag_decorator']) retrieved from /home/airflow/.local/lib/python3.7/site-packages/airflow/example_dags/example_dag_decorator.py
[2022-04-30 21:14:27,966] {logging_mixin.py:109} INFO - [2022-04-30 21:14:27,966] {dag.py:2398} INFO - Sync 1 DAGs
[2022-04-30 21:14:27,978] {logging_mixin.py:109} INFO - [2022-04-30 21:14:27,978] {dag.py:2937} INFO - Setting next_dagrun for example_dag_decorator to None
[2022-04-30 21:14:27,989] {processor.py:171} INFO - Processing /home/airflow/.local/lib/python3.7/site-packages/airflow/example_dags/example_dag_decorator.py took 0.498 seconds
