[2022-04-30 21:10:12,937] {processor.py:163} INFO - Started process (PID=118) to work on /home/airflow/.local/lib/python3.7/site-packages/airflow/example_dags/example_branch_python_dop_operator_3.py
[2022-04-30 21:10:12,940] {processor.py:642} INFO - Processing file /home/airflow/.local/lib/python3.7/site-packages/airflow/example_dags/example_branch_python_dop_operator_3.py for tasks to queue
[2022-04-30 21:10:12,942] {logging_mixin.py:109} INFO - [2022-04-30 21:10:12,942] {dagbag.py:500} INFO - Filling up the DagBag from /home/airflow/.local/lib/python3.7/site-packages/airflow/example_dags/example_branch_python_dop_operator_3.py
[2022-04-30 21:10:12,969] {processor.py:652} INFO - DAG(s) dict_keys(['example_branch_dop_operator_v3']) retrieved from /home/airflow/.local/lib/python3.7/site-packages/airflow/example_dags/example_branch_python_dop_operator_3.py
[2022-04-30 21:10:15,503] {logging_mixin.py:109} INFO - [2022-04-30 21:10:15,502] {manager.py:496} INFO - Created Permission View: can edit on DAG:example_branch_dop_operator_v3
[2022-04-30 21:10:15,514] {logging_mixin.py:109} INFO - [2022-04-30 21:10:15,514] {manager.py:496} INFO - Created Permission View: can read on DAG:example_branch_dop_operator_v3
[2022-04-30 21:10:15,515] {logging_mixin.py:109} INFO - [2022-04-30 21:10:15,515] {dag.py:2398} INFO - Sync 1 DAGs
[2022-04-30 21:10:15,523] {logging_mixin.py:109} INFO - [2022-04-30 21:10:15,523] {dag.py:2417} INFO - Creating ORM DAG for example_branch_dop_operator_v3
[2022-04-30 21:10:15,537] {logging_mixin.py:109} INFO - [2022-04-30 21:10:15,537] {dag.py:2937} INFO - Setting next_dagrun for example_branch_dop_operator_v3 to 2022-04-30T21:09:00+00:00
[2022-04-30 21:10:15,552] {processor.py:171} INFO - Processing /home/airflow/.local/lib/python3.7/site-packages/airflow/example_dags/example_branch_python_dop_operator_3.py took 2.621 seconds
[2022-04-30 21:10:45,603] {processor.py:163} INFO - Started process (PID=178) to work on /home/airflow/.local/lib/python3.7/site-packages/airflow/example_dags/example_branch_python_dop_operator_3.py
[2022-04-30 21:10:45,605] {processor.py:642} INFO - Processing file /home/airflow/.local/lib/python3.7/site-packages/airflow/example_dags/example_branch_python_dop_operator_3.py for tasks to queue
[2022-04-30 21:10:45,607] {logging_mixin.py:109} INFO - [2022-04-30 21:10:45,606] {dagbag.py:500} INFO - Filling up the DagBag from /home/airflow/.local/lib/python3.7/site-packages/airflow/example_dags/example_branch_python_dop_operator_3.py
[2022-04-30 21:10:45,625] {processor.py:652} INFO - DAG(s) dict_keys(['example_branch_dop_operator_v3']) retrieved from /home/airflow/.local/lib/python3.7/site-packages/airflow/example_dags/example_branch_python_dop_operator_3.py
[2022-04-30 21:10:45,644] {logging_mixin.py:109} INFO - [2022-04-30 21:10:45,644] {dag.py:2398} INFO - Sync 1 DAGs
[2022-04-30 21:10:45,664] {logging_mixin.py:109} INFO - [2022-04-30 21:10:45,664] {dag.py:2937} INFO - Setting next_dagrun for example_branch_dop_operator_v3 to 2022-04-30T21:09:00+00:00
[2022-04-30 21:10:45,674] {processor.py:171} INFO - Processing /home/airflow/.local/lib/python3.7/site-packages/airflow/example_dags/example_branch_python_dop_operator_3.py took 0.075 seconds
[2022-04-30 21:11:15,818] {processor.py:163} INFO - Started process (PID=241) to work on /home/airflow/.local/lib/python3.7/site-packages/airflow/example_dags/example_branch_python_dop_operator_3.py
[2022-04-30 21:11:15,821] {processor.py:642} INFO - Processing file /home/airflow/.local/lib/python3.7/site-packages/airflow/example_dags/example_branch_python_dop_operator_3.py for tasks to queue
[2022-04-30 21:11:15,822] {logging_mixin.py:109} INFO - [2022-04-30 21:11:15,822] {dagbag.py:500} INFO - Filling up the DagBag from /home/airflow/.local/lib/python3.7/site-packages/airflow/example_dags/example_branch_python_dop_operator_3.py
[2022-04-30 21:11:15,847] {processor.py:652} INFO - DAG(s) dict_keys(['example_branch_dop_operator_v3']) retrieved from /home/airflow/.local/lib/python3.7/site-packages/airflow/example_dags/example_branch_python_dop_operator_3.py
[2022-04-30 21:11:15,869] {logging_mixin.py:109} INFO - [2022-04-30 21:11:15,869] {dag.py:2398} INFO - Sync 1 DAGs
[2022-04-30 21:11:15,892] {logging_mixin.py:109} INFO - [2022-04-30 21:11:15,891] {dag.py:2937} INFO - Setting next_dagrun for example_branch_dop_operator_v3 to 2022-04-30T21:10:00+00:00
[2022-04-30 21:11:15,901] {processor.py:171} INFO - Processing /home/airflow/.local/lib/python3.7/site-packages/airflow/example_dags/example_branch_python_dop_operator_3.py took 0.087 seconds
[2022-04-30 21:11:46,004] {processor.py:163} INFO - Started process (PID=291) to work on /home/airflow/.local/lib/python3.7/site-packages/airflow/example_dags/example_branch_python_dop_operator_3.py
[2022-04-30 21:11:46,006] {processor.py:642} INFO - Processing file /home/airflow/.local/lib/python3.7/site-packages/airflow/example_dags/example_branch_python_dop_operator_3.py for tasks to queue
[2022-04-30 21:11:46,007] {logging_mixin.py:109} INFO - [2022-04-30 21:11:46,007] {dagbag.py:500} INFO - Filling up the DagBag from /home/airflow/.local/lib/python3.7/site-packages/airflow/example_dags/example_branch_python_dop_operator_3.py
[2022-04-30 21:11:46,034] {processor.py:652} INFO - DAG(s) dict_keys(['example_branch_dop_operator_v3']) retrieved from /home/airflow/.local/lib/python3.7/site-packages/airflow/example_dags/example_branch_python_dop_operator_3.py
[2022-04-30 21:11:46,061] {logging_mixin.py:109} INFO - [2022-04-30 21:11:46,061] {dag.py:2398} INFO - Sync 1 DAGs
[2022-04-30 21:11:46,086] {logging_mixin.py:109} INFO - [2022-04-30 21:11:46,086] {dag.py:2937} INFO - Setting next_dagrun for example_branch_dop_operator_v3 to 2022-04-30T21:10:00+00:00
[2022-04-30 21:11:46,099] {processor.py:171} INFO - Processing /home/airflow/.local/lib/python3.7/site-packages/airflow/example_dags/example_branch_python_dop_operator_3.py took 0.101 seconds
[2022-04-30 21:12:16,271] {processor.py:163} INFO - Started process (PID=354) to work on /home/airflow/.local/lib/python3.7/site-packages/airflow/example_dags/example_branch_python_dop_operator_3.py
[2022-04-30 21:12:16,273] {processor.py:642} INFO - Processing file /home/airflow/.local/lib/python3.7/site-packages/airflow/example_dags/example_branch_python_dop_operator_3.py for tasks to queue
[2022-04-30 21:12:16,275] {logging_mixin.py:109} INFO - [2022-04-30 21:12:16,274] {dagbag.py:500} INFO - Filling up the DagBag from /home/airflow/.local/lib/python3.7/site-packages/airflow/example_dags/example_branch_python_dop_operator_3.py
[2022-04-30 21:12:16,297] {processor.py:652} INFO - DAG(s) dict_keys(['example_branch_dop_operator_v3']) retrieved from /home/airflow/.local/lib/python3.7/site-packages/airflow/example_dags/example_branch_python_dop_operator_3.py
[2022-04-30 21:12:16,320] {logging_mixin.py:109} INFO - [2022-04-30 21:12:16,320] {dag.py:2398} INFO - Sync 1 DAGs
[2022-04-30 21:12:16,341] {logging_mixin.py:109} INFO - [2022-04-30 21:12:16,341] {dag.py:2937} INFO - Setting next_dagrun for example_branch_dop_operator_v3 to 2022-04-30T21:11:00+00:00
[2022-04-30 21:12:16,350] {processor.py:171} INFO - Processing /home/airflow/.local/lib/python3.7/site-packages/airflow/example_dags/example_branch_python_dop_operator_3.py took 0.084 seconds
[2022-04-30 21:14:00,108] {processor.py:163} INFO - Started process (PID=67) to work on /home/airflow/.local/lib/python3.7/site-packages/airflow/example_dags/example_branch_python_dop_operator_3.py
[2022-04-30 21:14:00,119] {processor.py:642} INFO - Processing file /home/airflow/.local/lib/python3.7/site-packages/airflow/example_dags/example_branch_python_dop_operator_3.py for tasks to queue
[2022-04-30 21:14:00,123] {logging_mixin.py:109} INFO - [2022-04-30 21:14:00,122] {dagbag.py:500} INFO - Filling up the DagBag from /home/airflow/.local/lib/python3.7/site-packages/airflow/example_dags/example_branch_python_dop_operator_3.py
[2022-04-30 21:14:00,159] {processor.py:652} INFO - DAG(s) dict_keys(['example_branch_dop_operator_v3']) retrieved from /home/airflow/.local/lib/python3.7/site-packages/airflow/example_dags/example_branch_python_dop_operator_3.py
[2022-04-30 21:14:00,279] {logging_mixin.py:109} INFO - [2022-04-30 21:14:00,279] {dag.py:2398} INFO - Sync 1 DAGs
[2022-04-30 21:14:00,346] {logging_mixin.py:109} INFO - [2022-04-30 21:14:00,346] {dag.py:2937} INFO - Setting next_dagrun for example_branch_dop_operator_v3 to 2022-04-30T21:13:00+00:00
[2022-04-30 21:14:00,371] {processor.py:171} INFO - Processing /home/airflow/.local/lib/python3.7/site-packages/airflow/example_dags/example_branch_python_dop_operator_3.py took 0.267 seconds
[2022-04-30 21:14:31,170] {processor.py:163} INFO - Started process (PID=126) to work on /home/airflow/.local/lib/python3.7/site-packages/airflow/example_dags/example_branch_python_dop_operator_3.py
[2022-04-30 21:14:31,173] {processor.py:642} INFO - Processing file /home/airflow/.local/lib/python3.7/site-packages/airflow/example_dags/example_branch_python_dop_operator_3.py for tasks to queue
[2022-04-30 21:14:31,177] {logging_mixin.py:109} INFO - [2022-04-30 21:14:31,177] {dagbag.py:500} INFO - Filling up the DagBag from /home/airflow/.local/lib/python3.7/site-packages/airflow/example_dags/example_branch_python_dop_operator_3.py
[2022-04-30 21:14:31,219] {processor.py:652} INFO - DAG(s) dict_keys(['example_branch_dop_operator_v3']) retrieved from /home/airflow/.local/lib/python3.7/site-packages/airflow/example_dags/example_branch_python_dop_operator_3.py
[2022-04-30 21:14:31,281] {logging_mixin.py:109} INFO - [2022-04-30 21:14:31,281] {dag.py:2398} INFO - Sync 1 DAGs
[2022-04-30 21:14:31,324] {logging_mixin.py:109} INFO - [2022-04-30 21:14:31,324] {dag.py:2937} INFO - Setting next_dagrun for example_branch_dop_operator_v3 to 2022-04-30T21:13:00+00:00
[2022-04-30 21:14:31,355] {processor.py:171} INFO - Processing /home/airflow/.local/lib/python3.7/site-packages/airflow/example_dags/example_branch_python_dop_operator_3.py took 0.193 seconds
