[2022-04-30 21:10:03,139] {processor.py:163} INFO - Started process (PID=68) to work on /home/airflow/.local/lib/python3.7/site-packages/airflow/example_dags/example_trigger_target_dag.py
[2022-04-30 21:10:03,141] {processor.py:642} INFO - Processing file /home/airflow/.local/lib/python3.7/site-packages/airflow/example_dags/example_trigger_target_dag.py for tasks to queue
[2022-04-30 21:10:03,142] {logging_mixin.py:109} INFO - [2022-04-30 21:10:03,142] {dagbag.py:500} INFO - Filling up the DagBag from /home/airflow/.local/lib/python3.7/site-packages/airflow/example_dags/example_trigger_target_dag.py
[2022-04-30 21:10:03,205] {processor.py:652} INFO - DAG(s) dict_keys(['example_trigger_target_dag']) retrieved from /home/airflow/.local/lib/python3.7/site-packages/airflow/example_dags/example_trigger_target_dag.py
[2022-04-30 21:10:05,677] {logging_mixin.py:109} INFO - [2022-04-30 21:10:05,677] {manager.py:496} INFO - Created Permission View: can edit on DAG:example_trigger_target_dag
[2022-04-30 21:10:05,694] {logging_mixin.py:109} INFO - [2022-04-30 21:10:05,694] {manager.py:496} INFO - Created Permission View: can read on DAG:example_trigger_target_dag
[2022-04-30 21:10:05,697] {logging_mixin.py:109} INFO - [2022-04-30 21:10:05,696] {dag.py:2398} INFO - Sync 1 DAGs
[2022-04-30 21:10:05,725] {logging_mixin.py:109} INFO - [2022-04-30 21:10:05,725] {dag.py:2417} INFO - Creating ORM DAG for example_trigger_target_dag
[2022-04-30 21:10:05,735] {logging_mixin.py:109} INFO - [2022-04-30 21:10:05,734] {dag.py:2937} INFO - Setting next_dagrun for example_trigger_target_dag to None
[2022-04-30 21:10:05,752] {processor.py:171} INFO - Processing /home/airflow/.local/lib/python3.7/site-packages/airflow/example_dags/example_trigger_target_dag.py took 2.617 seconds
[2022-04-30 21:10:36,271] {processor.py:163} INFO - Started process (PID=159) to work on /home/airflow/.local/lib/python3.7/site-packages/airflow/example_dags/example_trigger_target_dag.py
[2022-04-30 21:10:36,274] {processor.py:642} INFO - Processing file /home/airflow/.local/lib/python3.7/site-packages/airflow/example_dags/example_trigger_target_dag.py for tasks to queue
[2022-04-30 21:10:36,276] {logging_mixin.py:109} INFO - [2022-04-30 21:10:36,276] {dagbag.py:500} INFO - Filling up the DagBag from /home/airflow/.local/lib/python3.7/site-packages/airflow/example_dags/example_trigger_target_dag.py
[2022-04-30 21:10:36,307] {processor.py:652} INFO - DAG(s) dict_keys(['example_trigger_target_dag']) retrieved from /home/airflow/.local/lib/python3.7/site-packages/airflow/example_dags/example_trigger_target_dag.py
[2022-04-30 21:10:36,359] {logging_mixin.py:109} INFO - [2022-04-30 21:10:36,359] {dag.py:2398} INFO - Sync 1 DAGs
[2022-04-30 21:10:36,403] {logging_mixin.py:109} INFO - [2022-04-30 21:10:36,403] {dag.py:2937} INFO - Setting next_dagrun for example_trigger_target_dag to None
[2022-04-30 21:10:36,426] {processor.py:171} INFO - Processing /home/airflow/.local/lib/python3.7/site-packages/airflow/example_dags/example_trigger_target_dag.py took 0.158 seconds
[2022-04-30 21:11:07,056] {processor.py:163} INFO - Started process (PID=221) to work on /home/airflow/.local/lib/python3.7/site-packages/airflow/example_dags/example_trigger_target_dag.py
[2022-04-30 21:11:07,058] {processor.py:642} INFO - Processing file /home/airflow/.local/lib/python3.7/site-packages/airflow/example_dags/example_trigger_target_dag.py for tasks to queue
[2022-04-30 21:11:07,059] {logging_mixin.py:109} INFO - [2022-04-30 21:11:07,059] {dagbag.py:500} INFO - Filling up the DagBag from /home/airflow/.local/lib/python3.7/site-packages/airflow/example_dags/example_trigger_target_dag.py
[2022-04-30 21:11:07,082] {processor.py:652} INFO - DAG(s) dict_keys(['example_trigger_target_dag']) retrieved from /home/airflow/.local/lib/python3.7/site-packages/airflow/example_dags/example_trigger_target_dag.py
[2022-04-30 21:11:07,104] {logging_mixin.py:109} INFO - [2022-04-30 21:11:07,104] {dag.py:2398} INFO - Sync 1 DAGs
[2022-04-30 21:11:07,121] {logging_mixin.py:109} INFO - [2022-04-30 21:11:07,121] {dag.py:2937} INFO - Setting next_dagrun for example_trigger_target_dag to None
[2022-04-30 21:11:07,132] {processor.py:171} INFO - Processing /home/airflow/.local/lib/python3.7/site-packages/airflow/example_dags/example_trigger_target_dag.py took 0.083 seconds
[2022-04-30 21:11:37,250] {processor.py:163} INFO - Started process (PID=272) to work on /home/airflow/.local/lib/python3.7/site-packages/airflow/example_dags/example_trigger_target_dag.py
[2022-04-30 21:11:37,252] {processor.py:642} INFO - Processing file /home/airflow/.local/lib/python3.7/site-packages/airflow/example_dags/example_trigger_target_dag.py for tasks to queue
[2022-04-30 21:11:37,254] {logging_mixin.py:109} INFO - [2022-04-30 21:11:37,254] {dagbag.py:500} INFO - Filling up the DagBag from /home/airflow/.local/lib/python3.7/site-packages/airflow/example_dags/example_trigger_target_dag.py
[2022-04-30 21:11:37,275] {processor.py:652} INFO - DAG(s) dict_keys(['example_trigger_target_dag']) retrieved from /home/airflow/.local/lib/python3.7/site-packages/airflow/example_dags/example_trigger_target_dag.py
[2022-04-30 21:11:37,296] {logging_mixin.py:109} INFO - [2022-04-30 21:11:37,296] {dag.py:2398} INFO - Sync 1 DAGs
[2022-04-30 21:11:37,311] {logging_mixin.py:109} INFO - [2022-04-30 21:11:37,311] {dag.py:2937} INFO - Setting next_dagrun for example_trigger_target_dag to None
[2022-04-30 21:11:37,321] {processor.py:171} INFO - Processing /home/airflow/.local/lib/python3.7/site-packages/airflow/example_dags/example_trigger_target_dag.py took 0.076 seconds
[2022-04-30 21:12:07,759] {processor.py:163} INFO - Started process (PID=334) to work on /home/airflow/.local/lib/python3.7/site-packages/airflow/example_dags/example_trigger_target_dag.py
[2022-04-30 21:12:07,762] {processor.py:642} INFO - Processing file /home/airflow/.local/lib/python3.7/site-packages/airflow/example_dags/example_trigger_target_dag.py for tasks to queue
[2022-04-30 21:12:07,764] {logging_mixin.py:109} INFO - [2022-04-30 21:12:07,764] {dagbag.py:500} INFO - Filling up the DagBag from /home/airflow/.local/lib/python3.7/site-packages/airflow/example_dags/example_trigger_target_dag.py
[2022-04-30 21:12:07,793] {processor.py:652} INFO - DAG(s) dict_keys(['example_trigger_target_dag']) retrieved from /home/airflow/.local/lib/python3.7/site-packages/airflow/example_dags/example_trigger_target_dag.py
[2022-04-30 21:12:07,822] {logging_mixin.py:109} INFO - [2022-04-30 21:12:07,822] {dag.py:2398} INFO - Sync 1 DAGs
[2022-04-30 21:12:07,841] {logging_mixin.py:109} INFO - [2022-04-30 21:12:07,841] {dag.py:2937} INFO - Setting next_dagrun for example_trigger_target_dag to None
[2022-04-30 21:12:07,858] {processor.py:171} INFO - Processing /home/airflow/.local/lib/python3.7/site-packages/airflow/example_dags/example_trigger_target_dag.py took 0.102 seconds
[2022-04-30 21:13:58,536] {processor.py:163} INFO - Started process (PID=59) to work on /home/airflow/.local/lib/python3.7/site-packages/airflow/example_dags/example_trigger_target_dag.py
[2022-04-30 21:13:58,540] {processor.py:642} INFO - Processing file /home/airflow/.local/lib/python3.7/site-packages/airflow/example_dags/example_trigger_target_dag.py for tasks to queue
[2022-04-30 21:13:58,543] {logging_mixin.py:109} INFO - [2022-04-30 21:13:58,542] {dagbag.py:500} INFO - Filling up the DagBag from /home/airflow/.local/lib/python3.7/site-packages/airflow/example_dags/example_trigger_target_dag.py
[2022-04-30 21:13:58,593] {processor.py:652} INFO - DAG(s) dict_keys(['example_trigger_target_dag']) retrieved from /home/airflow/.local/lib/python3.7/site-packages/airflow/example_dags/example_trigger_target_dag.py
[2022-04-30 21:13:58,641] {logging_mixin.py:109} INFO - [2022-04-30 21:13:58,641] {dag.py:2398} INFO - Sync 1 DAGs
[2022-04-30 21:13:58,679] {logging_mixin.py:109} INFO - [2022-04-30 21:13:58,679] {dag.py:2937} INFO - Setting next_dagrun for example_trigger_target_dag to None
[2022-04-30 21:13:58,716] {processor.py:171} INFO - Processing /home/airflow/.local/lib/python3.7/site-packages/airflow/example_dags/example_trigger_target_dag.py took 0.189 seconds
[2022-04-30 21:14:28,869] {processor.py:163} INFO - Started process (PID=108) to work on /home/airflow/.local/lib/python3.7/site-packages/airflow/example_dags/example_trigger_target_dag.py
[2022-04-30 21:14:28,871] {processor.py:642} INFO - Processing file /home/airflow/.local/lib/python3.7/site-packages/airflow/example_dags/example_trigger_target_dag.py for tasks to queue
[2022-04-30 21:14:28,873] {logging_mixin.py:109} INFO - [2022-04-30 21:14:28,873] {dagbag.py:500} INFO - Filling up the DagBag from /home/airflow/.local/lib/python3.7/site-packages/airflow/example_dags/example_trigger_target_dag.py
[2022-04-30 21:14:28,912] {processor.py:652} INFO - DAG(s) dict_keys(['example_trigger_target_dag']) retrieved from /home/airflow/.local/lib/python3.7/site-packages/airflow/example_dags/example_trigger_target_dag.py
[2022-04-30 21:14:28,963] {logging_mixin.py:109} INFO - [2022-04-30 21:14:28,962] {dag.py:2398} INFO - Sync 1 DAGs
[2022-04-30 21:14:28,990] {logging_mixin.py:109} INFO - [2022-04-30 21:14:28,990] {dag.py:2937} INFO - Setting next_dagrun for example_trigger_target_dag to None
[2022-04-30 21:14:29,018] {processor.py:171} INFO - Processing /home/airflow/.local/lib/python3.7/site-packages/airflow/example_dags/example_trigger_target_dag.py took 0.156 seconds
