[2022-04-30 21:10:10,145] {processor.py:163} INFO - Started process (PID=97) to work on /home/airflow/.local/lib/python3.7/site-packages/airflow/example_dags/example_branch_labels.py
[2022-04-30 21:10:10,147] {processor.py:642} INFO - Processing file /home/airflow/.local/lib/python3.7/site-packages/airflow/example_dags/example_branch_labels.py for tasks to queue
[2022-04-30 21:10:10,148] {logging_mixin.py:109} INFO - [2022-04-30 21:10:10,148] {dagbag.py:500} INFO - Filling up the DagBag from /home/airflow/.local/lib/python3.7/site-packages/airflow/example_dags/example_branch_labels.py
[2022-04-30 21:10:10,172] {processor.py:652} INFO - DAG(s) dict_keys(['example_branch_labels']) retrieved from /home/airflow/.local/lib/python3.7/site-packages/airflow/example_dags/example_branch_labels.py
[2022-04-30 21:10:12,159] {logging_mixin.py:109} INFO - [2022-04-30 21:10:12,159] {manager.py:496} INFO - Created Permission View: can edit on DAG:example_branch_labels
[2022-04-30 21:10:12,183] {logging_mixin.py:109} INFO - [2022-04-30 21:10:12,182] {manager.py:496} INFO - Created Permission View: can read on DAG:example_branch_labels
[2022-04-30 21:10:12,184] {logging_mixin.py:109} INFO - [2022-04-30 21:10:12,184] {dag.py:2398} INFO - Sync 1 DAGs
[2022-04-30 21:10:12,198] {logging_mixin.py:109} INFO - [2022-04-30 21:10:12,198] {dag.py:2417} INFO - Creating ORM DAG for example_branch_labels
[2022-04-30 21:10:12,213] {logging_mixin.py:109} INFO - [2022-04-30 21:10:12,213] {dag.py:2937} INFO - Setting next_dagrun for example_branch_labels to 2022-04-29 00:00:00+00:00
[2022-04-30 21:10:12,233] {processor.py:171} INFO - Processing /home/airflow/.local/lib/python3.7/site-packages/airflow/example_dags/example_branch_labels.py took 2.114 seconds
[2022-04-30 21:10:42,382] {processor.py:163} INFO - Started process (PID=173) to work on /home/airflow/.local/lib/python3.7/site-packages/airflow/example_dags/example_branch_labels.py
[2022-04-30 21:10:42,384] {processor.py:642} INFO - Processing file /home/airflow/.local/lib/python3.7/site-packages/airflow/example_dags/example_branch_labels.py for tasks to queue
[2022-04-30 21:10:42,385] {logging_mixin.py:109} INFO - [2022-04-30 21:10:42,385] {dagbag.py:500} INFO - Filling up the DagBag from /home/airflow/.local/lib/python3.7/site-packages/airflow/example_dags/example_branch_labels.py
[2022-04-30 21:10:42,400] {processor.py:652} INFO - DAG(s) dict_keys(['example_branch_labels']) retrieved from /home/airflow/.local/lib/python3.7/site-packages/airflow/example_dags/example_branch_labels.py
[2022-04-30 21:10:42,422] {logging_mixin.py:109} INFO - [2022-04-30 21:10:42,422] {dag.py:2398} INFO - Sync 1 DAGs
[2022-04-30 21:10:42,438] {logging_mixin.py:109} INFO - [2022-04-30 21:10:42,438] {dag.py:2937} INFO - Setting next_dagrun for example_branch_labels to 2022-04-29 00:00:00+00:00
[2022-04-30 21:10:42,448] {processor.py:171} INFO - Processing /home/airflow/.local/lib/python3.7/site-packages/airflow/example_dags/example_branch_labels.py took 0.070 seconds
[2022-04-30 21:11:12,563] {processor.py:163} INFO - Started process (PID=226) to work on /home/airflow/.local/lib/python3.7/site-packages/airflow/example_dags/example_branch_labels.py
[2022-04-30 21:11:12,566] {processor.py:642} INFO - Processing file /home/airflow/.local/lib/python3.7/site-packages/airflow/example_dags/example_branch_labels.py for tasks to queue
[2022-04-30 21:11:12,567] {logging_mixin.py:109} INFO - [2022-04-30 21:11:12,567] {dagbag.py:500} INFO - Filling up the DagBag from /home/airflow/.local/lib/python3.7/site-packages/airflow/example_dags/example_branch_labels.py
[2022-04-30 21:11:12,587] {processor.py:652} INFO - DAG(s) dict_keys(['example_branch_labels']) retrieved from /home/airflow/.local/lib/python3.7/site-packages/airflow/example_dags/example_branch_labels.py
[2022-04-30 21:11:12,606] {logging_mixin.py:109} INFO - [2022-04-30 21:11:12,606] {dag.py:2398} INFO - Sync 1 DAGs
[2022-04-30 21:11:12,622] {logging_mixin.py:109} INFO - [2022-04-30 21:11:12,622] {dag.py:2937} INFO - Setting next_dagrun for example_branch_labels to 2022-04-29 00:00:00+00:00
[2022-04-30 21:11:12,632] {processor.py:171} INFO - Processing /home/airflow/.local/lib/python3.7/site-packages/airflow/example_dags/example_branch_labels.py took 0.072 seconds
[2022-04-30 21:11:42,856] {processor.py:163} INFO - Started process (PID=288) to work on /home/airflow/.local/lib/python3.7/site-packages/airflow/example_dags/example_branch_labels.py
[2022-04-30 21:11:42,859] {processor.py:642} INFO - Processing file /home/airflow/.local/lib/python3.7/site-packages/airflow/example_dags/example_branch_labels.py for tasks to queue
[2022-04-30 21:11:42,861] {logging_mixin.py:109} INFO - [2022-04-30 21:11:42,860] {dagbag.py:500} INFO - Filling up the DagBag from /home/airflow/.local/lib/python3.7/site-packages/airflow/example_dags/example_branch_labels.py
[2022-04-30 21:11:42,883] {processor.py:652} INFO - DAG(s) dict_keys(['example_branch_labels']) retrieved from /home/airflow/.local/lib/python3.7/site-packages/airflow/example_dags/example_branch_labels.py
[2022-04-30 21:11:42,906] {logging_mixin.py:109} INFO - [2022-04-30 21:11:42,906] {dag.py:2398} INFO - Sync 1 DAGs
[2022-04-30 21:11:42,927] {logging_mixin.py:109} INFO - [2022-04-30 21:11:42,927] {dag.py:2937} INFO - Setting next_dagrun for example_branch_labels to 2022-04-29 00:00:00+00:00
[2022-04-30 21:11:42,941] {processor.py:171} INFO - Processing /home/airflow/.local/lib/python3.7/site-packages/airflow/example_dags/example_branch_labels.py took 0.090 seconds
[2022-04-30 21:12:13,140] {processor.py:163} INFO - Started process (PID=342) to work on /home/airflow/.local/lib/python3.7/site-packages/airflow/example_dags/example_branch_labels.py
[2022-04-30 21:12:13,142] {processor.py:642} INFO - Processing file /home/airflow/.local/lib/python3.7/site-packages/airflow/example_dags/example_branch_labels.py for tasks to queue
[2022-04-30 21:12:13,144] {logging_mixin.py:109} INFO - [2022-04-30 21:12:13,144] {dagbag.py:500} INFO - Filling up the DagBag from /home/airflow/.local/lib/python3.7/site-packages/airflow/example_dags/example_branch_labels.py
[2022-04-30 21:12:13,164] {processor.py:652} INFO - DAG(s) dict_keys(['example_branch_labels']) retrieved from /home/airflow/.local/lib/python3.7/site-packages/airflow/example_dags/example_branch_labels.py
[2022-04-30 21:12:13,188] {logging_mixin.py:109} INFO - [2022-04-30 21:12:13,188] {dag.py:2398} INFO - Sync 1 DAGs
[2022-04-30 21:12:13,206] {logging_mixin.py:109} INFO - [2022-04-30 21:12:13,206] {dag.py:2937} INFO - Setting next_dagrun for example_branch_labels to 2022-04-29 00:00:00+00:00
[2022-04-30 21:12:13,218] {processor.py:171} INFO - Processing /home/airflow/.local/lib/python3.7/site-packages/airflow/example_dags/example_branch_labels.py took 0.082 seconds
[2022-04-30 21:13:59,783] {processor.py:163} INFO - Started process (PID=64) to work on /home/airflow/.local/lib/python3.7/site-packages/airflow/example_dags/example_branch_labels.py
[2022-04-30 21:13:59,794] {processor.py:642} INFO - Processing file /home/airflow/.local/lib/python3.7/site-packages/airflow/example_dags/example_branch_labels.py for tasks to queue
[2022-04-30 21:13:59,796] {logging_mixin.py:109} INFO - [2022-04-30 21:13:59,796] {dagbag.py:500} INFO - Filling up the DagBag from /home/airflow/.local/lib/python3.7/site-packages/airflow/example_dags/example_branch_labels.py
[2022-04-30 21:13:59,856] {processor.py:652} INFO - DAG(s) dict_keys(['example_branch_labels']) retrieved from /home/airflow/.local/lib/python3.7/site-packages/airflow/example_dags/example_branch_labels.py
[2022-04-30 21:13:59,920] {logging_mixin.py:109} INFO - [2022-04-30 21:13:59,920] {dag.py:2398} INFO - Sync 1 DAGs
[2022-04-30 21:13:59,948] {logging_mixin.py:109} INFO - [2022-04-30 21:13:59,948] {dag.py:2937} INFO - Setting next_dagrun for example_branch_labels to 2022-04-29 00:00:00+00:00
[2022-04-30 21:13:59,970] {processor.py:171} INFO - Processing /home/airflow/.local/lib/python3.7/site-packages/airflow/example_dags/example_branch_labels.py took 0.191 seconds
[2022-04-30 21:14:30,508] {processor.py:163} INFO - Started process (PID=114) to work on /home/airflow/.local/lib/python3.7/site-packages/airflow/example_dags/example_branch_labels.py
[2022-04-30 21:14:30,516] {processor.py:642} INFO - Processing file /home/airflow/.local/lib/python3.7/site-packages/airflow/example_dags/example_branch_labels.py for tasks to queue
[2022-04-30 21:14:30,520] {logging_mixin.py:109} INFO - [2022-04-30 21:14:30,520] {dagbag.py:500} INFO - Filling up the DagBag from /home/airflow/.local/lib/python3.7/site-packages/airflow/example_dags/example_branch_labels.py
[2022-04-30 21:14:30,554] {processor.py:652} INFO - DAG(s) dict_keys(['example_branch_labels']) retrieved from /home/airflow/.local/lib/python3.7/site-packages/airflow/example_dags/example_branch_labels.py
[2022-04-30 21:14:30,608] {logging_mixin.py:109} INFO - [2022-04-30 21:14:30,608] {dag.py:2398} INFO - Sync 1 DAGs
[2022-04-30 21:14:30,651] {logging_mixin.py:109} INFO - [2022-04-30 21:14:30,651] {dag.py:2937} INFO - Setting next_dagrun for example_branch_labels to 2022-04-29 00:00:00+00:00
[2022-04-30 21:14:30,668] {processor.py:171} INFO - Processing /home/airflow/.local/lib/python3.7/site-packages/airflow/example_dags/example_branch_labels.py took 0.165 seconds
