[2022-04-30 21:08:21,420] {processor.py:163} INFO - Started process (PID=140) to work on /home/airflow/.local/lib/python3.7/site-packages/airflow/example_dags/example_skip_dag.py
[2022-04-30 21:08:21,423] {processor.py:642} INFO - Processing file /home/airflow/.local/lib/python3.7/site-packages/airflow/example_dags/example_skip_dag.py for tasks to queue
[2022-04-30 21:08:21,425] {logging_mixin.py:109} INFO - [2022-04-30 21:08:21,425] {dagbag.py:500} INFO - Filling up the DagBag from /home/airflow/.local/lib/python3.7/site-packages/airflow/example_dags/example_skip_dag.py
[2022-04-30 21:08:21,455] {processor.py:652} INFO - DAG(s) dict_keys(['example_skip_dag']) retrieved from /home/airflow/.local/lib/python3.7/site-packages/airflow/example_dags/example_skip_dag.py
[2022-04-30 21:08:24,230] {logging_mixin.py:109} INFO - [2022-04-30 21:08:24,230] {manager.py:496} INFO - Created Permission View: can edit on DAG:example_skip_dag
[2022-04-30 21:08:24,247] {logging_mixin.py:109} INFO - [2022-04-30 21:08:24,247] {manager.py:496} INFO - Created Permission View: can read on DAG:example_skip_dag
[2022-04-30 21:08:24,248] {logging_mixin.py:109} INFO - [2022-04-30 21:08:24,248] {dag.py:2398} INFO - Sync 1 DAGs
[2022-04-30 21:08:24,259] {logging_mixin.py:109} INFO - [2022-04-30 21:08:24,258] {dag.py:2417} INFO - Creating ORM DAG for example_skip_dag
[2022-04-30 21:08:24,270] {logging_mixin.py:109} INFO - [2022-04-30 21:08:24,270] {dag.py:2937} INFO - Setting next_dagrun for example_skip_dag to 2022-04-29T21:08:24.270288+00:00
[2022-04-30 21:08:24,291] {processor.py:171} INFO - Processing /home/airflow/.local/lib/python3.7/site-packages/airflow/example_dags/example_skip_dag.py took 2.876 seconds
[2022-04-30 21:09:59,061] {processor.py:163} INFO - Started process (PID=56) to work on /home/airflow/.local/lib/python3.7/site-packages/airflow/example_dags/example_skip_dag.py
[2022-04-30 21:09:59,065] {processor.py:642} INFO - Processing file /home/airflow/.local/lib/python3.7/site-packages/airflow/example_dags/example_skip_dag.py for tasks to queue
[2022-04-30 21:09:59,067] {logging_mixin.py:109} INFO - [2022-04-30 21:09:59,067] {dagbag.py:500} INFO - Filling up the DagBag from /home/airflow/.local/lib/python3.7/site-packages/airflow/example_dags/example_skip_dag.py
[2022-04-30 21:09:59,115] {processor.py:652} INFO - DAG(s) dict_keys(['example_skip_dag']) retrieved from /home/airflow/.local/lib/python3.7/site-packages/airflow/example_dags/example_skip_dag.py
[2022-04-30 21:09:59,169] {logging_mixin.py:109} INFO - [2022-04-30 21:09:59,168] {dag.py:2398} INFO - Sync 1 DAGs
[2022-04-30 21:09:59,202] {logging_mixin.py:109} INFO - [2022-04-30 21:09:59,202] {dag.py:2937} INFO - Setting next_dagrun for example_skip_dag to 2022-04-29T21:09:59.201999+00:00
[2022-04-30 21:09:59,222] {processor.py:171} INFO - Processing /home/airflow/.local/lib/python3.7/site-packages/airflow/example_dags/example_skip_dag.py took 0.167 seconds
[2022-04-30 21:10:29,315] {processor.py:163} INFO - Started process (PID=154) to work on /home/airflow/.local/lib/python3.7/site-packages/airflow/example_dags/example_skip_dag.py
[2022-04-30 21:10:29,317] {processor.py:642} INFO - Processing file /home/airflow/.local/lib/python3.7/site-packages/airflow/example_dags/example_skip_dag.py for tasks to queue
[2022-04-30 21:10:29,319] {logging_mixin.py:109} INFO - [2022-04-30 21:10:29,318] {dagbag.py:500} INFO - Filling up the DagBag from /home/airflow/.local/lib/python3.7/site-packages/airflow/example_dags/example_skip_dag.py
[2022-04-30 21:10:29,333] {processor.py:652} INFO - DAG(s) dict_keys(['example_skip_dag']) retrieved from /home/airflow/.local/lib/python3.7/site-packages/airflow/example_dags/example_skip_dag.py
[2022-04-30 21:10:29,366] {logging_mixin.py:109} INFO - [2022-04-30 21:10:29,366] {dag.py:2398} INFO - Sync 1 DAGs
[2022-04-30 21:10:29,412] {logging_mixin.py:109} INFO - [2022-04-30 21:10:29,412] {dag.py:2937} INFO - Setting next_dagrun for example_skip_dag to 2022-04-29T21:10:29.412151+00:00
[2022-04-30 21:10:29,464] {processor.py:171} INFO - Processing /home/airflow/.local/lib/python3.7/site-packages/airflow/example_dags/example_skip_dag.py took 0.152 seconds
[2022-04-30 21:11:00,409] {processor.py:163} INFO - Started process (PID=205) to work on /home/airflow/.local/lib/python3.7/site-packages/airflow/example_dags/example_skip_dag.py
[2022-04-30 21:11:00,411] {processor.py:642} INFO - Processing file /home/airflow/.local/lib/python3.7/site-packages/airflow/example_dags/example_skip_dag.py for tasks to queue
[2022-04-30 21:11:00,412] {logging_mixin.py:109} INFO - [2022-04-30 21:11:00,412] {dagbag.py:500} INFO - Filling up the DagBag from /home/airflow/.local/lib/python3.7/site-packages/airflow/example_dags/example_skip_dag.py
[2022-04-30 21:11:00,437] {processor.py:652} INFO - DAG(s) dict_keys(['example_skip_dag']) retrieved from /home/airflow/.local/lib/python3.7/site-packages/airflow/example_dags/example_skip_dag.py
[2022-04-30 21:11:00,464] {logging_mixin.py:109} INFO - [2022-04-30 21:11:00,464] {dag.py:2398} INFO - Sync 1 DAGs
[2022-04-30 21:11:00,483] {logging_mixin.py:109} INFO - [2022-04-30 21:11:00,483] {dag.py:2937} INFO - Setting next_dagrun for example_skip_dag to 2022-04-29T21:11:00.483273+00:00
[2022-04-30 21:11:00,499] {processor.py:171} INFO - Processing /home/airflow/.local/lib/python3.7/site-packages/airflow/example_dags/example_skip_dag.py took 0.094 seconds
[2022-04-30 21:11:31,634] {processor.py:163} INFO - Started process (PID=268) to work on /home/airflow/.local/lib/python3.7/site-packages/airflow/example_dags/example_skip_dag.py
[2022-04-30 21:11:31,639] {processor.py:642} INFO - Processing file /home/airflow/.local/lib/python3.7/site-packages/airflow/example_dags/example_skip_dag.py for tasks to queue
[2022-04-30 21:11:31,641] {logging_mixin.py:109} INFO - [2022-04-30 21:11:31,640] {dagbag.py:500} INFO - Filling up the DagBag from /home/airflow/.local/lib/python3.7/site-packages/airflow/example_dags/example_skip_dag.py
[2022-04-30 21:11:31,659] {processor.py:652} INFO - DAG(s) dict_keys(['example_skip_dag']) retrieved from /home/airflow/.local/lib/python3.7/site-packages/airflow/example_dags/example_skip_dag.py
[2022-04-30 21:11:31,682] {logging_mixin.py:109} INFO - [2022-04-30 21:11:31,682] {dag.py:2398} INFO - Sync 1 DAGs
[2022-04-30 21:11:31,701] {logging_mixin.py:109} INFO - [2022-04-30 21:11:31,701] {dag.py:2937} INFO - Setting next_dagrun for example_skip_dag to 2022-04-29T21:11:31.700793+00:00
[2022-04-30 21:11:31,711] {processor.py:171} INFO - Processing /home/airflow/.local/lib/python3.7/site-packages/airflow/example_dags/example_skip_dag.py took 0.082 seconds
[2022-04-30 21:12:02,620] {processor.py:163} INFO - Started process (PID=330) to work on /home/airflow/.local/lib/python3.7/site-packages/airflow/example_dags/example_skip_dag.py
[2022-04-30 21:12:02,621] {processor.py:642} INFO - Processing file /home/airflow/.local/lib/python3.7/site-packages/airflow/example_dags/example_skip_dag.py for tasks to queue
[2022-04-30 21:12:02,622] {logging_mixin.py:109} INFO - [2022-04-30 21:12:02,622] {dagbag.py:500} INFO - Filling up the DagBag from /home/airflow/.local/lib/python3.7/site-packages/airflow/example_dags/example_skip_dag.py
[2022-04-30 21:12:02,639] {processor.py:652} INFO - DAG(s) dict_keys(['example_skip_dag']) retrieved from /home/airflow/.local/lib/python3.7/site-packages/airflow/example_dags/example_skip_dag.py
[2022-04-30 21:12:02,662] {logging_mixin.py:109} INFO - [2022-04-30 21:12:02,662] {dag.py:2398} INFO - Sync 1 DAGs
[2022-04-30 21:12:02,678] {logging_mixin.py:109} INFO - [2022-04-30 21:12:02,677] {dag.py:2937} INFO - Setting next_dagrun for example_skip_dag to 2022-04-29T21:12:02.677578+00:00
[2022-04-30 21:12:02,689] {processor.py:171} INFO - Processing /home/airflow/.local/lib/python3.7/site-packages/airflow/example_dags/example_skip_dag.py took 0.074 seconds
[2022-04-30 21:13:57,806] {processor.py:163} INFO - Started process (PID=55) to work on /home/airflow/.local/lib/python3.7/site-packages/airflow/example_dags/example_skip_dag.py
[2022-04-30 21:13:57,812] {processor.py:642} INFO - Processing file /home/airflow/.local/lib/python3.7/site-packages/airflow/example_dags/example_skip_dag.py for tasks to queue
[2022-04-30 21:13:57,815] {logging_mixin.py:109} INFO - [2022-04-30 21:13:57,815] {dagbag.py:500} INFO - Filling up the DagBag from /home/airflow/.local/lib/python3.7/site-packages/airflow/example_dags/example_skip_dag.py
[2022-04-30 21:13:57,845] {processor.py:652} INFO - DAG(s) dict_keys(['example_skip_dag']) retrieved from /home/airflow/.local/lib/python3.7/site-packages/airflow/example_dags/example_skip_dag.py
[2022-04-30 21:13:57,948] {logging_mixin.py:109} INFO - [2022-04-30 21:13:57,948] {dag.py:2398} INFO - Sync 1 DAGs
[2022-04-30 21:13:57,992] {logging_mixin.py:109} INFO - [2022-04-30 21:13:57,992] {dag.py:2937} INFO - Setting next_dagrun for example_skip_dag to 2022-04-29T21:13:57.991650+00:00
[2022-04-30 21:13:58,010] {processor.py:171} INFO - Processing /home/airflow/.local/lib/python3.7/site-packages/airflow/example_dags/example_skip_dag.py took 0.211 seconds
[2022-04-30 21:14:28,240] {processor.py:163} INFO - Started process (PID=104) to work on /home/airflow/.local/lib/python3.7/site-packages/airflow/example_dags/example_skip_dag.py
[2022-04-30 21:14:28,242] {processor.py:642} INFO - Processing file /home/airflow/.local/lib/python3.7/site-packages/airflow/example_dags/example_skip_dag.py for tasks to queue
[2022-04-30 21:14:28,244] {logging_mixin.py:109} INFO - [2022-04-30 21:14:28,244] {dagbag.py:500} INFO - Filling up the DagBag from /home/airflow/.local/lib/python3.7/site-packages/airflow/example_dags/example_skip_dag.py
[2022-04-30 21:14:28,259] {processor.py:652} INFO - DAG(s) dict_keys(['example_skip_dag']) retrieved from /home/airflow/.local/lib/python3.7/site-packages/airflow/example_dags/example_skip_dag.py
[2022-04-30 21:14:28,286] {logging_mixin.py:109} INFO - [2022-04-30 21:14:28,285] {dag.py:2398} INFO - Sync 1 DAGs
[2022-04-30 21:14:28,302] {logging_mixin.py:109} INFO - [2022-04-30 21:14:28,302] {dag.py:2937} INFO - Setting next_dagrun for example_skip_dag to 2022-04-29T21:14:28.302492+00:00
[2022-04-30 21:14:28,315] {processor.py:171} INFO - Processing /home/airflow/.local/lib/python3.7/site-packages/airflow/example_dags/example_skip_dag.py took 0.078 seconds
