[2022-04-30 21:08:20,909] {processor.py:163} INFO - Started process (PID=139) to work on /home/airflow/.local/lib/python3.7/site-packages/airflow/example_dags/example_nested_branch_dag.py
[2022-04-30 21:08:20,912] {processor.py:642} INFO - Processing file /home/airflow/.local/lib/python3.7/site-packages/airflow/example_dags/example_nested_branch_dag.py for tasks to queue
[2022-04-30 21:08:20,914] {logging_mixin.py:109} INFO - [2022-04-30 21:08:20,914] {dagbag.py:500} INFO - Filling up the DagBag from /home/airflow/.local/lib/python3.7/site-packages/airflow/example_dags/example_nested_branch_dag.py
[2022-04-30 21:08:20,953] {processor.py:652} INFO - DAG(s) dict_keys(['example_nested_branch_dag']) retrieved from /home/airflow/.local/lib/python3.7/site-packages/airflow/example_dags/example_nested_branch_dag.py
[2022-04-30 21:08:23,801] {logging_mixin.py:109} INFO - [2022-04-30 21:08:23,801] {manager.py:496} INFO - Created Permission View: can edit on DAG:example_nested_branch_dag
[2022-04-30 21:08:23,815] {logging_mixin.py:109} INFO - [2022-04-30 21:08:23,815] {manager.py:496} INFO - Created Permission View: can read on DAG:example_nested_branch_dag
[2022-04-30 21:08:23,817] {logging_mixin.py:109} INFO - [2022-04-30 21:08:23,816] {dag.py:2398} INFO - Sync 1 DAGs
[2022-04-30 21:08:23,828] {logging_mixin.py:109} INFO - [2022-04-30 21:08:23,827] {dag.py:2417} INFO - Creating ORM DAG for example_nested_branch_dag
[2022-04-30 21:08:23,841] {logging_mixin.py:109} INFO - [2022-04-30 21:08:23,841] {dag.py:2937} INFO - Setting next_dagrun for example_nested_branch_dag to 2022-04-29 00:00:00+00:00
[2022-04-30 21:08:23,857] {processor.py:171} INFO - Processing /home/airflow/.local/lib/python3.7/site-packages/airflow/example_dags/example_nested_branch_dag.py took 2.955 seconds
[2022-04-30 21:09:58,879] {processor.py:163} INFO - Started process (PID=55) to work on /home/airflow/.local/lib/python3.7/site-packages/airflow/example_dags/example_nested_branch_dag.py
[2022-04-30 21:09:58,884] {processor.py:642} INFO - Processing file /home/airflow/.local/lib/python3.7/site-packages/airflow/example_dags/example_nested_branch_dag.py for tasks to queue
[2022-04-30 21:09:58,886] {logging_mixin.py:109} INFO - [2022-04-30 21:09:58,886] {dagbag.py:500} INFO - Filling up the DagBag from /home/airflow/.local/lib/python3.7/site-packages/airflow/example_dags/example_nested_branch_dag.py
[2022-04-30 21:09:58,920] {processor.py:652} INFO - DAG(s) dict_keys(['example_nested_branch_dag']) retrieved from /home/airflow/.local/lib/python3.7/site-packages/airflow/example_dags/example_nested_branch_dag.py
[2022-04-30 21:09:58,961] {logging_mixin.py:109} INFO - [2022-04-30 21:09:58,961] {dag.py:2398} INFO - Sync 1 DAGs
[2022-04-30 21:09:58,998] {logging_mixin.py:109} INFO - [2022-04-30 21:09:58,998] {dag.py:2937} INFO - Setting next_dagrun for example_nested_branch_dag to 2022-04-29 00:00:00+00:00
[2022-04-30 21:09:59,018] {processor.py:171} INFO - Processing /home/airflow/.local/lib/python3.7/site-packages/airflow/example_dags/example_nested_branch_dag.py took 0.142 seconds
[2022-04-30 21:10:29,212] {processor.py:163} INFO - Started process (PID=153) to work on /home/airflow/.local/lib/python3.7/site-packages/airflow/example_dags/example_nested_branch_dag.py
[2022-04-30 21:10:29,214] {processor.py:642} INFO - Processing file /home/airflow/.local/lib/python3.7/site-packages/airflow/example_dags/example_nested_branch_dag.py for tasks to queue
[2022-04-30 21:10:29,216] {logging_mixin.py:109} INFO - [2022-04-30 21:10:29,216] {dagbag.py:500} INFO - Filling up the DagBag from /home/airflow/.local/lib/python3.7/site-packages/airflow/example_dags/example_nested_branch_dag.py
[2022-04-30 21:10:29,236] {processor.py:652} INFO - DAG(s) dict_keys(['example_nested_branch_dag']) retrieved from /home/airflow/.local/lib/python3.7/site-packages/airflow/example_dags/example_nested_branch_dag.py
[2022-04-30 21:10:29,261] {logging_mixin.py:109} INFO - [2022-04-30 21:10:29,261] {dag.py:2398} INFO - Sync 1 DAGs
[2022-04-30 21:10:29,280] {logging_mixin.py:109} INFO - [2022-04-30 21:10:29,280] {dag.py:2937} INFO - Setting next_dagrun for example_nested_branch_dag to 2022-04-29 00:00:00+00:00
[2022-04-30 21:10:29,291] {processor.py:171} INFO - Processing /home/airflow/.local/lib/python3.7/site-packages/airflow/example_dags/example_nested_branch_dag.py took 0.086 seconds
[2022-04-30 21:11:00,295] {processor.py:163} INFO - Started process (PID=204) to work on /home/airflow/.local/lib/python3.7/site-packages/airflow/example_dags/example_nested_branch_dag.py
[2022-04-30 21:11:00,297] {processor.py:642} INFO - Processing file /home/airflow/.local/lib/python3.7/site-packages/airflow/example_dags/example_nested_branch_dag.py for tasks to queue
[2022-04-30 21:11:00,298] {logging_mixin.py:109} INFO - [2022-04-30 21:11:00,298] {dagbag.py:500} INFO - Filling up the DagBag from /home/airflow/.local/lib/python3.7/site-packages/airflow/example_dags/example_nested_branch_dag.py
[2022-04-30 21:11:00,321] {processor.py:652} INFO - DAG(s) dict_keys(['example_nested_branch_dag']) retrieved from /home/airflow/.local/lib/python3.7/site-packages/airflow/example_dags/example_nested_branch_dag.py
[2022-04-30 21:11:00,351] {logging_mixin.py:109} INFO - [2022-04-30 21:11:00,351] {dag.py:2398} INFO - Sync 1 DAGs
[2022-04-30 21:11:00,369] {logging_mixin.py:109} INFO - [2022-04-30 21:11:00,369] {dag.py:2937} INFO - Setting next_dagrun for example_nested_branch_dag to 2022-04-29 00:00:00+00:00
[2022-04-30 21:11:00,380] {processor.py:171} INFO - Processing /home/airflow/.local/lib/python3.7/site-packages/airflow/example_dags/example_nested_branch_dag.py took 0.090 seconds
[2022-04-30 21:11:31,586] {processor.py:163} INFO - Started process (PID=267) to work on /home/airflow/.local/lib/python3.7/site-packages/airflow/example_dags/example_nested_branch_dag.py
[2022-04-30 21:11:31,589] {processor.py:642} INFO - Processing file /home/airflow/.local/lib/python3.7/site-packages/airflow/example_dags/example_nested_branch_dag.py for tasks to queue
[2022-04-30 21:11:31,590] {logging_mixin.py:109} INFO - [2022-04-30 21:11:31,590] {dagbag.py:500} INFO - Filling up the DagBag from /home/airflow/.local/lib/python3.7/site-packages/airflow/example_dags/example_nested_branch_dag.py
[2022-04-30 21:11:31,615] {processor.py:652} INFO - DAG(s) dict_keys(['example_nested_branch_dag']) retrieved from /home/airflow/.local/lib/python3.7/site-packages/airflow/example_dags/example_nested_branch_dag.py
[2022-04-30 21:11:31,648] {logging_mixin.py:109} INFO - [2022-04-30 21:11:31,648] {dag.py:2398} INFO - Sync 1 DAGs
[2022-04-30 21:11:31,666] {logging_mixin.py:109} INFO - [2022-04-30 21:11:31,666] {dag.py:2937} INFO - Setting next_dagrun for example_nested_branch_dag to 2022-04-29 00:00:00+00:00
[2022-04-30 21:11:31,674] {processor.py:171} INFO - Processing /home/airflow/.local/lib/python3.7/site-packages/airflow/example_dags/example_nested_branch_dag.py took 0.092 seconds
[2022-04-30 21:12:02,614] {processor.py:163} INFO - Started process (PID=329) to work on /home/airflow/.local/lib/python3.7/site-packages/airflow/example_dags/example_nested_branch_dag.py
[2022-04-30 21:12:02,616] {processor.py:642} INFO - Processing file /home/airflow/.local/lib/python3.7/site-packages/airflow/example_dags/example_nested_branch_dag.py for tasks to queue
[2022-04-30 21:12:02,617] {logging_mixin.py:109} INFO - [2022-04-30 21:12:02,617] {dagbag.py:500} INFO - Filling up the DagBag from /home/airflow/.local/lib/python3.7/site-packages/airflow/example_dags/example_nested_branch_dag.py
[2022-04-30 21:12:02,637] {processor.py:652} INFO - DAG(s) dict_keys(['example_nested_branch_dag']) retrieved from /home/airflow/.local/lib/python3.7/site-packages/airflow/example_dags/example_nested_branch_dag.py
[2022-04-30 21:12:02,656] {logging_mixin.py:109} INFO - [2022-04-30 21:12:02,656] {dag.py:2398} INFO - Sync 1 DAGs
[2022-04-30 21:12:02,672] {logging_mixin.py:109} INFO - [2022-04-30 21:12:02,672] {dag.py:2937} INFO - Setting next_dagrun for example_nested_branch_dag to 2022-04-29 00:00:00+00:00
[2022-04-30 21:12:02,682] {processor.py:171} INFO - Processing /home/airflow/.local/lib/python3.7/site-packages/airflow/example_dags/example_nested_branch_dag.py took 0.072 seconds
[2022-04-30 21:13:57,453] {processor.py:163} INFO - Started process (PID=54) to work on /home/airflow/.local/lib/python3.7/site-packages/airflow/example_dags/example_nested_branch_dag.py
[2022-04-30 21:13:57,459] {processor.py:642} INFO - Processing file /home/airflow/.local/lib/python3.7/site-packages/airflow/example_dags/example_nested_branch_dag.py for tasks to queue
[2022-04-30 21:13:57,463] {logging_mixin.py:109} INFO - [2022-04-30 21:13:57,463] {dagbag.py:500} INFO - Filling up the DagBag from /home/airflow/.local/lib/python3.7/site-packages/airflow/example_dags/example_nested_branch_dag.py
[2022-04-30 21:13:57,515] {processor.py:652} INFO - DAG(s) dict_keys(['example_nested_branch_dag']) retrieved from /home/airflow/.local/lib/python3.7/site-packages/airflow/example_dags/example_nested_branch_dag.py
[2022-04-30 21:13:57,593] {logging_mixin.py:109} INFO - [2022-04-30 21:13:57,593] {dag.py:2398} INFO - Sync 1 DAGs
[2022-04-30 21:13:57,661] {logging_mixin.py:109} INFO - [2022-04-30 21:13:57,661] {dag.py:2937} INFO - Setting next_dagrun for example_nested_branch_dag to 2022-04-29 00:00:00+00:00
[2022-04-30 21:13:57,710] {processor.py:171} INFO - Processing /home/airflow/.local/lib/python3.7/site-packages/airflow/example_dags/example_nested_branch_dag.py took 0.265 seconds
[2022-04-30 21:14:28,112] {processor.py:163} INFO - Started process (PID=103) to work on /home/airflow/.local/lib/python3.7/site-packages/airflow/example_dags/example_nested_branch_dag.py
[2022-04-30 21:14:28,115] {processor.py:642} INFO - Processing file /home/airflow/.local/lib/python3.7/site-packages/airflow/example_dags/example_nested_branch_dag.py for tasks to queue
[2022-04-30 21:14:28,117] {logging_mixin.py:109} INFO - [2022-04-30 21:14:28,116] {dagbag.py:500} INFO - Filling up the DagBag from /home/airflow/.local/lib/python3.7/site-packages/airflow/example_dags/example_nested_branch_dag.py
[2022-04-30 21:14:28,143] {processor.py:652} INFO - DAG(s) dict_keys(['example_nested_branch_dag']) retrieved from /home/airflow/.local/lib/python3.7/site-packages/airflow/example_dags/example_nested_branch_dag.py
[2022-04-30 21:14:28,185] {logging_mixin.py:109} INFO - [2022-04-30 21:14:28,185] {dag.py:2398} INFO - Sync 1 DAGs
[2022-04-30 21:14:28,207] {logging_mixin.py:109} INFO - [2022-04-30 21:14:28,207] {dag.py:2937} INFO - Setting next_dagrun for example_nested_branch_dag to 2022-04-29 00:00:00+00:00
[2022-04-30 21:14:28,219] {processor.py:171} INFO - Processing /home/airflow/.local/lib/python3.7/site-packages/airflow/example_dags/example_nested_branch_dag.py took 0.111 seconds
