[2022-04-30 21:10:07,263] {processor.py:163} INFO - Started process (PID=87) to work on /home/airflow/.local/lib/python3.7/site-packages/airflow/example_dags/example_python_operator.py
[2022-04-30 21:10:07,265] {processor.py:642} INFO - Processing file /home/airflow/.local/lib/python3.7/site-packages/airflow/example_dags/example_python_operator.py for tasks to queue
[2022-04-30 21:10:07,266] {logging_mixin.py:109} INFO - [2022-04-30 21:10:07,266] {dagbag.py:500} INFO - Filling up the DagBag from /home/airflow/.local/lib/python3.7/site-packages/airflow/example_dags/example_python_operator.py
[2022-04-30 21:10:07,306] {processor.py:652} INFO - DAG(s) dict_keys(['example_python_operator']) retrieved from /home/airflow/.local/lib/python3.7/site-packages/airflow/example_dags/example_python_operator.py
[2022-04-30 21:10:10,004] {logging_mixin.py:109} INFO - [2022-04-30 21:10:10,004] {manager.py:496} INFO - Created Permission View: can edit on DAG:example_python_operator
[2022-04-30 21:10:10,017] {logging_mixin.py:109} INFO - [2022-04-30 21:10:10,017] {manager.py:496} INFO - Created Permission View: can read on DAG:example_python_operator
[2022-04-30 21:10:10,019] {logging_mixin.py:109} INFO - [2022-04-30 21:10:10,018] {dag.py:2398} INFO - Sync 1 DAGs
[2022-04-30 21:10:10,032] {logging_mixin.py:109} INFO - [2022-04-30 21:10:10,032] {dag.py:2417} INFO - Creating ORM DAG for example_python_operator
[2022-04-30 21:10:10,048] {logging_mixin.py:109} INFO - [2022-04-30 21:10:10,048] {dag.py:2937} INFO - Setting next_dagrun for example_python_operator to None
[2022-04-30 21:10:10,073] {processor.py:171} INFO - Processing /home/airflow/.local/lib/python3.7/site-packages/airflow/example_dags/example_python_operator.py took 2.814 seconds
[2022-04-30 21:10:40,288] {processor.py:163} INFO - Started process (PID=171) to work on /home/airflow/.local/lib/python3.7/site-packages/airflow/example_dags/example_python_operator.py
[2022-04-30 21:10:40,290] {processor.py:642} INFO - Processing file /home/airflow/.local/lib/python3.7/site-packages/airflow/example_dags/example_python_operator.py for tasks to queue
[2022-04-30 21:10:40,291] {logging_mixin.py:109} INFO - [2022-04-30 21:10:40,291] {dagbag.py:500} INFO - Filling up the DagBag from /home/airflow/.local/lib/python3.7/site-packages/airflow/example_dags/example_python_operator.py
[2022-04-30 21:10:40,316] {processor.py:652} INFO - DAG(s) dict_keys(['example_python_operator']) retrieved from /home/airflow/.local/lib/python3.7/site-packages/airflow/example_dags/example_python_operator.py
[2022-04-30 21:10:40,338] {logging_mixin.py:109} INFO - [2022-04-30 21:10:40,338] {dag.py:2398} INFO - Sync 1 DAGs
[2022-04-30 21:10:40,356] {logging_mixin.py:109} INFO - [2022-04-30 21:10:40,356] {dag.py:2937} INFO - Setting next_dagrun for example_python_operator to None
[2022-04-30 21:10:40,367] {processor.py:171} INFO - Processing /home/airflow/.local/lib/python3.7/site-packages/airflow/example_dags/example_python_operator.py took 0.083 seconds
[2022-04-30 21:11:10,528] {processor.py:163} INFO - Started process (PID=224) to work on /home/airflow/.local/lib/python3.7/site-packages/airflow/example_dags/example_python_operator.py
[2022-04-30 21:11:10,532] {processor.py:642} INFO - Processing file /home/airflow/.local/lib/python3.7/site-packages/airflow/example_dags/example_python_operator.py for tasks to queue
[2022-04-30 21:11:10,534] {logging_mixin.py:109} INFO - [2022-04-30 21:11:10,534] {dagbag.py:500} INFO - Filling up the DagBag from /home/airflow/.local/lib/python3.7/site-packages/airflow/example_dags/example_python_operator.py
[2022-04-30 21:11:10,596] {processor.py:652} INFO - DAG(s) dict_keys(['example_python_operator']) retrieved from /home/airflow/.local/lib/python3.7/site-packages/airflow/example_dags/example_python_operator.py
[2022-04-30 21:11:10,629] {logging_mixin.py:109} INFO - [2022-04-30 21:11:10,629] {dag.py:2398} INFO - Sync 1 DAGs
[2022-04-30 21:11:10,648] {logging_mixin.py:109} INFO - [2022-04-30 21:11:10,648] {dag.py:2937} INFO - Setting next_dagrun for example_python_operator to None
[2022-04-30 21:11:10,666] {processor.py:171} INFO - Processing /home/airflow/.local/lib/python3.7/site-packages/airflow/example_dags/example_python_operator.py took 0.145 seconds
[2022-04-30 21:11:40,775] {processor.py:163} INFO - Started process (PID=286) to work on /home/airflow/.local/lib/python3.7/site-packages/airflow/example_dags/example_python_operator.py
[2022-04-30 21:11:40,777] {processor.py:642} INFO - Processing file /home/airflow/.local/lib/python3.7/site-packages/airflow/example_dags/example_python_operator.py for tasks to queue
[2022-04-30 21:11:40,779] {logging_mixin.py:109} INFO - [2022-04-30 21:11:40,779] {dagbag.py:500} INFO - Filling up the DagBag from /home/airflow/.local/lib/python3.7/site-packages/airflow/example_dags/example_python_operator.py
[2022-04-30 21:11:40,804] {processor.py:652} INFO - DAG(s) dict_keys(['example_python_operator']) retrieved from /home/airflow/.local/lib/python3.7/site-packages/airflow/example_dags/example_python_operator.py
[2022-04-30 21:11:40,824] {logging_mixin.py:109} INFO - [2022-04-30 21:11:40,824] {dag.py:2398} INFO - Sync 1 DAGs
[2022-04-30 21:11:40,839] {logging_mixin.py:109} INFO - [2022-04-30 21:11:40,839] {dag.py:2937} INFO - Setting next_dagrun for example_python_operator to None
[2022-04-30 21:11:40,848] {processor.py:171} INFO - Processing /home/airflow/.local/lib/python3.7/site-packages/airflow/example_dags/example_python_operator.py took 0.079 seconds
[2022-04-30 21:12:11,130] {processor.py:163} INFO - Started process (PID=338) to work on /home/airflow/.local/lib/python3.7/site-packages/airflow/example_dags/example_python_operator.py
[2022-04-30 21:12:11,133] {processor.py:642} INFO - Processing file /home/airflow/.local/lib/python3.7/site-packages/airflow/example_dags/example_python_operator.py for tasks to queue
[2022-04-30 21:12:11,135] {logging_mixin.py:109} INFO - [2022-04-30 21:12:11,135] {dagbag.py:500} INFO - Filling up the DagBag from /home/airflow/.local/lib/python3.7/site-packages/airflow/example_dags/example_python_operator.py
[2022-04-30 21:12:11,157] {processor.py:652} INFO - DAG(s) dict_keys(['example_python_operator']) retrieved from /home/airflow/.local/lib/python3.7/site-packages/airflow/example_dags/example_python_operator.py
[2022-04-30 21:12:11,183] {logging_mixin.py:109} INFO - [2022-04-30 21:12:11,183] {dag.py:2398} INFO - Sync 1 DAGs
[2022-04-30 21:12:11,200] {logging_mixin.py:109} INFO - [2022-04-30 21:12:11,200] {dag.py:2937} INFO - Setting next_dagrun for example_python_operator to None
[2022-04-30 21:12:11,212] {processor.py:171} INFO - Processing /home/airflow/.local/lib/python3.7/site-packages/airflow/example_dags/example_python_operator.py took 0.086 seconds
[2022-04-30 21:13:59,323] {processor.py:163} INFO - Started process (PID=62) to work on /home/airflow/.local/lib/python3.7/site-packages/airflow/example_dags/example_python_operator.py
[2022-04-30 21:13:59,325] {processor.py:642} INFO - Processing file /home/airflow/.local/lib/python3.7/site-packages/airflow/example_dags/example_python_operator.py for tasks to queue
[2022-04-30 21:13:59,327] {logging_mixin.py:109} INFO - [2022-04-30 21:13:59,327] {dagbag.py:500} INFO - Filling up the DagBag from /home/airflow/.local/lib/python3.7/site-packages/airflow/example_dags/example_python_operator.py
[2022-04-30 21:13:59,376] {processor.py:652} INFO - DAG(s) dict_keys(['example_python_operator']) retrieved from /home/airflow/.local/lib/python3.7/site-packages/airflow/example_dags/example_python_operator.py
[2022-04-30 21:13:59,423] {logging_mixin.py:109} INFO - [2022-04-30 21:13:59,423] {dag.py:2398} INFO - Sync 1 DAGs
[2022-04-30 21:13:59,488] {logging_mixin.py:109} INFO - [2022-04-30 21:13:59,488] {dag.py:2937} INFO - Setting next_dagrun for example_python_operator to None
[2022-04-30 21:13:59,533] {processor.py:171} INFO - Processing /home/airflow/.local/lib/python3.7/site-packages/airflow/example_dags/example_python_operator.py took 0.213 seconds
[2022-04-30 21:14:30,203] {processor.py:163} INFO - Started process (PID=112) to work on /home/airflow/.local/lib/python3.7/site-packages/airflow/example_dags/example_python_operator.py
[2022-04-30 21:14:30,206] {processor.py:642} INFO - Processing file /home/airflow/.local/lib/python3.7/site-packages/airflow/example_dags/example_python_operator.py for tasks to queue
[2022-04-30 21:14:30,208] {logging_mixin.py:109} INFO - [2022-04-30 21:14:30,208] {dagbag.py:500} INFO - Filling up the DagBag from /home/airflow/.local/lib/python3.7/site-packages/airflow/example_dags/example_python_operator.py
[2022-04-30 21:14:30,236] {processor.py:652} INFO - DAG(s) dict_keys(['example_python_operator']) retrieved from /home/airflow/.local/lib/python3.7/site-packages/airflow/example_dags/example_python_operator.py
[2022-04-30 21:14:30,264] {logging_mixin.py:109} INFO - [2022-04-30 21:14:30,264] {dag.py:2398} INFO - Sync 1 DAGs
[2022-04-30 21:14:30,284] {logging_mixin.py:109} INFO - [2022-04-30 21:14:30,284] {dag.py:2937} INFO - Setting next_dagrun for example_python_operator to None
[2022-04-30 21:14:30,297] {processor.py:171} INFO - Processing /home/airflow/.local/lib/python3.7/site-packages/airflow/example_dags/example_python_operator.py took 0.099 seconds
