[2022-04-30 21:08:08,179] {processor.py:163} INFO - Started process (PID=80) to work on /home/airflow/.local/lib/python3.7/site-packages/airflow/example_dags/example_complex.py
[2022-04-30 21:08:08,183] {processor.py:642} INFO - Processing file /home/airflow/.local/lib/python3.7/site-packages/airflow/example_dags/example_complex.py for tasks to queue
[2022-04-30 21:08:08,186] {logging_mixin.py:109} INFO - [2022-04-30 21:08:08,186] {dagbag.py:500} INFO - Filling up the DagBag from /home/airflow/.local/lib/python3.7/site-packages/airflow/example_dags/example_complex.py
[2022-04-30 21:08:08,243] {processor.py:652} INFO - DAG(s) dict_keys(['example_complex']) retrieved from /home/airflow/.local/lib/python3.7/site-packages/airflow/example_dags/example_complex.py
[2022-04-30 21:08:11,937] {logging_mixin.py:109} INFO - [2022-04-30 21:08:11,937] {manager.py:496} INFO - Created Permission View: can edit on DAG:example_complex
[2022-04-30 21:08:11,946] {logging_mixin.py:109} INFO - [2022-04-30 21:08:11,946] {manager.py:496} INFO - Created Permission View: can read on DAG:example_complex
[2022-04-30 21:08:11,947] {logging_mixin.py:109} INFO - [2022-04-30 21:08:11,947] {dag.py:2398} INFO - Sync 1 DAGs
[2022-04-30 21:08:11,955] {logging_mixin.py:109} INFO - [2022-04-30 21:08:11,955] {dag.py:2417} INFO - Creating ORM DAG for example_complex
[2022-04-30 21:08:11,963] {logging_mixin.py:109} INFO - [2022-04-30 21:08:11,963] {dag.py:2937} INFO - Setting next_dagrun for example_complex to None
[2022-04-30 21:08:11,975] {processor.py:171} INFO - Processing /home/airflow/.local/lib/python3.7/site-packages/airflow/example_dags/example_complex.py took 3.821 seconds
[2022-04-30 21:09:56,934] {processor.py:163} INFO - Started process (PID=37) to work on /home/airflow/.local/lib/python3.7/site-packages/airflow/example_dags/example_complex.py
[2022-04-30 21:09:56,936] {processor.py:642} INFO - Processing file /home/airflow/.local/lib/python3.7/site-packages/airflow/example_dags/example_complex.py for tasks to queue
[2022-04-30 21:09:56,939] {logging_mixin.py:109} INFO - [2022-04-30 21:09:56,939] {dagbag.py:500} INFO - Filling up the DagBag from /home/airflow/.local/lib/python3.7/site-packages/airflow/example_dags/example_complex.py
[2022-04-30 21:09:56,968] {processor.py:652} INFO - DAG(s) dict_keys(['example_complex']) retrieved from /home/airflow/.local/lib/python3.7/site-packages/airflow/example_dags/example_complex.py
[2022-04-30 21:09:57,026] {logging_mixin.py:109} INFO - [2022-04-30 21:09:57,026] {dag.py:2398} INFO - Sync 1 DAGs
[2022-04-30 21:09:57,045] {logging_mixin.py:109} INFO - [2022-04-30 21:09:57,044] {dag.py:2937} INFO - Setting next_dagrun for example_complex to None
[2022-04-30 21:09:57,062] {processor.py:171} INFO - Processing /home/airflow/.local/lib/python3.7/site-packages/airflow/example_dags/example_complex.py took 0.131 seconds
[2022-04-30 21:10:28,120] {processor.py:163} INFO - Started process (PID=145) to work on /home/airflow/.local/lib/python3.7/site-packages/airflow/example_dags/example_complex.py
[2022-04-30 21:10:28,125] {processor.py:642} INFO - Processing file /home/airflow/.local/lib/python3.7/site-packages/airflow/example_dags/example_complex.py for tasks to queue
[2022-04-30 21:10:28,127] {logging_mixin.py:109} INFO - [2022-04-30 21:10:28,127] {dagbag.py:500} INFO - Filling up the DagBag from /home/airflow/.local/lib/python3.7/site-packages/airflow/example_dags/example_complex.py
[2022-04-30 21:10:28,165] {processor.py:652} INFO - DAG(s) dict_keys(['example_complex']) retrieved from /home/airflow/.local/lib/python3.7/site-packages/airflow/example_dags/example_complex.py
[2022-04-30 21:10:28,210] {logging_mixin.py:109} INFO - [2022-04-30 21:10:28,210] {dag.py:2398} INFO - Sync 1 DAGs
[2022-04-30 21:10:28,237] {logging_mixin.py:109} INFO - [2022-04-30 21:10:28,237] {dag.py:2937} INFO - Setting next_dagrun for example_complex to None
[2022-04-30 21:10:28,257] {processor.py:171} INFO - Processing /home/airflow/.local/lib/python3.7/site-packages/airflow/example_dags/example_complex.py took 0.144 seconds
[2022-04-30 21:10:59,301] {processor.py:163} INFO - Started process (PID=196) to work on /home/airflow/.local/lib/python3.7/site-packages/airflow/example_dags/example_complex.py
[2022-04-30 21:10:59,304] {processor.py:642} INFO - Processing file /home/airflow/.local/lib/python3.7/site-packages/airflow/example_dags/example_complex.py for tasks to queue
[2022-04-30 21:10:59,305] {logging_mixin.py:109} INFO - [2022-04-30 21:10:59,305] {dagbag.py:500} INFO - Filling up the DagBag from /home/airflow/.local/lib/python3.7/site-packages/airflow/example_dags/example_complex.py
[2022-04-30 21:10:59,352] {processor.py:652} INFO - DAG(s) dict_keys(['example_complex']) retrieved from /home/airflow/.local/lib/python3.7/site-packages/airflow/example_dags/example_complex.py
[2022-04-30 21:10:59,396] {logging_mixin.py:109} INFO - [2022-04-30 21:10:59,395] {dag.py:2398} INFO - Sync 1 DAGs
[2022-04-30 21:10:59,426] {logging_mixin.py:109} INFO - [2022-04-30 21:10:59,425] {dag.py:2937} INFO - Setting next_dagrun for example_complex to None
[2022-04-30 21:10:59,452] {processor.py:171} INFO - Processing /home/airflow/.local/lib/python3.7/site-packages/airflow/example_dags/example_complex.py took 0.156 seconds
[2022-04-30 21:11:30,709] {processor.py:163} INFO - Started process (PID=259) to work on /home/airflow/.local/lib/python3.7/site-packages/airflow/example_dags/example_complex.py
[2022-04-30 21:11:30,712] {processor.py:642} INFO - Processing file /home/airflow/.local/lib/python3.7/site-packages/airflow/example_dags/example_complex.py for tasks to queue
[2022-04-30 21:11:30,715] {logging_mixin.py:109} INFO - [2022-04-30 21:11:30,714] {dagbag.py:500} INFO - Filling up the DagBag from /home/airflow/.local/lib/python3.7/site-packages/airflow/example_dags/example_complex.py
[2022-04-30 21:11:30,762] {processor.py:652} INFO - DAG(s) dict_keys(['example_complex']) retrieved from /home/airflow/.local/lib/python3.7/site-packages/airflow/example_dags/example_complex.py
[2022-04-30 21:11:30,802] {logging_mixin.py:109} INFO - [2022-04-30 21:11:30,802] {dag.py:2398} INFO - Sync 1 DAGs
[2022-04-30 21:11:30,826] {logging_mixin.py:109} INFO - [2022-04-30 21:11:30,826] {dag.py:2937} INFO - Setting next_dagrun for example_complex to None
[2022-04-30 21:11:30,844] {processor.py:171} INFO - Processing /home/airflow/.local/lib/python3.7/site-packages/airflow/example_dags/example_complex.py took 0.143 seconds
[2022-04-30 21:12:01,820] {processor.py:163} INFO - Started process (PID=321) to work on /home/airflow/.local/lib/python3.7/site-packages/airflow/example_dags/example_complex.py
[2022-04-30 21:12:01,822] {processor.py:642} INFO - Processing file /home/airflow/.local/lib/python3.7/site-packages/airflow/example_dags/example_complex.py for tasks to queue
[2022-04-30 21:12:01,824] {logging_mixin.py:109} INFO - [2022-04-30 21:12:01,824] {dagbag.py:500} INFO - Filling up the DagBag from /home/airflow/.local/lib/python3.7/site-packages/airflow/example_dags/example_complex.py
[2022-04-30 21:12:01,854] {processor.py:652} INFO - DAG(s) dict_keys(['example_complex']) retrieved from /home/airflow/.local/lib/python3.7/site-packages/airflow/example_dags/example_complex.py
[2022-04-30 21:12:01,881] {logging_mixin.py:109} INFO - [2022-04-30 21:12:01,881] {dag.py:2398} INFO - Sync 1 DAGs
[2022-04-30 21:12:01,895] {logging_mixin.py:109} INFO - [2022-04-30 21:12:01,895] {dag.py:2937} INFO - Setting next_dagrun for example_complex to None
[2022-04-30 21:12:01,906] {processor.py:171} INFO - Processing /home/airflow/.local/lib/python3.7/site-packages/airflow/example_dags/example_complex.py took 0.089 seconds
[2022-04-30 21:13:55,789] {processor.py:163} INFO - Started process (PID=45) to work on /home/airflow/.local/lib/python3.7/site-packages/airflow/example_dags/example_complex.py
[2022-04-30 21:13:55,792] {processor.py:642} INFO - Processing file /home/airflow/.local/lib/python3.7/site-packages/airflow/example_dags/example_complex.py for tasks to queue
[2022-04-30 21:13:55,798] {logging_mixin.py:109} INFO - [2022-04-30 21:13:55,797] {dagbag.py:500} INFO - Filling up the DagBag from /home/airflow/.local/lib/python3.7/site-packages/airflow/example_dags/example_complex.py
[2022-04-30 21:13:55,854] {processor.py:652} INFO - DAG(s) dict_keys(['example_complex']) retrieved from /home/airflow/.local/lib/python3.7/site-packages/airflow/example_dags/example_complex.py
[2022-04-30 21:13:55,905] {logging_mixin.py:109} INFO - [2022-04-30 21:13:55,905] {dag.py:2398} INFO - Sync 1 DAGs
[2022-04-30 21:13:55,930] {logging_mixin.py:109} INFO - [2022-04-30 21:13:55,930] {dag.py:2937} INFO - Setting next_dagrun for example_complex to None
[2022-04-30 21:13:55,952] {processor.py:171} INFO - Processing /home/airflow/.local/lib/python3.7/site-packages/airflow/example_dags/example_complex.py took 0.175 seconds
[2022-04-30 21:14:26,174] {processor.py:163} INFO - Started process (PID=95) to work on /home/airflow/.local/lib/python3.7/site-packages/airflow/example_dags/example_complex.py
[2022-04-30 21:14:26,177] {processor.py:642} INFO - Processing file /home/airflow/.local/lib/python3.7/site-packages/airflow/example_dags/example_complex.py for tasks to queue
[2022-04-30 21:14:26,178] {logging_mixin.py:109} INFO - [2022-04-30 21:14:26,178] {dagbag.py:500} INFO - Filling up the DagBag from /home/airflow/.local/lib/python3.7/site-packages/airflow/example_dags/example_complex.py
[2022-04-30 21:14:26,203] {processor.py:652} INFO - DAG(s) dict_keys(['example_complex']) retrieved from /home/airflow/.local/lib/python3.7/site-packages/airflow/example_dags/example_complex.py
[2022-04-30 21:14:26,230] {logging_mixin.py:109} INFO - [2022-04-30 21:14:26,230] {dag.py:2398} INFO - Sync 1 DAGs
[2022-04-30 21:14:26,248] {logging_mixin.py:109} INFO - [2022-04-30 21:14:26,248] {dag.py:2937} INFO - Setting next_dagrun for example_complex to None
[2022-04-30 21:14:26,263] {processor.py:171} INFO - Processing /home/airflow/.local/lib/python3.7/site-packages/airflow/example_dags/example_complex.py took 0.092 seconds
