[2022-04-30 21:08:05,345] {processor.py:163} INFO - Started process (PID=70) to work on /home/airflow/.local/lib/python3.7/site-packages/airflow/example_dags/example_time_delta_sensor_async.py
[2022-04-30 21:08:05,352] {processor.py:642} INFO - Processing file /home/airflow/.local/lib/python3.7/site-packages/airflow/example_dags/example_time_delta_sensor_async.py for tasks to queue
[2022-04-30 21:08:05,355] {logging_mixin.py:109} INFO - [2022-04-30 21:08:05,355] {dagbag.py:500} INFO - Filling up the DagBag from /home/airflow/.local/lib/python3.7/site-packages/airflow/example_dags/example_time_delta_sensor_async.py
[2022-04-30 21:08:05,424] {processor.py:652} INFO - DAG(s) dict_keys(['example_time_delta_sensor_async']) retrieved from /home/airflow/.local/lib/python3.7/site-packages/airflow/example_dags/example_time_delta_sensor_async.py
[2022-04-30 21:08:08,054] {logging_mixin.py:109} INFO - [2022-04-30 21:08:08,054] {manager.py:496} INFO - Created Permission View: can edit on DAG:example_time_delta_sensor_async
[2022-04-30 21:08:08,065] {logging_mixin.py:109} INFO - [2022-04-30 21:08:08,065] {manager.py:496} INFO - Created Permission View: can read on DAG:example_time_delta_sensor_async
[2022-04-30 21:08:08,066] {logging_mixin.py:109} INFO - [2022-04-30 21:08:08,066] {dag.py:2398} INFO - Sync 1 DAGs
[2022-04-30 21:08:08,076] {logging_mixin.py:109} INFO - [2022-04-30 21:08:08,075] {dag.py:2417} INFO - Creating ORM DAG for example_time_delta_sensor_async
[2022-04-30 21:08:08,084] {logging_mixin.py:109} INFO - [2022-04-30 21:08:08,084] {dag.py:2937} INFO - Setting next_dagrun for example_time_delta_sensor_async to None
[2022-04-30 21:08:08,102] {processor.py:171} INFO - Processing /home/airflow/.local/lib/python3.7/site-packages/airflow/example_dags/example_time_delta_sensor_async.py took 2.764 seconds
[2022-04-30 21:09:56,792] {processor.py:163} INFO - Started process (PID=35) to work on /home/airflow/.local/lib/python3.7/site-packages/airflow/example_dags/example_time_delta_sensor_async.py
[2022-04-30 21:09:56,798] {processor.py:642} INFO - Processing file /home/airflow/.local/lib/python3.7/site-packages/airflow/example_dags/example_time_delta_sensor_async.py for tasks to queue
[2022-04-30 21:09:56,800] {logging_mixin.py:109} INFO - [2022-04-30 21:09:56,800] {dagbag.py:500} INFO - Filling up the DagBag from /home/airflow/.local/lib/python3.7/site-packages/airflow/example_dags/example_time_delta_sensor_async.py
[2022-04-30 21:09:56,825] {processor.py:652} INFO - DAG(s) dict_keys(['example_time_delta_sensor_async']) retrieved from /home/airflow/.local/lib/python3.7/site-packages/airflow/example_dags/example_time_delta_sensor_async.py
[2022-04-30 21:09:56,866] {logging_mixin.py:109} INFO - [2022-04-30 21:09:56,866] {dag.py:2398} INFO - Sync 1 DAGs
[2022-04-30 21:09:56,884] {logging_mixin.py:109} INFO - [2022-04-30 21:09:56,884] {dag.py:2937} INFO - Setting next_dagrun for example_time_delta_sensor_async to None
[2022-04-30 21:09:56,896] {processor.py:171} INFO - Processing /home/airflow/.local/lib/python3.7/site-packages/airflow/example_dags/example_time_delta_sensor_async.py took 0.107 seconds
[2022-04-30 21:10:27,952] {processor.py:163} INFO - Started process (PID=143) to work on /home/airflow/.local/lib/python3.7/site-packages/airflow/example_dags/example_time_delta_sensor_async.py
[2022-04-30 21:10:27,954] {processor.py:642} INFO - Processing file /home/airflow/.local/lib/python3.7/site-packages/airflow/example_dags/example_time_delta_sensor_async.py for tasks to queue
[2022-04-30 21:10:27,957] {logging_mixin.py:109} INFO - [2022-04-30 21:10:27,957] {dagbag.py:500} INFO - Filling up the DagBag from /home/airflow/.local/lib/python3.7/site-packages/airflow/example_dags/example_time_delta_sensor_async.py
[2022-04-30 21:10:27,997] {processor.py:652} INFO - DAG(s) dict_keys(['example_time_delta_sensor_async']) retrieved from /home/airflow/.local/lib/python3.7/site-packages/airflow/example_dags/example_time_delta_sensor_async.py
[2022-04-30 21:10:28,045] {logging_mixin.py:109} INFO - [2022-04-30 21:10:28,045] {dag.py:2398} INFO - Sync 1 DAGs
[2022-04-30 21:10:28,064] {logging_mixin.py:109} INFO - [2022-04-30 21:10:28,064] {dag.py:2937} INFO - Setting next_dagrun for example_time_delta_sensor_async to None
[2022-04-30 21:10:28,082] {processor.py:171} INFO - Processing /home/airflow/.local/lib/python3.7/site-packages/airflow/example_dags/example_time_delta_sensor_async.py took 0.135 seconds
[2022-04-30 21:10:59,166] {processor.py:163} INFO - Started process (PID=194) to work on /home/airflow/.local/lib/python3.7/site-packages/airflow/example_dags/example_time_delta_sensor_async.py
[2022-04-30 21:10:59,171] {processor.py:642} INFO - Processing file /home/airflow/.local/lib/python3.7/site-packages/airflow/example_dags/example_time_delta_sensor_async.py for tasks to queue
[2022-04-30 21:10:59,174] {logging_mixin.py:109} INFO - [2022-04-30 21:10:59,173] {dagbag.py:500} INFO - Filling up the DagBag from /home/airflow/.local/lib/python3.7/site-packages/airflow/example_dags/example_time_delta_sensor_async.py
[2022-04-30 21:10:59,192] {processor.py:652} INFO - DAG(s) dict_keys(['example_time_delta_sensor_async']) retrieved from /home/airflow/.local/lib/python3.7/site-packages/airflow/example_dags/example_time_delta_sensor_async.py
[2022-04-30 21:10:59,227] {logging_mixin.py:109} INFO - [2022-04-30 21:10:59,227] {dag.py:2398} INFO - Sync 1 DAGs
[2022-04-30 21:10:59,244] {logging_mixin.py:109} INFO - [2022-04-30 21:10:59,244] {dag.py:2937} INFO - Setting next_dagrun for example_time_delta_sensor_async to None
[2022-04-30 21:10:59,256] {processor.py:171} INFO - Processing /home/airflow/.local/lib/python3.7/site-packages/airflow/example_dags/example_time_delta_sensor_async.py took 0.093 seconds
[2022-04-30 21:11:30,587] {processor.py:163} INFO - Started process (PID=257) to work on /home/airflow/.local/lib/python3.7/site-packages/airflow/example_dags/example_time_delta_sensor_async.py
[2022-04-30 21:11:30,602] {processor.py:642} INFO - Processing file /home/airflow/.local/lib/python3.7/site-packages/airflow/example_dags/example_time_delta_sensor_async.py for tasks to queue
[2022-04-30 21:11:30,605] {logging_mixin.py:109} INFO - [2022-04-30 21:11:30,605] {dagbag.py:500} INFO - Filling up the DagBag from /home/airflow/.local/lib/python3.7/site-packages/airflow/example_dags/example_time_delta_sensor_async.py
[2022-04-30 21:11:30,627] {processor.py:652} INFO - DAG(s) dict_keys(['example_time_delta_sensor_async']) retrieved from /home/airflow/.local/lib/python3.7/site-packages/airflow/example_dags/example_time_delta_sensor_async.py
[2022-04-30 21:11:30,649] {logging_mixin.py:109} INFO - [2022-04-30 21:11:30,649] {dag.py:2398} INFO - Sync 1 DAGs
[2022-04-30 21:11:30,666] {logging_mixin.py:109} INFO - [2022-04-30 21:11:30,666] {dag.py:2937} INFO - Setting next_dagrun for example_time_delta_sensor_async to None
[2022-04-30 21:11:30,678] {processor.py:171} INFO - Processing /home/airflow/.local/lib/python3.7/site-packages/airflow/example_dags/example_time_delta_sensor_async.py took 0.094 seconds
[2022-04-30 21:12:01,721] {processor.py:163} INFO - Started process (PID=319) to work on /home/airflow/.local/lib/python3.7/site-packages/airflow/example_dags/example_time_delta_sensor_async.py
[2022-04-30 21:12:01,723] {processor.py:642} INFO - Processing file /home/airflow/.local/lib/python3.7/site-packages/airflow/example_dags/example_time_delta_sensor_async.py for tasks to queue
[2022-04-30 21:12:01,724] {logging_mixin.py:109} INFO - [2022-04-30 21:12:01,724] {dagbag.py:500} INFO - Filling up the DagBag from /home/airflow/.local/lib/python3.7/site-packages/airflow/example_dags/example_time_delta_sensor_async.py
[2022-04-30 21:12:01,743] {processor.py:652} INFO - DAG(s) dict_keys(['example_time_delta_sensor_async']) retrieved from /home/airflow/.local/lib/python3.7/site-packages/airflow/example_dags/example_time_delta_sensor_async.py
[2022-04-30 21:12:01,764] {logging_mixin.py:109} INFO - [2022-04-30 21:12:01,764] {dag.py:2398} INFO - Sync 1 DAGs
[2022-04-30 21:12:01,783] {logging_mixin.py:109} INFO - [2022-04-30 21:12:01,782] {dag.py:2937} INFO - Setting next_dagrun for example_time_delta_sensor_async to None
[2022-04-30 21:12:01,795] {processor.py:171} INFO - Processing /home/airflow/.local/lib/python3.7/site-packages/airflow/example_dags/example_time_delta_sensor_async.py took 0.080 seconds
[2022-04-30 21:13:55,585] {processor.py:163} INFO - Started process (PID=43) to work on /home/airflow/.local/lib/python3.7/site-packages/airflow/example_dags/example_time_delta_sensor_async.py
[2022-04-30 21:13:55,595] {processor.py:642} INFO - Processing file /home/airflow/.local/lib/python3.7/site-packages/airflow/example_dags/example_time_delta_sensor_async.py for tasks to queue
[2022-04-30 21:13:55,597] {logging_mixin.py:109} INFO - [2022-04-30 21:13:55,597] {dagbag.py:500} INFO - Filling up the DagBag from /home/airflow/.local/lib/python3.7/site-packages/airflow/example_dags/example_time_delta_sensor_async.py
[2022-04-30 21:13:55,646] {processor.py:652} INFO - DAG(s) dict_keys(['example_time_delta_sensor_async']) retrieved from /home/airflow/.local/lib/python3.7/site-packages/airflow/example_dags/example_time_delta_sensor_async.py
[2022-04-30 21:13:55,689] {logging_mixin.py:109} INFO - [2022-04-30 21:13:55,688] {dag.py:2398} INFO - Sync 1 DAGs
[2022-04-30 21:13:55,712] {logging_mixin.py:109} INFO - [2022-04-30 21:13:55,712] {dag.py:2937} INFO - Setting next_dagrun for example_time_delta_sensor_async to None
[2022-04-30 21:13:55,733] {processor.py:171} INFO - Processing /home/airflow/.local/lib/python3.7/site-packages/airflow/example_dags/example_time_delta_sensor_async.py took 0.151 seconds
[2022-04-30 21:14:25,967] {processor.py:163} INFO - Started process (PID=93) to work on /home/airflow/.local/lib/python3.7/site-packages/airflow/example_dags/example_time_delta_sensor_async.py
[2022-04-30 21:14:25,970] {processor.py:642} INFO - Processing file /home/airflow/.local/lib/python3.7/site-packages/airflow/example_dags/example_time_delta_sensor_async.py for tasks to queue
[2022-04-30 21:14:25,971] {logging_mixin.py:109} INFO - [2022-04-30 21:14:25,971] {dagbag.py:500} INFO - Filling up the DagBag from /home/airflow/.local/lib/python3.7/site-packages/airflow/example_dags/example_time_delta_sensor_async.py
[2022-04-30 21:14:25,984] {processor.py:652} INFO - DAG(s) dict_keys(['example_time_delta_sensor_async']) retrieved from /home/airflow/.local/lib/python3.7/site-packages/airflow/example_dags/example_time_delta_sensor_async.py
[2022-04-30 21:14:26,014] {logging_mixin.py:109} INFO - [2022-04-30 21:14:26,014] {dag.py:2398} INFO - Sync 1 DAGs
[2022-04-30 21:14:26,033] {logging_mixin.py:109} INFO - [2022-04-30 21:14:26,032] {dag.py:2937} INFO - Setting next_dagrun for example_time_delta_sensor_async to None
[2022-04-30 21:14:26,043] {processor.py:171} INFO - Processing /home/airflow/.local/lib/python3.7/site-packages/airflow/example_dags/example_time_delta_sensor_async.py took 0.079 seconds
