[2022-04-30 21:10:02,902] {processor.py:163} INFO - Started process (PID=67) to work on /home/airflow/.local/lib/python3.7/site-packages/airflow/example_dags/example_xcomargs.py
[2022-04-30 21:10:02,904] {processor.py:642} INFO - Processing file /home/airflow/.local/lib/python3.7/site-packages/airflow/example_dags/example_xcomargs.py for tasks to queue
[2022-04-30 21:10:02,906] {logging_mixin.py:109} INFO - [2022-04-30 21:10:02,906] {dagbag.py:500} INFO - Filling up the DagBag from /home/airflow/.local/lib/python3.7/site-packages/airflow/example_dags/example_xcomargs.py
[2022-04-30 21:10:02,934] {processor.py:652} INFO - DAG(s) dict_keys(['example_xcom_args', 'example_xcom_args_with_operators']) retrieved from /home/airflow/.local/lib/python3.7/site-packages/airflow/example_dags/example_xcomargs.py
[2022-04-30 21:10:04,976] {logging_mixin.py:109} INFO - [2022-04-30 21:10:04,976] {manager.py:496} INFO - Created Permission View: can edit on DAG:example_xcom_args
[2022-04-30 21:10:04,988] {logging_mixin.py:109} INFO - [2022-04-30 21:10:04,988] {manager.py:496} INFO - Created Permission View: can read on DAG:example_xcom_args
[2022-04-30 21:10:05,013] {logging_mixin.py:109} INFO - [2022-04-30 21:10:05,013] {manager.py:496} INFO - Created Permission View: can edit on DAG:example_xcom_args_with_operators
[2022-04-30 21:10:05,029] {logging_mixin.py:109} INFO - [2022-04-30 21:10:05,028] {manager.py:496} INFO - Created Permission View: can read on DAG:example_xcom_args_with_operators
[2022-04-30 21:10:05,031] {logging_mixin.py:109} INFO - [2022-04-30 21:10:05,030] {dag.py:2398} INFO - Sync 2 DAGs
[2022-04-30 21:10:05,047] {logging_mixin.py:109} INFO - [2022-04-30 21:10:05,047] {dag.py:2417} INFO - Creating ORM DAG for example_xcom_args
[2022-04-30 21:10:05,051] {logging_mixin.py:109} INFO - [2022-04-30 21:10:05,050] {dag.py:2417} INFO - Creating ORM DAG for example_xcom_args_with_operators
[2022-04-30 21:10:05,072] {logging_mixin.py:109} INFO - [2022-04-30 21:10:05,072] {dag.py:2937} INFO - Setting next_dagrun for example_xcom_args to None
[2022-04-30 21:10:05,076] {logging_mixin.py:109} INFO - [2022-04-30 21:10:05,076] {dag.py:2937} INFO - Setting next_dagrun for example_xcom_args_with_operators to None
[2022-04-30 21:10:05,111] {processor.py:171} INFO - Processing /home/airflow/.local/lib/python3.7/site-packages/airflow/example_dags/example_xcomargs.py took 2.215 seconds
[2022-04-30 21:10:35,703] {processor.py:163} INFO - Started process (PID=158) to work on /home/airflow/.local/lib/python3.7/site-packages/airflow/example_dags/example_xcomargs.py
[2022-04-30 21:10:35,707] {processor.py:642} INFO - Processing file /home/airflow/.local/lib/python3.7/site-packages/airflow/example_dags/example_xcomargs.py for tasks to queue
[2022-04-30 21:10:35,709] {logging_mixin.py:109} INFO - [2022-04-30 21:10:35,708] {dagbag.py:500} INFO - Filling up the DagBag from /home/airflow/.local/lib/python3.7/site-packages/airflow/example_dags/example_xcomargs.py
[2022-04-30 21:10:35,741] {processor.py:652} INFO - DAG(s) dict_keys(['example_xcom_args', 'example_xcom_args_with_operators']) retrieved from /home/airflow/.local/lib/python3.7/site-packages/airflow/example_dags/example_xcomargs.py
[2022-04-30 21:10:36,154] {logging_mixin.py:109} INFO - [2022-04-30 21:10:36,154] {dag.py:2398} INFO - Sync 2 DAGs
[2022-04-30 21:10:36,175] {logging_mixin.py:109} INFO - [2022-04-30 21:10:36,175] {dag.py:2937} INFO - Setting next_dagrun for example_xcom_args to None
[2022-04-30 21:10:36,178] {logging_mixin.py:109} INFO - [2022-04-30 21:10:36,177] {dag.py:2937} INFO - Setting next_dagrun for example_xcom_args_with_operators to None
[2022-04-30 21:10:36,231] {processor.py:171} INFO - Processing /home/airflow/.local/lib/python3.7/site-packages/airflow/example_dags/example_xcomargs.py took 0.533 seconds
[2022-04-30 21:11:07,045] {processor.py:163} INFO - Started process (PID=220) to work on /home/airflow/.local/lib/python3.7/site-packages/airflow/example_dags/example_xcomargs.py
[2022-04-30 21:11:07,047] {processor.py:642} INFO - Processing file /home/airflow/.local/lib/python3.7/site-packages/airflow/example_dags/example_xcomargs.py for tasks to queue
[2022-04-30 21:11:07,049] {logging_mixin.py:109} INFO - [2022-04-30 21:11:07,049] {dagbag.py:500} INFO - Filling up the DagBag from /home/airflow/.local/lib/python3.7/site-packages/airflow/example_dags/example_xcomargs.py
[2022-04-30 21:11:07,076] {processor.py:652} INFO - DAG(s) dict_keys(['example_xcom_args', 'example_xcom_args_with_operators']) retrieved from /home/airflow/.local/lib/python3.7/site-packages/airflow/example_dags/example_xcomargs.py
[2022-04-30 21:11:07,354] {logging_mixin.py:109} INFO - [2022-04-30 21:11:07,354] {dag.py:2398} INFO - Sync 2 DAGs
[2022-04-30 21:11:07,367] {logging_mixin.py:109} INFO - [2022-04-30 21:11:07,367] {dag.py:2937} INFO - Setting next_dagrun for example_xcom_args to None
[2022-04-30 21:11:07,368] {logging_mixin.py:109} INFO - [2022-04-30 21:11:07,368] {dag.py:2937} INFO - Setting next_dagrun for example_xcom_args_with_operators to None
[2022-04-30 21:11:07,379] {processor.py:171} INFO - Processing /home/airflow/.local/lib/python3.7/site-packages/airflow/example_dags/example_xcomargs.py took 0.337 seconds
[2022-04-30 21:11:38,273] {processor.py:163} INFO - Started process (PID=283) to work on /home/airflow/.local/lib/python3.7/site-packages/airflow/example_dags/example_xcomargs.py
[2022-04-30 21:11:38,276] {processor.py:642} INFO - Processing file /home/airflow/.local/lib/python3.7/site-packages/airflow/example_dags/example_xcomargs.py for tasks to queue
[2022-04-30 21:11:38,277] {logging_mixin.py:109} INFO - [2022-04-30 21:11:38,277] {dagbag.py:500} INFO - Filling up the DagBag from /home/airflow/.local/lib/python3.7/site-packages/airflow/example_dags/example_xcomargs.py
[2022-04-30 21:11:38,307] {processor.py:652} INFO - DAG(s) dict_keys(['example_xcom_args', 'example_xcom_args_with_operators']) retrieved from /home/airflow/.local/lib/python3.7/site-packages/airflow/example_dags/example_xcomargs.py
[2022-04-30 21:11:38,580] {logging_mixin.py:109} INFO - [2022-04-30 21:11:38,580] {dag.py:2398} INFO - Sync 2 DAGs
[2022-04-30 21:11:38,595] {logging_mixin.py:109} INFO - [2022-04-30 21:11:38,595] {dag.py:2937} INFO - Setting next_dagrun for example_xcom_args to None
[2022-04-30 21:11:38,596] {logging_mixin.py:109} INFO - [2022-04-30 21:11:38,596] {dag.py:2937} INFO - Setting next_dagrun for example_xcom_args_with_operators to None
[2022-04-30 21:11:38,608] {processor.py:171} INFO - Processing /home/airflow/.local/lib/python3.7/site-packages/airflow/example_dags/example_xcomargs.py took 0.341 seconds
[2022-04-30 21:12:08,850] {processor.py:163} INFO - Started process (PID=335) to work on /home/airflow/.local/lib/python3.7/site-packages/airflow/example_dags/example_xcomargs.py
[2022-04-30 21:12:08,852] {processor.py:642} INFO - Processing file /home/airflow/.local/lib/python3.7/site-packages/airflow/example_dags/example_xcomargs.py for tasks to queue
[2022-04-30 21:12:08,853] {logging_mixin.py:109} INFO - [2022-04-30 21:12:08,853] {dagbag.py:500} INFO - Filling up the DagBag from /home/airflow/.local/lib/python3.7/site-packages/airflow/example_dags/example_xcomargs.py
[2022-04-30 21:12:08,882] {processor.py:652} INFO - DAG(s) dict_keys(['example_xcom_args', 'example_xcom_args_with_operators']) retrieved from /home/airflow/.local/lib/python3.7/site-packages/airflow/example_dags/example_xcomargs.py
[2022-04-30 21:12:09,242] {logging_mixin.py:109} INFO - [2022-04-30 21:12:09,242] {dag.py:2398} INFO - Sync 2 DAGs
[2022-04-30 21:12:09,267] {logging_mixin.py:109} INFO - [2022-04-30 21:12:09,267] {dag.py:2937} INFO - Setting next_dagrun for example_xcom_args to None
[2022-04-30 21:12:09,269] {logging_mixin.py:109} INFO - [2022-04-30 21:12:09,269] {dag.py:2937} INFO - Setting next_dagrun for example_xcom_args_with_operators to None
[2022-04-30 21:12:09,283] {processor.py:171} INFO - Processing /home/airflow/.local/lib/python3.7/site-packages/airflow/example_dags/example_xcomargs.py took 0.438 seconds
[2022-04-30 21:13:58,425] {processor.py:163} INFO - Started process (PID=58) to work on /home/airflow/.local/lib/python3.7/site-packages/airflow/example_dags/example_xcomargs.py
[2022-04-30 21:13:58,430] {processor.py:642} INFO - Processing file /home/airflow/.local/lib/python3.7/site-packages/airflow/example_dags/example_xcomargs.py for tasks to queue
[2022-04-30 21:13:58,436] {logging_mixin.py:109} INFO - [2022-04-30 21:13:58,436] {dagbag.py:500} INFO - Filling up the DagBag from /home/airflow/.local/lib/python3.7/site-packages/airflow/example_dags/example_xcomargs.py
[2022-04-30 21:13:58,551] {processor.py:652} INFO - DAG(s) dict_keys(['example_xcom_args', 'example_xcom_args_with_operators']) retrieved from /home/airflow/.local/lib/python3.7/site-packages/airflow/example_dags/example_xcomargs.py
[2022-04-30 21:13:59,695] {logging_mixin.py:109} INFO - [2022-04-30 21:13:59,695] {dag.py:2398} INFO - Sync 2 DAGs
[2022-04-30 21:13:59,723] {logging_mixin.py:109} INFO - [2022-04-30 21:13:59,723] {dag.py:2937} INFO - Setting next_dagrun for example_xcom_args to None
[2022-04-30 21:13:59,724] {logging_mixin.py:109} INFO - [2022-04-30 21:13:59,724] {dag.py:2937} INFO - Setting next_dagrun for example_xcom_args_with_operators to None
[2022-04-30 21:13:59,738] {processor.py:171} INFO - Processing /home/airflow/.local/lib/python3.7/site-packages/airflow/example_dags/example_xcomargs.py took 1.324 seconds
[2022-04-30 21:14:30,064] {processor.py:163} INFO - Started process (PID=110) to work on /home/airflow/.local/lib/python3.7/site-packages/airflow/example_dags/example_xcomargs.py
[2022-04-30 21:14:30,067] {processor.py:642} INFO - Processing file /home/airflow/.local/lib/python3.7/site-packages/airflow/example_dags/example_xcomargs.py for tasks to queue
[2022-04-30 21:14:30,069] {logging_mixin.py:109} INFO - [2022-04-30 21:14:30,069] {dagbag.py:500} INFO - Filling up the DagBag from /home/airflow/.local/lib/python3.7/site-packages/airflow/example_dags/example_xcomargs.py
[2022-04-30 21:14:30,116] {processor.py:652} INFO - DAG(s) dict_keys(['example_xcom_args', 'example_xcom_args_with_operators']) retrieved from /home/airflow/.local/lib/python3.7/site-packages/airflow/example_dags/example_xcomargs.py
[2022-04-30 21:14:30,591] {logging_mixin.py:109} INFO - [2022-04-30 21:14:30,591] {dag.py:2398} INFO - Sync 2 DAGs
[2022-04-30 21:14:30,625] {logging_mixin.py:109} INFO - [2022-04-30 21:14:30,625] {dag.py:2937} INFO - Setting next_dagrun for example_xcom_args to None
[2022-04-30 21:14:30,628] {logging_mixin.py:109} INFO - [2022-04-30 21:14:30,627] {dag.py:2937} INFO - Setting next_dagrun for example_xcom_args_with_operators to None
[2022-04-30 21:14:30,672] {processor.py:171} INFO - Processing /home/airflow/.local/lib/python3.7/site-packages/airflow/example_dags/example_xcomargs.py took 0.616 seconds
