[2022-04-30 21:08:07,710] {processor.py:163} INFO - Started process (PID=79) to work on /home/airflow/.local/lib/python3.7/site-packages/airflow/example_dags/example_external_task_marker_dag.py
[2022-04-30 21:08:07,712] {processor.py:642} INFO - Processing file /home/airflow/.local/lib/python3.7/site-packages/airflow/example_dags/example_external_task_marker_dag.py for tasks to queue
[2022-04-30 21:08:07,714] {logging_mixin.py:109} INFO - [2022-04-30 21:08:07,713] {dagbag.py:500} INFO - Filling up the DagBag from /home/airflow/.local/lib/python3.7/site-packages/airflow/example_dags/example_external_task_marker_dag.py
[2022-04-30 21:08:07,735] {processor.py:652} INFO - DAG(s) dict_keys(['example_external_task_marker_parent', 'example_external_task_marker_child']) retrieved from /home/airflow/.local/lib/python3.7/site-packages/airflow/example_dags/example_external_task_marker_dag.py
[2022-04-30 21:08:10,915] {logging_mixin.py:109} INFO - [2022-04-30 21:08:10,915] {manager.py:496} INFO - Created Permission View: can edit on DAG:example_external_task_marker_parent
[2022-04-30 21:08:10,936] {logging_mixin.py:109} INFO - [2022-04-30 21:08:10,935] {manager.py:496} INFO - Created Permission View: can read on DAG:example_external_task_marker_parent
[2022-04-30 21:08:11,000] {logging_mixin.py:109} INFO - [2022-04-30 21:08:11,000] {manager.py:496} INFO - Created Permission View: can edit on DAG:example_external_task_marker_child
[2022-04-30 21:08:11,020] {logging_mixin.py:109} INFO - [2022-04-30 21:08:11,020] {manager.py:496} INFO - Created Permission View: can read on DAG:example_external_task_marker_child
[2022-04-30 21:08:11,021] {logging_mixin.py:109} INFO - [2022-04-30 21:08:11,021] {dag.py:2398} INFO - Sync 2 DAGs
[2022-04-30 21:08:11,044] {logging_mixin.py:109} INFO - [2022-04-30 21:08:11,043] {dag.py:2417} INFO - Creating ORM DAG for example_external_task_marker_child
[2022-04-30 21:08:11,048] {logging_mixin.py:109} INFO - [2022-04-30 21:08:11,048] {dag.py:2417} INFO - Creating ORM DAG for example_external_task_marker_parent
[2022-04-30 21:08:11,064] {logging_mixin.py:109} INFO - [2022-04-30 21:08:11,064] {dag.py:2937} INFO - Setting next_dagrun for example_external_task_marker_child to None
[2022-04-30 21:08:11,066] {logging_mixin.py:109} INFO - [2022-04-30 21:08:11,066] {dag.py:2937} INFO - Setting next_dagrun for example_external_task_marker_parent to None
[2022-04-30 21:08:11,102] {processor.py:171} INFO - Processing /home/airflow/.local/lib/python3.7/site-packages/airflow/example_dags/example_external_task_marker_dag.py took 3.396 seconds
[2022-04-30 21:09:56,913] {processor.py:163} INFO - Started process (PID=36) to work on /home/airflow/.local/lib/python3.7/site-packages/airflow/example_dags/example_external_task_marker_dag.py
[2022-04-30 21:09:56,918] {processor.py:642} INFO - Processing file /home/airflow/.local/lib/python3.7/site-packages/airflow/example_dags/example_external_task_marker_dag.py for tasks to queue
[2022-04-30 21:09:56,919] {logging_mixin.py:109} INFO - [2022-04-30 21:09:56,919] {dagbag.py:500} INFO - Filling up the DagBag from /home/airflow/.local/lib/python3.7/site-packages/airflow/example_dags/example_external_task_marker_dag.py
[2022-04-30 21:09:56,939] {processor.py:652} INFO - DAG(s) dict_keys(['example_external_task_marker_parent', 'example_external_task_marker_child']) retrieved from /home/airflow/.local/lib/python3.7/site-packages/airflow/example_dags/example_external_task_marker_dag.py
[2022-04-30 21:09:56,990] {logging_mixin.py:109} INFO - [2022-04-30 21:09:56,990] {dag.py:2398} INFO - Sync 2 DAGs
[2022-04-30 21:09:57,029] {logging_mixin.py:109} INFO - [2022-04-30 21:09:57,029] {dag.py:2937} INFO - Setting next_dagrun for example_external_task_marker_child to None
[2022-04-30 21:09:57,032] {logging_mixin.py:109} INFO - [2022-04-30 21:09:57,032] {dag.py:2937} INFO - Setting next_dagrun for example_external_task_marker_parent to None
[2022-04-30 21:09:57,066] {processor.py:171} INFO - Processing /home/airflow/.local/lib/python3.7/site-packages/airflow/example_dags/example_external_task_marker_dag.py took 0.155 seconds
[2022-04-30 21:10:28,028] {processor.py:163} INFO - Started process (PID=144) to work on /home/airflow/.local/lib/python3.7/site-packages/airflow/example_dags/example_external_task_marker_dag.py
[2022-04-30 21:10:28,038] {processor.py:642} INFO - Processing file /home/airflow/.local/lib/python3.7/site-packages/airflow/example_dags/example_external_task_marker_dag.py for tasks to queue
[2022-04-30 21:10:28,040] {logging_mixin.py:109} INFO - [2022-04-30 21:10:28,040] {dagbag.py:500} INFO - Filling up the DagBag from /home/airflow/.local/lib/python3.7/site-packages/airflow/example_dags/example_external_task_marker_dag.py
[2022-04-30 21:10:28,063] {processor.py:652} INFO - DAG(s) dict_keys(['example_external_task_marker_parent', 'example_external_task_marker_child']) retrieved from /home/airflow/.local/lib/python3.7/site-packages/airflow/example_dags/example_external_task_marker_dag.py
[2022-04-30 21:10:28,106] {logging_mixin.py:109} INFO - [2022-04-30 21:10:28,105] {dag.py:2398} INFO - Sync 2 DAGs
[2022-04-30 21:10:28,142] {logging_mixin.py:109} INFO - [2022-04-30 21:10:28,142] {dag.py:2937} INFO - Setting next_dagrun for example_external_task_marker_child to None
[2022-04-30 21:10:28,143] {logging_mixin.py:109} INFO - [2022-04-30 21:10:28,143] {dag.py:2937} INFO - Setting next_dagrun for example_external_task_marker_parent to None
[2022-04-30 21:10:28,153] {processor.py:171} INFO - Processing /home/airflow/.local/lib/python3.7/site-packages/airflow/example_dags/example_external_task_marker_dag.py took 0.133 seconds
[2022-04-30 21:10:59,231] {processor.py:163} INFO - Started process (PID=195) to work on /home/airflow/.local/lib/python3.7/site-packages/airflow/example_dags/example_external_task_marker_dag.py
[2022-04-30 21:10:59,233] {processor.py:642} INFO - Processing file /home/airflow/.local/lib/python3.7/site-packages/airflow/example_dags/example_external_task_marker_dag.py for tasks to queue
[2022-04-30 21:10:59,235] {logging_mixin.py:109} INFO - [2022-04-30 21:10:59,235] {dagbag.py:500} INFO - Filling up the DagBag from /home/airflow/.local/lib/python3.7/site-packages/airflow/example_dags/example_external_task_marker_dag.py
[2022-04-30 21:10:59,253] {processor.py:652} INFO - DAG(s) dict_keys(['example_external_task_marker_parent', 'example_external_task_marker_child']) retrieved from /home/airflow/.local/lib/python3.7/site-packages/airflow/example_dags/example_external_task_marker_dag.py
[2022-04-30 21:10:59,297] {logging_mixin.py:109} INFO - [2022-04-30 21:10:59,297] {dag.py:2398} INFO - Sync 2 DAGs
[2022-04-30 21:10:59,318] {logging_mixin.py:109} INFO - [2022-04-30 21:10:59,318] {dag.py:2937} INFO - Setting next_dagrun for example_external_task_marker_child to None
[2022-04-30 21:10:59,319] {logging_mixin.py:109} INFO - [2022-04-30 21:10:59,319] {dag.py:2937} INFO - Setting next_dagrun for example_external_task_marker_parent to None
[2022-04-30 21:10:59,334] {processor.py:171} INFO - Processing /home/airflow/.local/lib/python3.7/site-packages/airflow/example_dags/example_external_task_marker_dag.py took 0.107 seconds
[2022-04-30 21:11:30,625] {processor.py:163} INFO - Started process (PID=258) to work on /home/airflow/.local/lib/python3.7/site-packages/airflow/example_dags/example_external_task_marker_dag.py
[2022-04-30 21:11:30,627] {processor.py:642} INFO - Processing file /home/airflow/.local/lib/python3.7/site-packages/airflow/example_dags/example_external_task_marker_dag.py for tasks to queue
[2022-04-30 21:11:30,628] {logging_mixin.py:109} INFO - [2022-04-30 21:11:30,628] {dagbag.py:500} INFO - Filling up the DagBag from /home/airflow/.local/lib/python3.7/site-packages/airflow/example_dags/example_external_task_marker_dag.py
[2022-04-30 21:11:30,644] {processor.py:652} INFO - DAG(s) dict_keys(['example_external_task_marker_parent', 'example_external_task_marker_child']) retrieved from /home/airflow/.local/lib/python3.7/site-packages/airflow/example_dags/example_external_task_marker_dag.py
[2022-04-30 21:11:30,671] {logging_mixin.py:109} INFO - [2022-04-30 21:11:30,671] {dag.py:2398} INFO - Sync 2 DAGs
[2022-04-30 21:11:30,690] {logging_mixin.py:109} INFO - [2022-04-30 21:11:30,690] {dag.py:2937} INFO - Setting next_dagrun for example_external_task_marker_child to None
[2022-04-30 21:11:30,691] {logging_mixin.py:109} INFO - [2022-04-30 21:11:30,691] {dag.py:2937} INFO - Setting next_dagrun for example_external_task_marker_parent to None
[2022-04-30 21:11:30,704] {processor.py:171} INFO - Processing /home/airflow/.local/lib/python3.7/site-packages/airflow/example_dags/example_external_task_marker_dag.py took 0.082 seconds
[2022-04-30 21:12:01,727] {processor.py:163} INFO - Started process (PID=320) to work on /home/airflow/.local/lib/python3.7/site-packages/airflow/example_dags/example_external_task_marker_dag.py
[2022-04-30 21:12:01,729] {processor.py:642} INFO - Processing file /home/airflow/.local/lib/python3.7/site-packages/airflow/example_dags/example_external_task_marker_dag.py for tasks to queue
[2022-04-30 21:12:01,731] {logging_mixin.py:109} INFO - [2022-04-30 21:12:01,731] {dagbag.py:500} INFO - Filling up the DagBag from /home/airflow/.local/lib/python3.7/site-packages/airflow/example_dags/example_external_task_marker_dag.py
[2022-04-30 21:12:01,755] {processor.py:652} INFO - DAG(s) dict_keys(['example_external_task_marker_parent', 'example_external_task_marker_child']) retrieved from /home/airflow/.local/lib/python3.7/site-packages/airflow/example_dags/example_external_task_marker_dag.py
[2022-04-30 21:12:01,800] {logging_mixin.py:109} INFO - [2022-04-30 21:12:01,799] {dag.py:2398} INFO - Sync 2 DAGs
[2022-04-30 21:12:01,824] {logging_mixin.py:109} INFO - [2022-04-30 21:12:01,824] {dag.py:2937} INFO - Setting next_dagrun for example_external_task_marker_child to None
[2022-04-30 21:12:01,829] {logging_mixin.py:109} INFO - [2022-04-30 21:12:01,828] {dag.py:2937} INFO - Setting next_dagrun for example_external_task_marker_parent to None
[2022-04-30 21:12:01,843] {processor.py:171} INFO - Processing /home/airflow/.local/lib/python3.7/site-packages/airflow/example_dags/example_external_task_marker_dag.py took 0.119 seconds
[2022-04-30 21:13:55,756] {processor.py:163} INFO - Started process (PID=44) to work on /home/airflow/.local/lib/python3.7/site-packages/airflow/example_dags/example_external_task_marker_dag.py
[2022-04-30 21:13:55,758] {processor.py:642} INFO - Processing file /home/airflow/.local/lib/python3.7/site-packages/airflow/example_dags/example_external_task_marker_dag.py for tasks to queue
[2022-04-30 21:13:55,760] {logging_mixin.py:109} INFO - [2022-04-30 21:13:55,759] {dagbag.py:500} INFO - Filling up the DagBag from /home/airflow/.local/lib/python3.7/site-packages/airflow/example_dags/example_external_task_marker_dag.py
[2022-04-30 21:13:55,805] {processor.py:652} INFO - DAG(s) dict_keys(['example_external_task_marker_parent', 'example_external_task_marker_child']) retrieved from /home/airflow/.local/lib/python3.7/site-packages/airflow/example_dags/example_external_task_marker_dag.py
[2022-04-30 21:13:55,879] {logging_mixin.py:109} INFO - [2022-04-30 21:13:55,879] {dag.py:2398} INFO - Sync 2 DAGs
[2022-04-30 21:13:55,943] {logging_mixin.py:109} INFO - [2022-04-30 21:13:55,942] {dag.py:2937} INFO - Setting next_dagrun for example_external_task_marker_child to None
[2022-04-30 21:13:55,945] {logging_mixin.py:109} INFO - [2022-04-30 21:13:55,944] {dag.py:2937} INFO - Setting next_dagrun for example_external_task_marker_parent to None
[2022-04-30 21:13:55,968] {processor.py:171} INFO - Processing /home/airflow/.local/lib/python3.7/site-packages/airflow/example_dags/example_external_task_marker_dag.py took 0.216 seconds
[2022-04-30 21:14:26,072] {processor.py:163} INFO - Started process (PID=94) to work on /home/airflow/.local/lib/python3.7/site-packages/airflow/example_dags/example_external_task_marker_dag.py
[2022-04-30 21:14:26,075] {processor.py:642} INFO - Processing file /home/airflow/.local/lib/python3.7/site-packages/airflow/example_dags/example_external_task_marker_dag.py for tasks to queue
[2022-04-30 21:14:26,076] {logging_mixin.py:109} INFO - [2022-04-30 21:14:26,076] {dagbag.py:500} INFO - Filling up the DagBag from /home/airflow/.local/lib/python3.7/site-packages/airflow/example_dags/example_external_task_marker_dag.py
[2022-04-30 21:14:26,092] {processor.py:652} INFO - DAG(s) dict_keys(['example_external_task_marker_parent', 'example_external_task_marker_child']) retrieved from /home/airflow/.local/lib/python3.7/site-packages/airflow/example_dags/example_external_task_marker_dag.py
[2022-04-30 21:14:26,121] {logging_mixin.py:109} INFO - [2022-04-30 21:14:26,120] {dag.py:2398} INFO - Sync 2 DAGs
[2022-04-30 21:14:26,139] {logging_mixin.py:109} INFO - [2022-04-30 21:14:26,139] {dag.py:2937} INFO - Setting next_dagrun for example_external_task_marker_child to None
[2022-04-30 21:14:26,140] {logging_mixin.py:109} INFO - [2022-04-30 21:14:26,140] {dag.py:2937} INFO - Setting next_dagrun for example_external_task_marker_parent to None
[2022-04-30 21:14:26,152] {processor.py:171} INFO - Processing /home/airflow/.local/lib/python3.7/site-packages/airflow/example_dags/example_external_task_marker_dag.py took 0.083 seconds
