[2022-04-30 21:08:04,916] {processor.py:163} INFO - Started process (PID=69) to work on /home/airflow/.local/lib/python3.7/site-packages/airflow/example_dags/example_task_group_decorator.py
[2022-04-30 21:08:04,919] {processor.py:642} INFO - Processing file /home/airflow/.local/lib/python3.7/site-packages/airflow/example_dags/example_task_group_decorator.py for tasks to queue
[2022-04-30 21:08:04,920] {logging_mixin.py:109} INFO - [2022-04-30 21:08:04,920] {dagbag.py:500} INFO - Filling up the DagBag from /home/airflow/.local/lib/python3.7/site-packages/airflow/example_dags/example_task_group_decorator.py
[2022-04-30 21:08:04,989] {processor.py:652} INFO - DAG(s) dict_keys(['example_task_group_decorator']) retrieved from /home/airflow/.local/lib/python3.7/site-packages/airflow/example_dags/example_task_group_decorator.py
[2022-04-30 21:08:07,576] {logging_mixin.py:109} INFO - [2022-04-30 21:08:07,575] {manager.py:496} INFO - Created Permission View: can edit on DAG:example_task_group_decorator
[2022-04-30 21:08:07,585] {logging_mixin.py:109} INFO - [2022-04-30 21:08:07,585] {manager.py:496} INFO - Created Permission View: can read on DAG:example_task_group_decorator
[2022-04-30 21:08:07,586] {logging_mixin.py:109} INFO - [2022-04-30 21:08:07,586] {dag.py:2398} INFO - Sync 1 DAGs
[2022-04-30 21:08:07,594] {logging_mixin.py:109} INFO - [2022-04-30 21:08:07,593] {dag.py:2417} INFO - Creating ORM DAG for example_task_group_decorator
[2022-04-30 21:08:07,616] {logging_mixin.py:109} INFO - [2022-04-30 21:08:07,616] {dag.py:2937} INFO - Setting next_dagrun for example_task_group_decorator to 2022-04-29T21:08:07.615848+00:00
[2022-04-30 21:08:07,638] {processor.py:171} INFO - Processing /home/airflow/.local/lib/python3.7/site-packages/airflow/example_dags/example_task_group_decorator.py took 2.726 seconds
[2022-04-30 21:09:56,380] {processor.py:163} INFO - Started process (PID=34) to work on /home/airflow/.local/lib/python3.7/site-packages/airflow/example_dags/example_task_group_decorator.py
[2022-04-30 21:09:56,382] {processor.py:642} INFO - Processing file /home/airflow/.local/lib/python3.7/site-packages/airflow/example_dags/example_task_group_decorator.py for tasks to queue
[2022-04-30 21:09:56,383] {logging_mixin.py:109} INFO - [2022-04-30 21:09:56,383] {dagbag.py:500} INFO - Filling up the DagBag from /home/airflow/.local/lib/python3.7/site-packages/airflow/example_dags/example_task_group_decorator.py
[2022-04-30 21:09:56,429] {processor.py:652} INFO - DAG(s) dict_keys(['example_task_group_decorator']) retrieved from /home/airflow/.local/lib/python3.7/site-packages/airflow/example_dags/example_task_group_decorator.py
[2022-04-30 21:09:56,818] {logging_mixin.py:109} INFO - [2022-04-30 21:09:56,818] {dag.py:2398} INFO - Sync 1 DAGs
[2022-04-30 21:09:56,838] {logging_mixin.py:109} INFO - [2022-04-30 21:09:56,838] {dag.py:2937} INFO - Setting next_dagrun for example_task_group_decorator to 2022-04-29T21:09:56.838648+00:00
[2022-04-30 21:09:56,868] {processor.py:171} INFO - Processing /home/airflow/.local/lib/python3.7/site-packages/airflow/example_dags/example_task_group_decorator.py took 0.492 seconds
[2022-04-30 21:10:27,560] {processor.py:163} INFO - Started process (PID=142) to work on /home/airflow/.local/lib/python3.7/site-packages/airflow/example_dags/example_task_group_decorator.py
[2022-04-30 21:10:27,563] {processor.py:642} INFO - Processing file /home/airflow/.local/lib/python3.7/site-packages/airflow/example_dags/example_task_group_decorator.py for tasks to queue
[2022-04-30 21:10:27,564] {logging_mixin.py:109} INFO - [2022-04-30 21:10:27,564] {dagbag.py:500} INFO - Filling up the DagBag from /home/airflow/.local/lib/python3.7/site-packages/airflow/example_dags/example_task_group_decorator.py
[2022-04-30 21:10:27,601] {processor.py:652} INFO - DAG(s) dict_keys(['example_task_group_decorator']) retrieved from /home/airflow/.local/lib/python3.7/site-packages/airflow/example_dags/example_task_group_decorator.py
[2022-04-30 21:10:27,910] {logging_mixin.py:109} INFO - [2022-04-30 21:10:27,909] {dag.py:2398} INFO - Sync 1 DAGs
[2022-04-30 21:10:27,930] {logging_mixin.py:109} INFO - [2022-04-30 21:10:27,930] {dag.py:2937} INFO - Setting next_dagrun for example_task_group_decorator to 2022-04-29T21:10:27.930364+00:00
[2022-04-30 21:10:27,960] {processor.py:171} INFO - Processing /home/airflow/.local/lib/python3.7/site-packages/airflow/example_dags/example_task_group_decorator.py took 0.406 seconds
[2022-04-30 21:10:58,820] {processor.py:163} INFO - Started process (PID=193) to work on /home/airflow/.local/lib/python3.7/site-packages/airflow/example_dags/example_task_group_decorator.py
[2022-04-30 21:10:58,823] {processor.py:642} INFO - Processing file /home/airflow/.local/lib/python3.7/site-packages/airflow/example_dags/example_task_group_decorator.py for tasks to queue
[2022-04-30 21:10:58,824] {logging_mixin.py:109} INFO - [2022-04-30 21:10:58,824] {dagbag.py:500} INFO - Filling up the DagBag from /home/airflow/.local/lib/python3.7/site-packages/airflow/example_dags/example_task_group_decorator.py
[2022-04-30 21:10:58,859] {processor.py:652} INFO - DAG(s) dict_keys(['example_task_group_decorator']) retrieved from /home/airflow/.local/lib/python3.7/site-packages/airflow/example_dags/example_task_group_decorator.py
[2022-04-30 21:10:59,142] {logging_mixin.py:109} INFO - [2022-04-30 21:10:59,142] {dag.py:2398} INFO - Sync 1 DAGs
[2022-04-30 21:10:59,161] {logging_mixin.py:109} INFO - [2022-04-30 21:10:59,161] {dag.py:2937} INFO - Setting next_dagrun for example_task_group_decorator to 2022-04-29T21:10:59.161549+00:00
[2022-04-30 21:10:59,189] {processor.py:171} INFO - Processing /home/airflow/.local/lib/python3.7/site-packages/airflow/example_dags/example_task_group_decorator.py took 0.373 seconds
[2022-04-30 21:11:30,091] {processor.py:163} INFO - Started process (PID=256) to work on /home/airflow/.local/lib/python3.7/site-packages/airflow/example_dags/example_task_group_decorator.py
[2022-04-30 21:11:30,094] {processor.py:642} INFO - Processing file /home/airflow/.local/lib/python3.7/site-packages/airflow/example_dags/example_task_group_decorator.py for tasks to queue
[2022-04-30 21:11:30,096] {logging_mixin.py:109} INFO - [2022-04-30 21:11:30,095] {dagbag.py:500} INFO - Filling up the DagBag from /home/airflow/.local/lib/python3.7/site-packages/airflow/example_dags/example_task_group_decorator.py
[2022-04-30 21:11:30,127] {processor.py:652} INFO - DAG(s) dict_keys(['example_task_group_decorator']) retrieved from /home/airflow/.local/lib/python3.7/site-packages/airflow/example_dags/example_task_group_decorator.py
[2022-04-30 21:11:30,548] {logging_mixin.py:109} INFO - [2022-04-30 21:11:30,548] {dag.py:2398} INFO - Sync 1 DAGs
[2022-04-30 21:11:30,565] {logging_mixin.py:109} INFO - [2022-04-30 21:11:30,565] {dag.py:2937} INFO - Setting next_dagrun for example_task_group_decorator to 2022-04-29T21:11:30.565422+00:00
[2022-04-30 21:11:30,579] {processor.py:171} INFO - Processing /home/airflow/.local/lib/python3.7/site-packages/airflow/example_dags/example_task_group_decorator.py took 0.491 seconds
[2022-04-30 21:12:01,363] {processor.py:163} INFO - Started process (PID=316) to work on /home/airflow/.local/lib/python3.7/site-packages/airflow/example_dags/example_task_group_decorator.py
[2022-04-30 21:12:01,364] {processor.py:642} INFO - Processing file /home/airflow/.local/lib/python3.7/site-packages/airflow/example_dags/example_task_group_decorator.py for tasks to queue
[2022-04-30 21:12:01,365] {logging_mixin.py:109} INFO - [2022-04-30 21:12:01,365] {dagbag.py:500} INFO - Filling up the DagBag from /home/airflow/.local/lib/python3.7/site-packages/airflow/example_dags/example_task_group_decorator.py
[2022-04-30 21:12:01,394] {processor.py:652} INFO - DAG(s) dict_keys(['example_task_group_decorator']) retrieved from /home/airflow/.local/lib/python3.7/site-packages/airflow/example_dags/example_task_group_decorator.py
[2022-04-30 21:12:01,655] {logging_mixin.py:109} INFO - [2022-04-30 21:12:01,654] {dag.py:2398} INFO - Sync 1 DAGs
[2022-04-30 21:12:01,673] {logging_mixin.py:109} INFO - [2022-04-30 21:12:01,673] {dag.py:2937} INFO - Setting next_dagrun for example_task_group_decorator to 2022-04-29T21:12:01.673006+00:00
[2022-04-30 21:12:01,685] {processor.py:171} INFO - Processing /home/airflow/.local/lib/python3.7/site-packages/airflow/example_dags/example_task_group_decorator.py took 0.326 seconds
[2022-04-30 21:13:54,728] {processor.py:163} INFO - Started process (PID=42) to work on /home/airflow/.local/lib/python3.7/site-packages/airflow/example_dags/example_task_group_decorator.py
[2022-04-30 21:13:54,730] {processor.py:642} INFO - Processing file /home/airflow/.local/lib/python3.7/site-packages/airflow/example_dags/example_task_group_decorator.py for tasks to queue
[2022-04-30 21:13:54,732] {logging_mixin.py:109} INFO - [2022-04-30 21:13:54,732] {dagbag.py:500} INFO - Filling up the DagBag from /home/airflow/.local/lib/python3.7/site-packages/airflow/example_dags/example_task_group_decorator.py
[2022-04-30 21:13:54,803] {processor.py:652} INFO - DAG(s) dict_keys(['example_task_group_decorator']) retrieved from /home/airflow/.local/lib/python3.7/site-packages/airflow/example_dags/example_task_group_decorator.py
[2022-04-30 21:13:55,653] {logging_mixin.py:109} INFO - [2022-04-30 21:13:55,653] {dag.py:2398} INFO - Sync 1 DAGs
[2022-04-30 21:13:55,687] {logging_mixin.py:109} INFO - [2022-04-30 21:13:55,686] {dag.py:2937} INFO - Setting next_dagrun for example_task_group_decorator to 2022-04-29T21:13:55.686494+00:00
[2022-04-30 21:13:55,710] {processor.py:171} INFO - Processing /home/airflow/.local/lib/python3.7/site-packages/airflow/example_dags/example_task_group_decorator.py took 0.988 seconds
[2022-04-30 21:14:25,962] {processor.py:163} INFO - Started process (PID=92) to work on /home/airflow/.local/lib/python3.7/site-packages/airflow/example_dags/example_task_group_decorator.py
[2022-04-30 21:14:25,965] {processor.py:642} INFO - Processing file /home/airflow/.local/lib/python3.7/site-packages/airflow/example_dags/example_task_group_decorator.py for tasks to queue
[2022-04-30 21:14:25,966] {logging_mixin.py:109} INFO - [2022-04-30 21:14:25,966] {dagbag.py:500} INFO - Filling up the DagBag from /home/airflow/.local/lib/python3.7/site-packages/airflow/example_dags/example_task_group_decorator.py
[2022-04-30 21:14:25,993] {processor.py:652} INFO - DAG(s) dict_keys(['example_task_group_decorator']) retrieved from /home/airflow/.local/lib/python3.7/site-packages/airflow/example_dags/example_task_group_decorator.py
[2022-04-30 21:14:26,306] {logging_mixin.py:109} INFO - [2022-04-30 21:14:26,306] {dag.py:2398} INFO - Sync 1 DAGs
[2022-04-30 21:14:26,322] {logging_mixin.py:109} INFO - [2022-04-30 21:14:26,321] {dag.py:2937} INFO - Setting next_dagrun for example_task_group_decorator to 2022-04-29T21:14:26.321767+00:00
[2022-04-30 21:14:26,334] {processor.py:171} INFO - Processing /home/airflow/.local/lib/python3.7/site-packages/airflow/example_dags/example_task_group_decorator.py took 0.375 seconds
