[2022-04-30 21:08:24,403] {processor.py:163} INFO - Started process (PID=150) to work on /home/airflow/.local/lib/python3.7/site-packages/airflow/example_dags/tutorial_etl_dag.py
[2022-04-30 21:08:24,415] {processor.py:642} INFO - Processing file /home/airflow/.local/lib/python3.7/site-packages/airflow/example_dags/tutorial_etl_dag.py for tasks to queue
[2022-04-30 21:08:24,436] {logging_mixin.py:109} INFO - [2022-04-30 21:08:24,435] {dagbag.py:500} INFO - Filling up the DagBag from /home/airflow/.local/lib/python3.7/site-packages/airflow/example_dags/tutorial_etl_dag.py
[2022-04-30 21:08:24,696] {processor.py:652} INFO - DAG(s) dict_keys(['tutorial_etl_dag']) retrieved from /home/airflow/.local/lib/python3.7/site-packages/airflow/example_dags/tutorial_etl_dag.py
[2022-04-30 21:08:27,835] {logging_mixin.py:109} INFO - [2022-04-30 21:08:27,835] {process_utils.py:237} INFO - Waiting up to 5 seconds for processes to exit...
[2022-04-30 21:09:59,682] {processor.py:163} INFO - Started process (PID=58) to work on /home/airflow/.local/lib/python3.7/site-packages/airflow/example_dags/tutorial_etl_dag.py
[2022-04-30 21:09:59,688] {processor.py:642} INFO - Processing file /home/airflow/.local/lib/python3.7/site-packages/airflow/example_dags/tutorial_etl_dag.py for tasks to queue
[2022-04-30 21:09:59,691] {logging_mixin.py:109} INFO - [2022-04-30 21:09:59,690] {dagbag.py:500} INFO - Filling up the DagBag from /home/airflow/.local/lib/python3.7/site-packages/airflow/example_dags/tutorial_etl_dag.py
[2022-04-30 21:09:59,738] {processor.py:652} INFO - DAG(s) dict_keys(['tutorial_etl_dag']) retrieved from /home/airflow/.local/lib/python3.7/site-packages/airflow/example_dags/tutorial_etl_dag.py
[2022-04-30 21:10:03,009] {logging_mixin.py:109} INFO - [2022-04-30 21:10:03,009] {manager.py:496} INFO - Created Permission View: can edit on DAG:tutorial_etl_dag
[2022-04-30 21:10:03,029] {logging_mixin.py:109} INFO - [2022-04-30 21:10:03,029] {manager.py:496} INFO - Created Permission View: can read on DAG:tutorial_etl_dag
[2022-04-30 21:10:03,030] {logging_mixin.py:109} INFO - [2022-04-30 21:10:03,030] {dag.py:2398} INFO - Sync 1 DAGs
[2022-04-30 21:10:03,039] {logging_mixin.py:109} INFO - [2022-04-30 21:10:03,039] {dag.py:2417} INFO - Creating ORM DAG for tutorial_etl_dag
[2022-04-30 21:10:03,052] {logging_mixin.py:109} INFO - [2022-04-30 21:10:03,052] {dag.py:2937} INFO - Setting next_dagrun for tutorial_etl_dag to None
[2022-04-30 21:10:03,068] {processor.py:171} INFO - Processing /home/airflow/.local/lib/python3.7/site-packages/airflow/example_dags/tutorial_etl_dag.py took 3.391 seconds
[2022-04-30 21:10:33,550] {processor.py:163} INFO - Started process (PID=157) to work on /home/airflow/.local/lib/python3.7/site-packages/airflow/example_dags/tutorial_etl_dag.py
[2022-04-30 21:10:33,563] {processor.py:642} INFO - Processing file /home/airflow/.local/lib/python3.7/site-packages/airflow/example_dags/tutorial_etl_dag.py for tasks to queue
[2022-04-30 21:10:33,569] {logging_mixin.py:109} INFO - [2022-04-30 21:10:33,569] {dagbag.py:500} INFO - Filling up the DagBag from /home/airflow/.local/lib/python3.7/site-packages/airflow/example_dags/tutorial_etl_dag.py
[2022-04-30 21:10:33,616] {processor.py:652} INFO - DAG(s) dict_keys(['tutorial_etl_dag']) retrieved from /home/airflow/.local/lib/python3.7/site-packages/airflow/example_dags/tutorial_etl_dag.py
[2022-04-30 21:10:33,654] {logging_mixin.py:109} INFO - [2022-04-30 21:10:33,654] {dag.py:2398} INFO - Sync 1 DAGs
[2022-04-30 21:10:33,679] {logging_mixin.py:109} INFO - [2022-04-30 21:10:33,678] {dag.py:2937} INFO - Setting next_dagrun for tutorial_etl_dag to None
[2022-04-30 21:10:33,693] {processor.py:171} INFO - Processing /home/airflow/.local/lib/python3.7/site-packages/airflow/example_dags/tutorial_etl_dag.py took 0.163 seconds
[2022-04-30 21:11:03,893] {processor.py:163} INFO - Started process (PID=219) to work on /home/airflow/.local/lib/python3.7/site-packages/airflow/example_dags/tutorial_etl_dag.py
[2022-04-30 21:11:03,894] {processor.py:642} INFO - Processing file /home/airflow/.local/lib/python3.7/site-packages/airflow/example_dags/tutorial_etl_dag.py for tasks to queue
[2022-04-30 21:11:03,896] {logging_mixin.py:109} INFO - [2022-04-30 21:11:03,896] {dagbag.py:500} INFO - Filling up the DagBag from /home/airflow/.local/lib/python3.7/site-packages/airflow/example_dags/tutorial_etl_dag.py
[2022-04-30 21:11:03,915] {processor.py:652} INFO - DAG(s) dict_keys(['tutorial_etl_dag']) retrieved from /home/airflow/.local/lib/python3.7/site-packages/airflow/example_dags/tutorial_etl_dag.py
[2022-04-30 21:11:03,935] {logging_mixin.py:109} INFO - [2022-04-30 21:11:03,935] {dag.py:2398} INFO - Sync 1 DAGs
[2022-04-30 21:11:03,978] {logging_mixin.py:109} INFO - [2022-04-30 21:11:03,978] {dag.py:2937} INFO - Setting next_dagrun for tutorial_etl_dag to None
[2022-04-30 21:11:03,989] {processor.py:171} INFO - Processing /home/airflow/.local/lib/python3.7/site-packages/airflow/example_dags/tutorial_etl_dag.py took 0.099 seconds
[2022-04-30 21:11:34,087] {processor.py:163} INFO - Started process (PID=271) to work on /home/airflow/.local/lib/python3.7/site-packages/airflow/example_dags/tutorial_etl_dag.py
[2022-04-30 21:11:34,090] {processor.py:642} INFO - Processing file /home/airflow/.local/lib/python3.7/site-packages/airflow/example_dags/tutorial_etl_dag.py for tasks to queue
[2022-04-30 21:11:34,091] {logging_mixin.py:109} INFO - [2022-04-30 21:11:34,091] {dagbag.py:500} INFO - Filling up the DagBag from /home/airflow/.local/lib/python3.7/site-packages/airflow/example_dags/tutorial_etl_dag.py
[2022-04-30 21:11:34,118] {processor.py:652} INFO - DAG(s) dict_keys(['tutorial_etl_dag']) retrieved from /home/airflow/.local/lib/python3.7/site-packages/airflow/example_dags/tutorial_etl_dag.py
[2022-04-30 21:11:34,155] {logging_mixin.py:109} INFO - [2022-04-30 21:11:34,155] {dag.py:2398} INFO - Sync 1 DAGs
[2022-04-30 21:11:34,187] {logging_mixin.py:109} INFO - [2022-04-30 21:11:34,186] {dag.py:2937} INFO - Setting next_dagrun for tutorial_etl_dag to None
[2022-04-30 21:11:34,206] {processor.py:171} INFO - Processing /home/airflow/.local/lib/python3.7/site-packages/airflow/example_dags/tutorial_etl_dag.py took 0.125 seconds
[2022-04-30 21:12:04,748] {processor.py:163} INFO - Started process (PID=333) to work on /home/airflow/.local/lib/python3.7/site-packages/airflow/example_dags/tutorial_etl_dag.py
[2022-04-30 21:12:04,749] {processor.py:642} INFO - Processing file /home/airflow/.local/lib/python3.7/site-packages/airflow/example_dags/tutorial_etl_dag.py for tasks to queue
[2022-04-30 21:12:04,751] {logging_mixin.py:109} INFO - [2022-04-30 21:12:04,750] {dagbag.py:500} INFO - Filling up the DagBag from /home/airflow/.local/lib/python3.7/site-packages/airflow/example_dags/tutorial_etl_dag.py
[2022-04-30 21:12:04,767] {processor.py:652} INFO - DAG(s) dict_keys(['tutorial_etl_dag']) retrieved from /home/airflow/.local/lib/python3.7/site-packages/airflow/example_dags/tutorial_etl_dag.py
[2022-04-30 21:12:04,787] {logging_mixin.py:109} INFO - [2022-04-30 21:12:04,786] {dag.py:2398} INFO - Sync 1 DAGs
[2022-04-30 21:12:04,800] {logging_mixin.py:109} INFO - [2022-04-30 21:12:04,800] {dag.py:2937} INFO - Setting next_dagrun for tutorial_etl_dag to None
[2022-04-30 21:12:04,810] {processor.py:171} INFO - Processing /home/airflow/.local/lib/python3.7/site-packages/airflow/example_dags/tutorial_etl_dag.py took 0.067 seconds
[2022-04-30 21:13:58,317] {processor.py:163} INFO - Started process (PID=57) to work on /home/airflow/.local/lib/python3.7/site-packages/airflow/example_dags/tutorial_etl_dag.py
[2022-04-30 21:13:58,322] {processor.py:642} INFO - Processing file /home/airflow/.local/lib/python3.7/site-packages/airflow/example_dags/tutorial_etl_dag.py for tasks to queue
[2022-04-30 21:13:58,327] {logging_mixin.py:109} INFO - [2022-04-30 21:13:58,327] {dagbag.py:500} INFO - Filling up the DagBag from /home/airflow/.local/lib/python3.7/site-packages/airflow/example_dags/tutorial_etl_dag.py
[2022-04-30 21:13:58,367] {processor.py:652} INFO - DAG(s) dict_keys(['tutorial_etl_dag']) retrieved from /home/airflow/.local/lib/python3.7/site-packages/airflow/example_dags/tutorial_etl_dag.py
[2022-04-30 21:13:58,414] {logging_mixin.py:109} INFO - [2022-04-30 21:13:58,414] {dag.py:2398} INFO - Sync 1 DAGs
[2022-04-30 21:13:58,465] {logging_mixin.py:109} INFO - [2022-04-30 21:13:58,465] {dag.py:2937} INFO - Setting next_dagrun for tutorial_etl_dag to None
[2022-04-30 21:13:58,497] {processor.py:171} INFO - Processing /home/airflow/.local/lib/python3.7/site-packages/airflow/example_dags/tutorial_etl_dag.py took 0.186 seconds
[2022-04-30 21:14:28,860] {processor.py:163} INFO - Started process (PID=107) to work on /home/airflow/.local/lib/python3.7/site-packages/airflow/example_dags/tutorial_etl_dag.py
[2022-04-30 21:14:28,865] {processor.py:642} INFO - Processing file /home/airflow/.local/lib/python3.7/site-packages/airflow/example_dags/tutorial_etl_dag.py for tasks to queue
[2022-04-30 21:14:28,868] {logging_mixin.py:109} INFO - [2022-04-30 21:14:28,868] {dagbag.py:500} INFO - Filling up the DagBag from /home/airflow/.local/lib/python3.7/site-packages/airflow/example_dags/tutorial_etl_dag.py
[2022-04-30 21:14:28,898] {processor.py:652} INFO - DAG(s) dict_keys(['tutorial_etl_dag']) retrieved from /home/airflow/.local/lib/python3.7/site-packages/airflow/example_dags/tutorial_etl_dag.py
[2022-04-30 21:14:28,949] {logging_mixin.py:109} INFO - [2022-04-30 21:14:28,949] {dag.py:2398} INFO - Sync 1 DAGs
[2022-04-30 21:14:28,977] {logging_mixin.py:109} INFO - [2022-04-30 21:14:28,977] {dag.py:2937} INFO - Setting next_dagrun for tutorial_etl_dag to None
[2022-04-30 21:14:28,999] {processor.py:171} INFO - Processing /home/airflow/.local/lib/python3.7/site-packages/airflow/example_dags/tutorial_etl_dag.py took 0.144 seconds
