[2022-04-30 21:07:49,193] {processor.py:163} INFO - Started process (PID=40) to work on /home/airflow/.local/lib/python3.7/site-packages/airflow/example_dags/tutorial.py
[2022-04-30 21:07:49,198] {processor.py:642} INFO - Processing file /home/airflow/.local/lib/python3.7/site-packages/airflow/example_dags/tutorial.py for tasks to queue
[2022-04-30 21:07:49,200] {logging_mixin.py:109} INFO - [2022-04-30 21:07:49,200] {dagbag.py:500} INFO - Filling up the DagBag from /home/airflow/.local/lib/python3.7/site-packages/airflow/example_dags/tutorial.py
[2022-04-30 21:07:49,275] {processor.py:652} INFO - DAG(s) dict_keys(['tutorial']) retrieved from /home/airflow/.local/lib/python3.7/site-packages/airflow/example_dags/tutorial.py
[2022-04-30 21:07:58,975] {logging_mixin.py:109} INFO - [2022-04-30 21:07:58,975] {manager.py:496} INFO - Created Permission View: can edit on DAG:tutorial
[2022-04-30 21:07:59,005] {logging_mixin.py:109} INFO - [2022-04-30 21:07:59,005] {manager.py:496} INFO - Created Permission View: can read on DAG:tutorial
[2022-04-30 21:07:59,007] {logging_mixin.py:109} INFO - [2022-04-30 21:07:59,007] {dag.py:2398} INFO - Sync 1 DAGs
[2022-04-30 21:07:59,026] {logging_mixin.py:109} INFO - [2022-04-30 21:07:59,025] {dag.py:2417} INFO - Creating ORM DAG for tutorial
[2022-04-30 21:07:59,055] {logging_mixin.py:109} INFO - [2022-04-30 21:07:59,055] {dag.py:2937} INFO - Setting next_dagrun for tutorial to 2022-04-29T21:07:59.055130+00:00
[2022-04-30 21:07:59,087] {processor.py:171} INFO - Processing /home/airflow/.local/lib/python3.7/site-packages/airflow/example_dags/tutorial.py took 9.919 seconds
[2022-04-30 21:09:56,047] {processor.py:163} INFO - Started process (PID=31) to work on /home/airflow/.local/lib/python3.7/site-packages/airflow/example_dags/tutorial.py
[2022-04-30 21:09:56,049] {processor.py:642} INFO - Processing file /home/airflow/.local/lib/python3.7/site-packages/airflow/example_dags/tutorial.py for tasks to queue
[2022-04-30 21:09:56,051] {logging_mixin.py:109} INFO - [2022-04-30 21:09:56,051] {dagbag.py:500} INFO - Filling up the DagBag from /home/airflow/.local/lib/python3.7/site-packages/airflow/example_dags/tutorial.py
[2022-04-30 21:09:56,091] {processor.py:652} INFO - DAG(s) dict_keys(['tutorial']) retrieved from /home/airflow/.local/lib/python3.7/site-packages/airflow/example_dags/tutorial.py
[2022-04-30 21:09:56,123] {logging_mixin.py:109} INFO - [2022-04-30 21:09:56,123] {dag.py:2398} INFO - Sync 1 DAGs
[2022-04-30 21:09:56,150] {logging_mixin.py:109} INFO - [2022-04-30 21:09:56,150] {dag.py:2937} INFO - Setting next_dagrun for tutorial to 2022-04-29T21:09:56.149755+00:00
[2022-04-30 21:09:56,168] {processor.py:171} INFO - Processing /home/airflow/.local/lib/python3.7/site-packages/airflow/example_dags/tutorial.py took 0.138 seconds
[2022-04-30 21:10:26,401] {processor.py:163} INFO - Started process (PID=139) to work on /home/airflow/.local/lib/python3.7/site-packages/airflow/example_dags/tutorial.py
[2022-04-30 21:10:26,403] {processor.py:642} INFO - Processing file /home/airflow/.local/lib/python3.7/site-packages/airflow/example_dags/tutorial.py for tasks to queue
[2022-04-30 21:10:26,405] {logging_mixin.py:109} INFO - [2022-04-30 21:10:26,405] {dagbag.py:500} INFO - Filling up the DagBag from /home/airflow/.local/lib/python3.7/site-packages/airflow/example_dags/tutorial.py
[2022-04-30 21:10:26,422] {processor.py:652} INFO - DAG(s) dict_keys(['tutorial']) retrieved from /home/airflow/.local/lib/python3.7/site-packages/airflow/example_dags/tutorial.py
[2022-04-30 21:10:26,466] {logging_mixin.py:109} INFO - [2022-04-30 21:10:26,465] {dag.py:2398} INFO - Sync 1 DAGs
[2022-04-30 21:10:26,484] {logging_mixin.py:109} INFO - [2022-04-30 21:10:26,484] {dag.py:2937} INFO - Setting next_dagrun for tutorial to 2022-04-29T21:10:26.483934+00:00
[2022-04-30 21:10:26,500] {processor.py:171} INFO - Processing /home/airflow/.local/lib/python3.7/site-packages/airflow/example_dags/tutorial.py took 0.103 seconds
[2022-04-30 21:10:56,693] {processor.py:163} INFO - Started process (PID=190) to work on /home/airflow/.local/lib/python3.7/site-packages/airflow/example_dags/tutorial.py
[2022-04-30 21:10:56,695] {processor.py:642} INFO - Processing file /home/airflow/.local/lib/python3.7/site-packages/airflow/example_dags/tutorial.py for tasks to queue
[2022-04-30 21:10:56,696] {logging_mixin.py:109} INFO - [2022-04-30 21:10:56,696] {dagbag.py:500} INFO - Filling up the DagBag from /home/airflow/.local/lib/python3.7/site-packages/airflow/example_dags/tutorial.py
[2022-04-30 21:10:56,713] {processor.py:652} INFO - DAG(s) dict_keys(['tutorial']) retrieved from /home/airflow/.local/lib/python3.7/site-packages/airflow/example_dags/tutorial.py
[2022-04-30 21:10:56,735] {logging_mixin.py:109} INFO - [2022-04-30 21:10:56,735] {dag.py:2398} INFO - Sync 1 DAGs
[2022-04-30 21:10:56,751] {logging_mixin.py:109} INFO - [2022-04-30 21:10:56,750] {dag.py:2937} INFO - Setting next_dagrun for tutorial to 2022-04-29T21:10:56.750684+00:00
[2022-04-30 21:10:56,761] {processor.py:171} INFO - Processing /home/airflow/.local/lib/python3.7/site-packages/airflow/example_dags/tutorial.py took 0.071 seconds
[2022-04-30 21:11:26,902] {processor.py:163} INFO - Started process (PID=253) to work on /home/airflow/.local/lib/python3.7/site-packages/airflow/example_dags/tutorial.py
[2022-04-30 21:11:26,905] {processor.py:642} INFO - Processing file /home/airflow/.local/lib/python3.7/site-packages/airflow/example_dags/tutorial.py for tasks to queue
[2022-04-30 21:11:26,906] {logging_mixin.py:109} INFO - [2022-04-30 21:11:26,906] {dagbag.py:500} INFO - Filling up the DagBag from /home/airflow/.local/lib/python3.7/site-packages/airflow/example_dags/tutorial.py
[2022-04-30 21:11:26,924] {processor.py:652} INFO - DAG(s) dict_keys(['tutorial']) retrieved from /home/airflow/.local/lib/python3.7/site-packages/airflow/example_dags/tutorial.py
[2022-04-30 21:11:26,945] {logging_mixin.py:109} INFO - [2022-04-30 21:11:26,945] {dag.py:2398} INFO - Sync 1 DAGs
[2022-04-30 21:11:26,961] {logging_mixin.py:109} INFO - [2022-04-30 21:11:26,961] {dag.py:2937} INFO - Setting next_dagrun for tutorial to 2022-04-29T21:11:26.961530+00:00
[2022-04-30 21:11:26,972] {processor.py:171} INFO - Processing /home/airflow/.local/lib/python3.7/site-packages/airflow/example_dags/tutorial.py took 0.073 seconds
[2022-04-30 21:11:57,233] {processor.py:163} INFO - Started process (PID=304) to work on /home/airflow/.local/lib/python3.7/site-packages/airflow/example_dags/tutorial.py
[2022-04-30 21:11:57,234] {processor.py:642} INFO - Processing file /home/airflow/.local/lib/python3.7/site-packages/airflow/example_dags/tutorial.py for tasks to queue
[2022-04-30 21:11:57,236] {logging_mixin.py:109} INFO - [2022-04-30 21:11:57,235] {dagbag.py:500} INFO - Filling up the DagBag from /home/airflow/.local/lib/python3.7/site-packages/airflow/example_dags/tutorial.py
[2022-04-30 21:11:57,252] {processor.py:652} INFO - DAG(s) dict_keys(['tutorial']) retrieved from /home/airflow/.local/lib/python3.7/site-packages/airflow/example_dags/tutorial.py
[2022-04-30 21:11:57,272] {logging_mixin.py:109} INFO - [2022-04-30 21:11:57,272] {dag.py:2398} INFO - Sync 1 DAGs
[2022-04-30 21:11:57,290] {logging_mixin.py:109} INFO - [2022-04-30 21:11:57,290] {dag.py:2937} INFO - Setting next_dagrun for tutorial to 2022-04-29T21:11:57.290106+00:00
[2022-04-30 21:11:57,301] {processor.py:171} INFO - Processing /home/airflow/.local/lib/python3.7/site-packages/airflow/example_dags/tutorial.py took 0.074 seconds
[2022-04-30 21:13:54,059] {processor.py:163} INFO - Started process (PID=39) to work on /home/airflow/.local/lib/python3.7/site-packages/airflow/example_dags/tutorial.py
[2022-04-30 21:13:54,067] {processor.py:642} INFO - Processing file /home/airflow/.local/lib/python3.7/site-packages/airflow/example_dags/tutorial.py for tasks to queue
[2022-04-30 21:13:54,076] {logging_mixin.py:109} INFO - [2022-04-30 21:13:54,070] {dagbag.py:500} INFO - Filling up the DagBag from /home/airflow/.local/lib/python3.7/site-packages/airflow/example_dags/tutorial.py
[2022-04-30 21:13:54,194] {processor.py:652} INFO - DAG(s) dict_keys(['tutorial']) retrieved from /home/airflow/.local/lib/python3.7/site-packages/airflow/example_dags/tutorial.py
[2022-04-30 21:13:54,253] {logging_mixin.py:109} INFO - [2022-04-30 21:13:54,253] {dag.py:2398} INFO - Sync 1 DAGs
[2022-04-30 21:13:54,302] {logging_mixin.py:109} INFO - [2022-04-30 21:13:54,302] {dag.py:2937} INFO - Setting next_dagrun for tutorial to 2022-04-29T21:13:54.301314+00:00
[2022-04-30 21:13:54,327] {processor.py:171} INFO - Processing /home/airflow/.local/lib/python3.7/site-packages/airflow/example_dags/tutorial.py took 0.281 seconds
[2022-04-30 21:14:24,513] {processor.py:163} INFO - Started process (PID=89) to work on /home/airflow/.local/lib/python3.7/site-packages/airflow/example_dags/tutorial.py
[2022-04-30 21:14:24,514] {processor.py:642} INFO - Processing file /home/airflow/.local/lib/python3.7/site-packages/airflow/example_dags/tutorial.py for tasks to queue
[2022-04-30 21:14:24,515] {logging_mixin.py:109} INFO - [2022-04-30 21:14:24,515] {dagbag.py:500} INFO - Filling up the DagBag from /home/airflow/.local/lib/python3.7/site-packages/airflow/example_dags/tutorial.py
[2022-04-30 21:14:24,529] {processor.py:652} INFO - DAG(s) dict_keys(['tutorial']) retrieved from /home/airflow/.local/lib/python3.7/site-packages/airflow/example_dags/tutorial.py
[2022-04-30 21:14:24,550] {logging_mixin.py:109} INFO - [2022-04-30 21:14:24,550] {dag.py:2398} INFO - Sync 1 DAGs
[2022-04-30 21:14:24,564] {logging_mixin.py:109} INFO - [2022-04-30 21:14:24,564] {dag.py:2937} INFO - Setting next_dagrun for tutorial to 2022-04-29T21:14:24.564411+00:00
[2022-04-30 21:14:24,574] {processor.py:171} INFO - Processing /home/airflow/.local/lib/python3.7/site-packages/airflow/example_dags/tutorial.py took 0.064 seconds
